#
# There is insufficient memory for the Java Runtime Environment to continue.
# Native memory allocation (malloc) failed to allocate 1084896 bytes for Chunk::new
# Possible reasons:
#   The system is out of physical RAM or swap space
#   The process is running with CompressedOops enabled, and the Java Heap may be blocking the growth of the native heap
# Possible solutions:
#   Reduce memory load on the system
#   Increase physical memory or swap space
#   Check if swap backing store is full
#   Decrease Java heap size (-Xmx/-Xms)
#   Decrease number of Java threads
#   Decrease Java thread stack sizes (-Xss)
#   Set larger code cache with -XX:ReservedCodeCacheSize=
#   JVM is running with Unscaled Compressed Oops mode in which the Java heap is
#     placed in the first 4GB address space. The Java Heap base address is the
#     maximum limit for the native heap growth. Please use -XX:HeapBaseMinAddress
#     to set the Java Heap base and to place the Java Heap above 4GB virtual address.
# This output file may be truncated or incomplete.
#
#  Out of Memory Error (arena.cpp:189), pid=15964, tid=3752
#
# JRE version: Java(TM) SE Runtime Environment (17.0.10+11) (build 17.0.10+11-LTS-240)
# Java VM: Java HotSpot(TM) 64-Bit Server VM (17.0.10+11-LTS-240, mixed mode, sharing, tiered, compressed oops, compressed class ptrs, g1 gc, windows-amd64)
# No core dump will be written. Minidumps are not enabled by default on client versions of Windows
#

---------------  S U M M A R Y ------------

Command Line: --add-opens=java.base/java.lang=ALL-UNNAMED --add-opens=java.base/java.lang.invoke=ALL-UNNAMED --add-opens=java.base/java.util=ALL-UNNAMED --add-opens=java.prefs/java.util.prefs=ALL-UNNAMED --add-exports=jdk.compiler/com.sun.tools.javac.api=ALL-UNNAMED --add-exports=jdk.compiler/com.sun.tools.javac.util=ALL-UNNAMED --add-opens=java.base/java.util=ALL-UNNAMED --add-opens=java.prefs/java.util.prefs=ALL-UNNAMED --add-opens=java.base/java.nio.charset=ALL-UNNAMED --add-opens=java.base/java.net=ALL-UNNAMED --add-opens=java.base/java.util.concurrent.atomic=ALL-UNNAMED --add-opens=java.xml/javax.xml.namespace=ALL-UNNAMED -XX:MaxMetaspaceSize=384m -XX:+HeapDumpOnOutOfMemoryError -Xms256m -Xmx512m -Dfile.encoding=UTF-8 -Duser.country=US -Duser.language=en -Duser.variant -javaagent:C:\Users\HP\.gradle\wrapper\dists\gradle-8.12.1-bin\eumc4uhoysa37zql93vfjkxy0\gradle-8.12.1\lib\agents\gradle-instrumentation-agent-8.12.1.jar org.gradle.launcher.daemon.bootstrap.GradleDaemon 8.12.1

Host: 12th Gen Intel(R) Core(TM) i7-1255U, 12 cores, 7G,  Windows 11 , 64 bit Build 22000 (10.0.22000.2538)
Time: Mon Feb 24 17:18:51 2025 SE Asia Standard Time elapsed time: 7.182029 seconds (0d 0h 0m 7s)

---------------  T H R E A D  ---------------

Current thread (0x0000021eff19f0d0):  JavaThread "C2 CompilerThread0" daemon [_thread_in_native, id=3752, stack(0x00000065f0700000,0x00000065f0800000)]


Current CompileTask:
C2:   7182 5979 %     4       groovy.lang.MetaClassImpl::inheritInterfaceNewMetaMethods @ 100 (195 bytes)

Stack: [0x00000065f0700000,0x00000065f0800000]
Native frames: (J=compiled Java code, j=interpreted, Vv=VM code, C=native code)
V  [jvm.dll+0x677a5a]
V  [jvm.dll+0x7d8b2d]
V  [jvm.dll+0x7da48e]
V  [jvm.dll+0x7daaf3]
V  [jvm.dll+0x2455ff]
V  [jvm.dll+0xaaafb]
V  [jvm.dll+0xab09c]
V  [jvm.dll+0x2aafef]
V  [jvm.dll+0x57fd55]
V  [jvm.dll+0x220472]
V  [jvm.dll+0x22084f]
V  [jvm.dll+0x2197a6]
V  [jvm.dll+0x216c79]
V  [jvm.dll+0x1a3410]
V  [jvm.dll+0x226aeb]
V  [jvm.dll+0x224cab]
V  [jvm.dll+0x78e45c]
V  [jvm.dll+0x78888a]
V  [jvm.dll+0x676935]
C  [ucrtbase.dll+0x26c0c]
C  [KERNEL32.DLL+0x153e0]
C  [ntdll.dll+0x485b]


---------------  P R O C E S S  ---------------

Threads class SMR info:
_java_thread_list=0x0000021e9b11df30, length=78, elements={
0x0000021ee6443ea0, 0x0000021eff180bb0, 0x0000021eff181940, 0x0000021eff19c9b0,
0x0000021eff19d280, 0x0000021eff19db50, 0x0000021eff19e420, 0x0000021eff19f0d0,
0x0000021eff19fa90, 0x0000021eff1aa3c0, 0x0000021eff16e1b0, 0x0000021eff3ce0c0,
0x0000021eff4fb3a0, 0x0000021e9b6e43d0, 0x0000021e9c100030, 0x0000021e9c119230,
0x0000021eff63ef40, 0x0000021e9c334ca0, 0x0000021e9c2a5470, 0x0000021e9c2a68b0,
0x0000021e9c2a6dc0, 0x0000021e9c2a77e0, 0x0000021e9c2a72d0, 0x0000021e9c2a5e90,
0x0000021e9c2a4540, 0x0000021e9c2a4030, 0x0000021e9c2a63a0, 0x0000021e9c2a4a50,
0x0000021e9c2a5980, 0x0000021e9ceb3900, 0x0000021e9ceadde0, 0x0000021e9ceafc40,
0x0000021e9ceb29d0, 0x0000021e9e24f070, 0x0000021e9ceb0150, 0x0000021e9ceb33f0,
0x0000021e9ceb0660, 0x0000021e9ceb1590, 0x0000021e9cead8d0, 0x0000021e9ceb2ee0,
0x0000021e9ceb1080, 0x0000021e9ceb3e10, 0x0000021e9ceb0b70, 0x0000021e9ceb1fb0,
0x0000021e9ceae2f0, 0x0000021e9ceb24c0, 0x0000021e9ceb4320, 0x0000021e9ceaceb0,
0x0000021e9ceb4830, 0x0000021e9cead3c0, 0x0000021e9ceae800, 0x0000021e9ceaed10,
0x0000021e9ceaf220, 0x0000021effdcb7c0, 0x0000021effdc8010, 0x0000021effdc9e70,
0x0000021effdca890, 0x0000021effdc9450, 0x0000021effdcbcd0, 0x0000021effdc8a30,
0x0000021effdc66c0, 0x0000021effdc61b0, 0x0000021effdc9960, 0x0000021effdcada0,
0x0000021effdc5790, 0x0000021effdc6bd0, 0x0000021effdc70e0, 0x0000021effdcc1e0,
0x0000021effdc75f0, 0x0000021effdc7b00, 0x0000021effdcb2b0, 0x0000021effdcc6f0,
0x0000021effdc8520, 0x0000021effdc8f40, 0x0000021effdca380, 0x0000021effdccc00,
0x0000021effdcd110, 0x0000021effdc5ca0
}

Java Threads: ( => current thread )
  0x0000021ee6443ea0 JavaThread "main" [_thread_blocked, id=9820, stack(0x00000065efa00000,0x00000065efb00000)]
  0x0000021eff180bb0 JavaThread "Reference Handler" daemon [_thread_blocked, id=6308, stack(0x00000065f0100000,0x00000065f0200000)]
  0x0000021eff181940 JavaThread "Finalizer" daemon [_thread_blocked, id=7200, stack(0x00000065f0200000,0x00000065f0300000)]
  0x0000021eff19c9b0 JavaThread "Signal Dispatcher" daemon [_thread_blocked, id=6796, stack(0x00000065f0300000,0x00000065f0400000)]
  0x0000021eff19d280 JavaThread "Attach Listener" daemon [_thread_blocked, id=12316, stack(0x00000065f0400000,0x00000065f0500000)]
  0x0000021eff19db50 JavaThread "Service Thread" daemon [_thread_blocked, id=15564, stack(0x00000065f0500000,0x00000065f0600000)]
  0x0000021eff19e420 JavaThread "Monitor Deflation Thread" daemon [_thread_blocked, id=16648, stack(0x00000065f0600000,0x00000065f0700000)]
=>0x0000021eff19f0d0 JavaThread "C2 CompilerThread0" daemon [_thread_in_native, id=3752, stack(0x00000065f0700000,0x00000065f0800000)]
  0x0000021eff19fa90 JavaThread "C1 CompilerThread0" daemon [_thread_blocked, id=7616, stack(0x00000065f0800000,0x00000065f0900000)]
  0x0000021eff1aa3c0 JavaThread "Sweeper thread" daemon [_thread_blocked, id=10712, stack(0x00000065f0900000,0x00000065f0a00000)]
  0x0000021eff16e1b0 JavaThread "Common-Cleaner" daemon [_thread_blocked, id=13684, stack(0x00000065f0a00000,0x00000065f0b00000)]
  0x0000021eff3ce0c0 JavaThread "C2 CompilerThread1" daemon [_thread_in_native, id=9932, stack(0x00000065f0b00000,0x00000065f0c00000)]
  0x0000021eff4fb3a0 JavaThread "Notification Thread" daemon [_thread_blocked, id=1296, stack(0x00000065f0c00000,0x00000065f0d00000)]
  0x0000021e9b6e43d0 JavaThread "Daemon health stats" [_thread_blocked, id=6840, stack(0x00000065f0e00000,0x00000065f0f00000)]
  0x0000021e9c100030 JavaThread "Incoming local TCP Connector on port 52037" [_thread_in_native, id=2084, stack(0x00000065f1400000,0x00000065f1500000)]
  0x0000021e9c119230 JavaThread "Daemon periodic checks" [_thread_blocked, id=6816, stack(0x00000065f1500000,0x00000065f1600000)]
  0x0000021eff63ef40 JavaThread "Daemon" [_thread_blocked, id=5984, stack(0x00000065f1600000,0x00000065f1700000)]
  0x0000021e9c334ca0 JavaThread "Handler for socket connection from /127.0.0.1:52037 to /127.0.0.1:52038" [_thread_in_native, id=5416, stack(0x00000065f1700000,0x00000065f1800000)]
  0x0000021e9c2a5470 JavaThread "Cancel handler" [_thread_blocked, id=4052, stack(0x00000065f1800000,0x00000065f1900000)]
  0x0000021e9c2a68b0 JavaThread "Daemon worker" [_thread_in_vm, id=14256, stack(0x00000065f1900000,0x00000065f1a00000)]
  0x0000021e9c2a6dc0 JavaThread "Asynchronous log dispatcher for DefaultDaemonConnection: socket connection from /127.0.0.1:52037 to /127.0.0.1:52038" [_thread_blocked, id=16984, stack(0x00000065f1a00000,0x00000065f1b00000)]
  0x0000021e9c2a77e0 JavaThread "Stdin handler" [_thread_blocked, id=16724, stack(0x00000065f1b00000,0x00000065f1c00000)]
  0x0000021e9c2a72d0 JavaThread "Daemon client event forwarder" [_thread_blocked, id=9576, stack(0x00000065f1c00000,0x00000065f1d00000)]
  0x0000021e9c2a5e90 JavaThread "Cache worker for journal cache (C:\Users\HP\.gradle\caches\journal-1)" [_thread_blocked, id=7440, stack(0x00000065f1d00000,0x00000065f1e00000)]
  0x0000021e9c2a4540 JavaThread "File lock request listener" [_thread_in_native, id=8696, stack(0x00000065f1e00000,0x00000065f1f00000)]
  0x0000021e9c2a4030 JavaThread "Cache worker for file hash cache (C:\Users\HP\.gradle\caches\8.12.1\fileHashes)" [_thread_blocked, id=11244, stack(0x00000065f1f00000,0x00000065f2000000)]
  0x0000021e9c2a63a0 JavaThread "Cache worker for file hash cache (D:\ProjectPoliqlo\uniqlo\.gradle\8.12.1\fileHashes)" [_thread_blocked, id=15508, stack(0x00000065f2000000,0x00000065f2100000)]
  0x0000021e9c2a4a50 JavaThread "Cache worker for Build Output Cleanup Cache (D:\ProjectPoliqlo\uniqlo\.gradle\buildOutputCleanup)" [_thread_blocked, id=15460, stack(0x00000065f2100000,0x00000065f2200000)]
  0x0000021e9c2a5980 JavaThread "File lock release action executor" [_thread_blocked, id=17356, stack(0x00000065f2800000,0x00000065f2900000)]
  0x0000021e9ceb3900 JavaThread "File watcher server" daemon [_thread_in_native, id=13588, stack(0x00000065f2900000,0x00000065f2a00000)]
  0x0000021e9ceadde0 JavaThread "File watcher consumer" daemon [_thread_blocked, id=4984, stack(0x00000065f2a00000,0x00000065f2b00000)]
  0x0000021e9ceafc40 JavaThread "jar transforms" [_thread_blocked, id=17380, stack(0x00000065f2b00000,0x00000065f2c00000)]
  0x0000021e9ceb29d0 JavaThread "jar transforms Thread 2" [_thread_blocked, id=13960, stack(0x00000065f2c00000,0x00000065f2d00000)]
  0x0000021e9e24f070 JavaThread "C2 CompilerThread2" daemon [_thread_in_native, id=956, stack(0x00000065f2d00000,0x00000065f2e00000)]
  0x0000021e9ceb0150 JavaThread "Cache worker for checksums cache (D:\ProjectPoliqlo\uniqlo\.gradle\8.12.1\checksums)" [_thread_blocked, id=4308, stack(0x00000065f2e00000,0x00000065f2f00000)]
  0x0000021e9ceb33f0 JavaThread "Cache worker for file content cache (C:\Users\HP\.gradle\caches\8.12.1\fileContent)" [_thread_blocked, id=7320, stack(0x00000065f2f00000,0x00000065f3000000)]
  0x0000021e9ceb0660 JavaThread "jar transforms Thread 3" [_thread_blocked, id=3832, stack(0x00000065f3000000,0x00000065f3100000)]
  0x0000021e9ceb1590 JavaThread "jar transforms Thread 4" [_thread_blocked, id=8984, stack(0x00000065f3100000,0x00000065f3200000)]
  0x0000021e9cead8d0 JavaThread "jar transforms Thread 5" [_thread_blocked, id=7384, stack(0x00000065f3200000,0x00000065f3300000)]
  0x0000021e9ceb2ee0 JavaThread "jar transforms Thread 6" [_thread_blocked, id=17124, stack(0x00000065f3300000,0x00000065f3400000)]
  0x0000021e9ceb1080 JavaThread "Cache worker for cache directory md-rule (C:\Users\HP\.gradle\caches\8.12.1\md-rule)" [_thread_blocked, id=16424, stack(0x00000065f3400000,0x00000065f3500000)]
  0x0000021e9ceb3e10 JavaThread "Cache worker for cache directory md-supplier (C:\Users\HP\.gradle\caches\8.12.1\md-supplier)" [_thread_blocked, id=3088, stack(0x00000065f3500000,0x00000065f3600000)]
  0x0000021e9ceb0b70 JavaThread "jar transforms Thread 7" [_thread_blocked, id=16696, stack(0x00000065f3600000,0x00000065f3700000)]
  0x0000021e9ceb1fb0 JavaThread "Unconstrained build operations" [_thread_blocked, id=17216, stack(0x00000065f3700000,0x00000065f3800000)]
  0x0000021e9ceae2f0 JavaThread "Unconstrained build operations Thread 2" [_thread_blocked, id=1732, stack(0x00000065f3800000,0x00000065f3900000)]
  0x0000021e9ceb24c0 JavaThread "Unconstrained build operations Thread 3" [_thread_blocked, id=15284, stack(0x00000065f3900000,0x00000065f3a00000)]
  0x0000021e9ceb4320 JavaThread "Unconstrained build operations Thread 4" [_thread_blocked, id=15960, stack(0x00000065f3a00000,0x00000065f3b00000)]
  0x0000021e9ceaceb0 JavaThread "Unconstrained build operations Thread 5" [_thread_blocked, id=16908, stack(0x00000065f3b00000,0x00000065f3c00000)]
  0x0000021e9ceb4830 JavaThread "Unconstrained build operations Thread 6" [_thread_blocked, id=2056, stack(0x00000065f3c00000,0x00000065f3d00000)]
  0x0000021e9cead3c0 JavaThread "Unconstrained build operations Thread 7" [_thread_blocked, id=12012, stack(0x00000065f3d00000,0x00000065f3e00000)]
  0x0000021e9ceae800 JavaThread "Unconstrained build operations Thread 8" [_thread_blocked, id=5496, stack(0x00000065f3e00000,0x00000065f3f00000)]
  0x0000021e9ceaed10 JavaThread "Unconstrained build operations Thread 9" [_thread_blocked, id=14288, stack(0x00000065f3f00000,0x00000065f4000000)]
  0x0000021e9ceaf220 JavaThread "Unconstrained build operations Thread 10" [_thread_blocked, id=16700, stack(0x00000065f4000000,0x00000065f4100000)]
  0x0000021effdcb7c0 JavaThread "Unconstrained build operations Thread 11" [_thread_blocked, id=9568, stack(0x00000065f4100000,0x00000065f4200000)]
  0x0000021effdc8010 JavaThread "Unconstrained build operations Thread 12" [_thread_blocked, id=6064, stack(0x00000065f4200000,0x00000065f4300000)]
  0x0000021effdc9e70 JavaThread "Unconstrained build operations Thread 13" [_thread_blocked, id=11432, stack(0x00000065f4300000,0x00000065f4400000)]
  0x0000021effdca890 JavaThread "Unconstrained build operations Thread 14" [_thread_blocked, id=16796, stack(0x00000065f4400000,0x00000065f4500000)]
  0x0000021effdc9450 JavaThread "Unconstrained build operations Thread 15" [_thread_blocked, id=5788, stack(0x00000065f4500000,0x00000065f4600000)]
  0x0000021effdcbcd0 JavaThread "Unconstrained build operations Thread 16" [_thread_blocked, id=15836, stack(0x00000065f4600000,0x00000065f4700000)]
  0x0000021effdc8a30 JavaThread "Unconstrained build operations Thread 17" [_thread_blocked, id=16876, stack(0x00000065f4700000,0x00000065f4800000)]
  0x0000021effdc66c0 JavaThread "Unconstrained build operations Thread 18" [_thread_blocked, id=12688, stack(0x00000065f4800000,0x00000065f4900000)]
  0x0000021effdc61b0 JavaThread "Unconstrained build operations Thread 19" [_thread_blocked, id=16540, stack(0x00000065f4900000,0x00000065f4a00000)]
  0x0000021effdc9960 JavaThread "Unconstrained build operations Thread 20" [_thread_blocked, id=11284, stack(0x00000065f4a00000,0x00000065f4b00000)]
  0x0000021effdcada0 JavaThread "Unconstrained build operations Thread 21" [_thread_blocked, id=16720, stack(0x00000065f4b00000,0x00000065f4c00000)]
  0x0000021effdc5790 JavaThread "Unconstrained build operations Thread 22" [_thread_blocked, id=2396, stack(0x00000065f4c00000,0x00000065f4d00000)]
  0x0000021effdc6bd0 JavaThread "Unconstrained build operations Thread 23" [_thread_blocked, id=13124, stack(0x00000065f4d00000,0x00000065f4e00000)]
  0x0000021effdc70e0 JavaThread "Unconstrained build operations Thread 24" [_thread_blocked, id=14264, stack(0x00000065f4e00000,0x00000065f4f00000)]
  0x0000021effdcc1e0 JavaThread "Unconstrained build operations Thread 25" [_thread_blocked, id=12644, stack(0x00000065f4f00000,0x00000065f5000000)]
  0x0000021effdc75f0 JavaThread "Unconstrained build operations Thread 26" [_thread_blocked, id=15440, stack(0x00000065f5000000,0x00000065f5100000)]
  0x0000021effdc7b00 JavaThread "Unconstrained build operations Thread 27" [_thread_blocked, id=10916, stack(0x00000065f5100000,0x00000065f5200000)]
  0x0000021effdcb2b0 JavaThread "Unconstrained build operations Thread 28" [_thread_blocked, id=17036, stack(0x00000065f5200000,0x00000065f5300000)]
  0x0000021effdcc6f0 JavaThread "Unconstrained build operations Thread 29" [_thread_blocked, id=16868, stack(0x00000065f5300000,0x00000065f5400000)]
  0x0000021effdc8520 JavaThread "Unconstrained build operations Thread 30" [_thread_blocked, id=9072, stack(0x00000065f5400000,0x00000065f5500000)]
  0x0000021effdc8f40 JavaThread "Unconstrained build operations Thread 31" [_thread_blocked, id=6696, stack(0x00000065f5500000,0x00000065f5600000)]
  0x0000021effdca380 JavaThread "Unconstrained build operations Thread 32" [_thread_blocked, id=16536, stack(0x00000065f5600000,0x00000065f5700000)]
  0x0000021effdccc00 JavaThread "Unconstrained build operations Thread 33" [_thread_blocked, id=4200, stack(0x00000065f5700000,0x00000065f5800000)]
  0x0000021effdcd110 JavaThread "Memory manager" [_thread_blocked, id=16612, stack(0x00000065f5800000,0x00000065f5900000)]
  0x0000021effdc5ca0 JavaThread "jar transforms Thread 8" [_thread_blocked, id=4852, stack(0x00000065f5a00000,0x00000065f5b00000)]

Other Threads:
  0x0000021eff17d400 VMThread "VM Thread" [stack: 0x00000065f0000000,0x00000065f0100000] [id=8964]
  0x0000021ee6485270 WatcherThread [stack: 0x00000065f0d00000,0x00000065f0e00000] [id=7236]
  0x0000021ee6473c40 GCTaskThread "GC Thread#0" [stack: 0x00000065efb00000,0x00000065efc00000] [id=1608]
  0x0000021effb44740 GCTaskThread "GC Thread#1" [stack: 0x00000065f0f00000,0x00000065f1000000] [id=15092]
  0x0000021effefec70 GCTaskThread "GC Thread#2" [stack: 0x00000065f1000000,0x00000065f1100000] [id=17376]
  0x0000021effae71c0 GCTaskThread "GC Thread#3" [stack: 0x00000065f1100000,0x00000065f1200000] [id=10844]
  0x0000021e9b06a1a0 GCTaskThread "GC Thread#4" [stack: 0x00000065f1200000,0x00000065f1300000] [id=2480]
  0x0000021effd91eb0 GCTaskThread "GC Thread#5" [stack: 0x00000065f1300000,0x00000065f1400000] [id=16800]
  0x0000021e9ecec530 GCTaskThread "GC Thread#6" [stack: 0x00000065f2200000,0x00000065f2300000] [id=5988]
  0x0000021e9c9f38b0 GCTaskThread "GC Thread#7" [stack: 0x00000065f2300000,0x00000065f2400000] [id=17076]
  0x0000021e9e077cb0 GCTaskThread "GC Thread#8" [stack: 0x00000065f2400000,0x00000065f2500000] [id=14888]
  0x0000021e9c9ef040 GCTaskThread "GC Thread#9" [stack: 0x00000065f2500000,0x00000065f2600000] [id=8340]
  0x0000021ee6478aa0 ConcurrentGCThread "G1 Main Marker" [stack: 0x00000065efc00000,0x00000065efd00000] [id=12672]
  0x0000021ee647a3d0 ConcurrentGCThread "G1 Conc#0" [stack: 0x00000065efd00000,0x00000065efe00000] [id=3144]
  0x0000021e9ebe4020 ConcurrentGCThread "G1 Conc#1" [stack: 0x00000065f2600000,0x00000065f2700000] [id=11080]
  0x0000021e9e8fcca0 ConcurrentGCThread "G1 Conc#2" [stack: 0x00000065f2700000,0x00000065f2800000] [id=16496]
  0x0000021ee651ec70 ConcurrentGCThread "G1 Refine#0" [stack: 0x00000065efe00000,0x00000065eff00000] [id=16752]
  0x0000021e9fa47370 ConcurrentGCThread "G1 Refine#1" [stack: 0x00000065f5900000,0x00000065f5a00000] [id=9340]
  0x0000021eff044730 ConcurrentGCThread "G1 Service" [stack: 0x00000065eff00000,0x00000065f0000000] [id=11304]

Threads with active compile tasks:
C2 CompilerThread0     7217 5979 %     4       groovy.lang.MetaClassImpl::inheritInterfaceNewMetaMethods @ 100 (195 bytes)
C2 CompilerThread1     7217 5996 %     4       org.gradle.internal.instantiation.generator.AbstractClassGenerator::inspectType @ 107 (560 bytes)
C2 CompilerThread2     7217 6075       4       java.lang.String::regionMatches (150 bytes)

VM state: not at safepoint (normal execution)

VM Mutex/Monitor currently owned by a thread: None

Heap address: 0x00000000e0000000, size: 512 MB, Compressed Oops mode: 32-bit

CDS archive(s) mapped at: [0x0000021e82000000-0x0000021e82bd0000-0x0000021e82bd0000), size 12386304, SharedBaseAddress: 0x0000021e82000000, ArchiveRelocationMode: 1.
Compressed class space mapped at: 0x0000021e83000000-0x0000021e97000000, reserved size: 335544320
Narrow klass base: 0x0000021e82000000, Narrow klass shift: 0, Narrow klass range: 0x100000000

GC Precious Log:
 CPUs: 12 total, 12 available
 Memory: 7865M
 Large Page Support: Disabled
 NUMA Support: Disabled
 Compressed Oops: Enabled (32-bit)
 Heap Region Size: 1M
 Heap Min Capacity: 256M
 Heap Initial Capacity: 256M
 Heap Max Capacity: 512M
 Pre-touch: Disabled
 Parallel Workers: 10
 Concurrent Workers: 3
 Concurrent Refinement Workers: 10
 Periodic GC: Disabled

Heap:
 garbage-first heap   total 262144K, used 89244K [0x00000000e0000000, 0x0000000100000000)
  region size 1024K, 65 young (66560K), 15 survivors (15360K)
 Metaspace       used 50700K, committed 51328K, reserved 393216K
  class space    used 7303K, committed 7552K, reserved 327680K

Heap Regions: E=young(eden), S=young(survivor), O=old, HS=humongous(starts), HC=humongous(continues), CS=collection set, F=free, OA=open archive, CA=closed archive, TAMS=top-at-mark-start (previous, next)
|   0|0x00000000e0000000, 0x00000000e0100000, 0x00000000e0100000|100%| O|  |TAMS 0x00000000e0100000, 0x00000000e0000000| Untracked 
|   1|0x00000000e0100000, 0x00000000e0200000, 0x00000000e0200000|100%|HS|  |TAMS 0x00000000e0200000, 0x00000000e0100000| Complete 
|   2|0x00000000e0200000, 0x00000000e0300000, 0x00000000e0300000|100%|HC|  |TAMS 0x00000000e0300000, 0x00000000e0200000| Complete 
|   3|0x00000000e0300000, 0x00000000e0400000, 0x00000000e0400000|100%|HC|  |TAMS 0x00000000e0400000, 0x00000000e0300000| Complete 
|   4|0x00000000e0400000, 0x00000000e0500000, 0x00000000e0500000|100%| O|  |TAMS 0x00000000e0500000, 0x00000000e0400000| Untracked 
|   5|0x00000000e0500000, 0x00000000e0600000, 0x00000000e0600000|100%| O|  |TAMS 0x00000000e0600000, 0x00000000e0500000| Untracked 
|   6|0x00000000e0600000, 0x00000000e0700000, 0x00000000e0700000|100%| O|  |TAMS 0x00000000e0700000, 0x00000000e0600000| Untracked 
|   7|0x00000000e0700000, 0x00000000e0800000, 0x00000000e0800000|100%| O|  |TAMS 0x00000000e0800000, 0x00000000e0700000| Untracked 
|   8|0x00000000e0800000, 0x00000000e0900000, 0x00000000e0900000|100%|HS|  |TAMS 0x00000000e0900000, 0x00000000e0800000| Complete 
|   9|0x00000000e0900000, 0x00000000e0900000, 0x00000000e0a00000|  0%| F|  |TAMS 0x00000000e0900000, 0x00000000e0900000| Untracked 
|  10|0x00000000e0a00000, 0x00000000e0b00000, 0x00000000e0b00000|100%| O|  |TAMS 0x00000000e0b00000, 0x00000000e0a00000| Untracked 
|  11|0x00000000e0b00000, 0x00000000e0c00000, 0x00000000e0c00000|100%| O|  |TAMS 0x00000000e0c00000, 0x00000000e0b00000| Untracked 
|  12|0x00000000e0c00000, 0x00000000e0d00000, 0x00000000e0d00000|100%| O|  |TAMS 0x00000000e0d00000, 0x00000000e0c00000| Untracked 
|  13|0x00000000e0d00000, 0x00000000e0e00000, 0x00000000e0e00000|100%| O|  |TAMS 0x00000000e0d3ca00, 0x00000000e0d00000| Untracked 
|  14|0x00000000e0e00000, 0x00000000e0e00000, 0x00000000e0f00000|  0%| F|  |TAMS 0x00000000e0e00000, 0x00000000e0e00000| Untracked 
|  15|0x00000000e0f00000, 0x00000000e1000000, 0x00000000e1000000|100%| O|  |TAMS 0x00000000e0f00000, 0x00000000e0f00000| Untracked 
|  16|0x00000000e1000000, 0x00000000e1100000, 0x00000000e1100000|100%| O|  |TAMS 0x00000000e1000000, 0x00000000e1000000| Untracked 
|  17|0x00000000e1100000, 0x00000000e1200000, 0x00000000e1200000|100%| O|  |TAMS 0x00000000e1100000, 0x00000000e1100000| Untracked 
|  18|0x00000000e1200000, 0x00000000e1300000, 0x00000000e1300000|100%| O|  |TAMS 0x00000000e1200000, 0x00000000e1200000| Untracked 
|  19|0x00000000e1300000, 0x00000000e1400000, 0x00000000e1400000|100%| O|  |TAMS 0x00000000e1300000, 0x00000000e1300000| Untracked 
|  20|0x00000000e1400000, 0x00000000e1500000, 0x00000000e1500000|100%| O|  |TAMS 0x00000000e1400000, 0x00000000e1400000| Untracked 
|  21|0x00000000e1500000, 0x00000000e1600000, 0x00000000e1600000|100%| O|  |TAMS 0x00000000e1500000, 0x00000000e1500000| Untracked 
|  22|0x00000000e1600000, 0x00000000e1700000, 0x00000000e1700000|100%| O|  |TAMS 0x00000000e1600000, 0x00000000e1600000| Untracked 
|  23|0x00000000e1700000, 0x00000000e1800000, 0x00000000e1800000|100%| O|  |TAMS 0x00000000e1700000, 0x00000000e1700000| Untracked 
|  24|0x00000000e1800000, 0x00000000e1900000, 0x00000000e1900000|100%| O|  |TAMS 0x00000000e1800000, 0x00000000e1800000| Untracked 
|  25|0x00000000e1900000, 0x00000000e1965c00, 0x00000000e1a00000| 39%| O|  |TAMS 0x00000000e1900000, 0x00000000e1900000| Untracked 
|  26|0x00000000e1a00000, 0x00000000e1a00000, 0x00000000e1b00000|  0%| F|  |TAMS 0x00000000e1a00000, 0x00000000e1a00000| Untracked 
|  27|0x00000000e1b00000, 0x00000000e1b00000, 0x00000000e1c00000|  0%| F|  |TAMS 0x00000000e1b00000, 0x00000000e1b00000| Untracked 
|  28|0x00000000e1c00000, 0x00000000e1c00000, 0x00000000e1d00000|  0%| F|  |TAMS 0x00000000e1c00000, 0x00000000e1c00000| Untracked 
|  29|0x00000000e1d00000, 0x00000000e1d00000, 0x00000000e1e00000|  0%| F|  |TAMS 0x00000000e1d00000, 0x00000000e1d00000| Untracked 
|  30|0x00000000e1e00000, 0x00000000e1e00000, 0x00000000e1f00000|  0%| F|  |TAMS 0x00000000e1e00000, 0x00000000e1e00000| Untracked 
|  31|0x00000000e1f00000, 0x00000000e1f00000, 0x00000000e2000000|  0%| F|  |TAMS 0x00000000e1f00000, 0x00000000e1f00000| Untracked 
|  32|0x00000000e2000000, 0x00000000e2000000, 0x00000000e2100000|  0%| F|  |TAMS 0x00000000e2000000, 0x00000000e2000000| Untracked 
|  33|0x00000000e2100000, 0x00000000e2100000, 0x00000000e2200000|  0%| F|  |TAMS 0x00000000e2100000, 0x00000000e2100000| Untracked 
|  34|0x00000000e2200000, 0x00000000e2200000, 0x00000000e2300000|  0%| F|  |TAMS 0x00000000e2200000, 0x00000000e2200000| Untracked 
|  35|0x00000000e2300000, 0x00000000e2300000, 0x00000000e2400000|  0%| F|  |TAMS 0x00000000e2300000, 0x00000000e2300000| Untracked 
|  36|0x00000000e2400000, 0x00000000e2400000, 0x00000000e2500000|  0%| F|  |TAMS 0x00000000e2400000, 0x00000000e2400000| Untracked 
|  37|0x00000000e2500000, 0x00000000e2500000, 0x00000000e2600000|  0%| F|  |TAMS 0x00000000e2500000, 0x00000000e2500000| Untracked 
|  38|0x00000000e2600000, 0x00000000e2600000, 0x00000000e2700000|  0%| F|  |TAMS 0x00000000e2600000, 0x00000000e2600000| Untracked 
|  39|0x00000000e2700000, 0x00000000e2700000, 0x00000000e2800000|  0%| F|  |TAMS 0x00000000e2700000, 0x00000000e2700000| Untracked 
|  40|0x00000000e2800000, 0x00000000e2800000, 0x00000000e2900000|  0%| F|  |TAMS 0x00000000e2800000, 0x00000000e2800000| Untracked 
|  41|0x00000000e2900000, 0x00000000e2900000, 0x00000000e2a00000|  0%| F|  |TAMS 0x00000000e2900000, 0x00000000e2900000| Untracked 
|  42|0x00000000e2a00000, 0x00000000e2a00000, 0x00000000e2b00000|  0%| F|  |TAMS 0x00000000e2a00000, 0x00000000e2a00000| Untracked 
|  43|0x00000000e2b00000, 0x00000000e2b00000, 0x00000000e2c00000|  0%| F|  |TAMS 0x00000000e2b00000, 0x00000000e2b00000| Untracked 
|  44|0x00000000e2c00000, 0x00000000e2c00000, 0x00000000e2d00000|  0%| F|  |TAMS 0x00000000e2c00000, 0x00000000e2c00000| Untracked 
|  45|0x00000000e2d00000, 0x00000000e2d00000, 0x00000000e2e00000|  0%| F|  |TAMS 0x00000000e2d00000, 0x00000000e2d00000| Untracked 
|  46|0x00000000e2e00000, 0x00000000e2e00000, 0x00000000e2f00000|  0%| F|  |TAMS 0x00000000e2e00000, 0x00000000e2e00000| Untracked 
|  47|0x00000000e2f00000, 0x00000000e2f00000, 0x00000000e3000000|  0%| F|  |TAMS 0x00000000e2f00000, 0x00000000e2f00000| Untracked 
|  48|0x00000000e3000000, 0x00000000e3000000, 0x00000000e3100000|  0%| F|  |TAMS 0x00000000e3000000, 0x00000000e3000000| Untracked 
|  49|0x00000000e3100000, 0x00000000e3100000, 0x00000000e3200000|  0%| F|  |TAMS 0x00000000e3100000, 0x00000000e3100000| Untracked 
|  50|0x00000000e3200000, 0x00000000e3200000, 0x00000000e3300000|  0%| F|  |TAMS 0x00000000e3200000, 0x00000000e3200000| Untracked 
|  51|0x00000000e3300000, 0x00000000e3300000, 0x00000000e3400000|  0%| F|  |TAMS 0x00000000e3300000, 0x00000000e3300000| Untracked 
|  52|0x00000000e3400000, 0x00000000e3400000, 0x00000000e3500000|  0%| F|  |TAMS 0x00000000e3400000, 0x00000000e3400000| Untracked 
|  53|0x00000000e3500000, 0x00000000e3500000, 0x00000000e3600000|  0%| F|  |TAMS 0x00000000e3500000, 0x00000000e3500000| Untracked 
|  54|0x00000000e3600000, 0x00000000e3600000, 0x00000000e3700000|  0%| F|  |TAMS 0x00000000e3600000, 0x00000000e3600000| Untracked 
|  55|0x00000000e3700000, 0x00000000e3700000, 0x00000000e3800000|  0%| F|  |TAMS 0x00000000e3700000, 0x00000000e3700000| Untracked 
|  56|0x00000000e3800000, 0x00000000e3800000, 0x00000000e3900000|  0%| F|  |TAMS 0x00000000e3800000, 0x00000000e3800000| Untracked 
|  57|0x00000000e3900000, 0x00000000e3900000, 0x00000000e3a00000|  0%| F|  |TAMS 0x00000000e3900000, 0x00000000e3900000| Untracked 
|  58|0x00000000e3a00000, 0x00000000e3a00000, 0x00000000e3b00000|  0%| F|  |TAMS 0x00000000e3a00000, 0x00000000e3a00000| Untracked 
|  59|0x00000000e3b00000, 0x00000000e3b00000, 0x00000000e3c00000|  0%| F|  |TAMS 0x00000000e3b00000, 0x00000000e3b00000| Untracked 
|  60|0x00000000e3c00000, 0x00000000e3c00000, 0x00000000e3d00000|  0%| F|  |TAMS 0x00000000e3c00000, 0x00000000e3c00000| Untracked 
|  61|0x00000000e3d00000, 0x00000000e3d00000, 0x00000000e3e00000|  0%| F|  |TAMS 0x00000000e3d00000, 0x00000000e3d00000| Untracked 
|  62|0x00000000e3e00000, 0x00000000e3e00000, 0x00000000e3f00000|  0%| F|  |TAMS 0x00000000e3e00000, 0x00000000e3e00000| Untracked 
|  63|0x00000000e3f00000, 0x00000000e3f00000, 0x00000000e4000000|  0%| F|  |TAMS 0x00000000e3f00000, 0x00000000e3f00000| Untracked 
|  64|0x00000000e4000000, 0x00000000e4000000, 0x00000000e4100000|  0%| F|  |TAMS 0x00000000e4000000, 0x00000000e4000000| Untracked 
|  65|0x00000000e4100000, 0x00000000e4100000, 0x00000000e4200000|  0%| F|  |TAMS 0x00000000e4100000, 0x00000000e4100000| Untracked 
|  66|0x00000000e4200000, 0x00000000e4200000, 0x00000000e4300000|  0%| F|  |TAMS 0x00000000e4200000, 0x00000000e4200000| Untracked 
|  67|0x00000000e4300000, 0x00000000e4300000, 0x00000000e4400000|  0%| F|  |TAMS 0x00000000e4300000, 0x00000000e4300000| Untracked 
|  68|0x00000000e4400000, 0x00000000e4400000, 0x00000000e4500000|  0%| F|  |TAMS 0x00000000e4400000, 0x00000000e4400000| Untracked 
|  69|0x00000000e4500000, 0x00000000e4500000, 0x00000000e4600000|  0%| F|  |TAMS 0x00000000e4500000, 0x00000000e4500000| Untracked 
|  70|0x00000000e4600000, 0x00000000e4600000, 0x00000000e4700000|  0%| F|  |TAMS 0x00000000e4600000, 0x00000000e4600000| Untracked 
|  71|0x00000000e4700000, 0x00000000e4700000, 0x00000000e4800000|  0%| F|  |TAMS 0x00000000e4700000, 0x00000000e4700000| Untracked 
|  72|0x00000000e4800000, 0x00000000e4800000, 0x00000000e4900000|  0%| F|  |TAMS 0x00000000e4800000, 0x00000000e4800000| Untracked 
|  73|0x00000000e4900000, 0x00000000e4900000, 0x00000000e4a00000|  0%| F|  |TAMS 0x00000000e4900000, 0x00000000e4900000| Untracked 
|  74|0x00000000e4a00000, 0x00000000e4a00000, 0x00000000e4b00000|  0%| F|  |TAMS 0x00000000e4a00000, 0x00000000e4a00000| Untracked 
|  75|0x00000000e4b00000, 0x00000000e4b00000, 0x00000000e4c00000|  0%| F|  |TAMS 0x00000000e4b00000, 0x00000000e4b00000| Untracked 
|  76|0x00000000e4c00000, 0x00000000e4c00000, 0x00000000e4d00000|  0%| F|  |TAMS 0x00000000e4c00000, 0x00000000e4c00000| Untracked 
|  77|0x00000000e4d00000, 0x00000000e4d00000, 0x00000000e4e00000|  0%| F|  |TAMS 0x00000000e4d00000, 0x00000000e4d00000| Untracked 
|  78|0x00000000e4e00000, 0x00000000e4e00000, 0x00000000e4f00000|  0%| F|  |TAMS 0x00000000e4e00000, 0x00000000e4e00000| Untracked 
|  79|0x00000000e4f00000, 0x00000000e4f00000, 0x00000000e5000000|  0%| F|  |TAMS 0x00000000e4f00000, 0x00000000e4f00000| Untracked 
|  80|0x00000000e5000000, 0x00000000e5000000, 0x00000000e5100000|  0%| F|  |TAMS 0x00000000e5000000, 0x00000000e5000000| Untracked 
|  81|0x00000000e5100000, 0x00000000e5100000, 0x00000000e5200000|  0%| F|  |TAMS 0x00000000e5100000, 0x00000000e5100000| Untracked 
|  82|0x00000000e5200000, 0x00000000e5200000, 0x00000000e5300000|  0%| F|  |TAMS 0x00000000e5200000, 0x00000000e5200000| Untracked 
|  83|0x00000000e5300000, 0x00000000e5300000, 0x00000000e5400000|  0%| F|  |TAMS 0x00000000e5300000, 0x00000000e5300000| Untracked 
|  84|0x00000000e5400000, 0x00000000e5400000, 0x00000000e5500000|  0%| F|  |TAMS 0x00000000e5400000, 0x00000000e5400000| Untracked 
|  85|0x00000000e5500000, 0x00000000e5500000, 0x00000000e5600000|  0%| F|  |TAMS 0x00000000e5500000, 0x00000000e5500000| Untracked 
|  86|0x00000000e5600000, 0x00000000e5600000, 0x00000000e5700000|  0%| F|  |TAMS 0x00000000e5600000, 0x00000000e5600000| Untracked 
|  87|0x00000000e5700000, 0x00000000e5700000, 0x00000000e5800000|  0%| F|  |TAMS 0x00000000e5700000, 0x00000000e5700000| Untracked 
|  88|0x00000000e5800000, 0x00000000e58c1488, 0x00000000e5900000| 75%| S|CS|TAMS 0x00000000e5800000, 0x00000000e5800000| Complete 
|  89|0x00000000e5900000, 0x00000000e5a00000, 0x00000000e5a00000|100%| S|CS|TAMS 0x00000000e5900000, 0x00000000e5900000| Complete 
|  90|0x00000000e5a00000, 0x00000000e5b00000, 0x00000000e5b00000|100%| S|CS|TAMS 0x00000000e5a00000, 0x00000000e5a00000| Complete 
|  91|0x00000000e5b00000, 0x00000000e5c00000, 0x00000000e5c00000|100%| S|CS|TAMS 0x00000000e5b00000, 0x00000000e5b00000| Complete 
|  92|0x00000000e5c00000, 0x00000000e5d00000, 0x00000000e5d00000|100%| S|CS|TAMS 0x00000000e5c00000, 0x00000000e5c00000| Complete 
|  93|0x00000000e5d00000, 0x00000000e5e00000, 0x00000000e5e00000|100%| S|CS|TAMS 0x00000000e5d00000, 0x00000000e5d00000| Complete 
|  94|0x00000000e5e00000, 0x00000000e5f00000, 0x00000000e5f00000|100%| S|CS|TAMS 0x00000000e5e00000, 0x00000000e5e00000| Complete 
|  95|0x00000000e5f00000, 0x00000000e6000000, 0x00000000e6000000|100%| S|CS|TAMS 0x00000000e5f00000, 0x00000000e5f00000| Complete 
|  96|0x00000000e6000000, 0x00000000e6100000, 0x00000000e6100000|100%| S|CS|TAMS 0x00000000e6000000, 0x00000000e6000000| Complete 
|  97|0x00000000e6100000, 0x00000000e6200000, 0x00000000e6200000|100%| S|CS|TAMS 0x00000000e6100000, 0x00000000e6100000| Complete 
|  98|0x00000000e6200000, 0x00000000e6300000, 0x00000000e6300000|100%| S|CS|TAMS 0x00000000e6200000, 0x00000000e6200000| Complete 
|  99|0x00000000e6300000, 0x00000000e6400000, 0x00000000e6400000|100%| S|CS|TAMS 0x00000000e6300000, 0x00000000e6300000| Complete 
| 100|0x00000000e6400000, 0x00000000e6500000, 0x00000000e6500000|100%| S|CS|TAMS 0x00000000e6400000, 0x00000000e6400000| Complete 
| 101|0x00000000e6500000, 0x00000000e6600000, 0x00000000e6600000|100%| S|CS|TAMS 0x00000000e6500000, 0x00000000e6500000| Complete 
| 102|0x00000000e6600000, 0x00000000e6700000, 0x00000000e6700000|100%| S|CS|TAMS 0x00000000e6600000, 0x00000000e6600000| Complete 
| 103|0x00000000e6700000, 0x00000000e6700000, 0x00000000e6800000|  0%| F|  |TAMS 0x00000000e6700000, 0x00000000e6700000| Untracked 
| 104|0x00000000e6800000, 0x00000000e6800000, 0x00000000e6900000|  0%| F|  |TAMS 0x00000000e6800000, 0x00000000e6800000| Untracked 
| 105|0x00000000e6900000, 0x00000000e6900000, 0x00000000e6a00000|  0%| F|  |TAMS 0x00000000e6900000, 0x00000000e6900000| Untracked 
| 106|0x00000000e6a00000, 0x00000000e6a00000, 0x00000000e6b00000|  0%| F|  |TAMS 0x00000000e6a00000, 0x00000000e6a00000| Untracked 
| 107|0x00000000e6b00000, 0x00000000e6b00000, 0x00000000e6c00000|  0%| F|  |TAMS 0x00000000e6b00000, 0x00000000e6b00000| Untracked 
| 108|0x00000000e6c00000, 0x00000000e6c00000, 0x00000000e6d00000|  0%| F|  |TAMS 0x00000000e6c00000, 0x00000000e6c00000| Untracked 
| 109|0x00000000e6d00000, 0x00000000e6d00000, 0x00000000e6e00000|  0%| F|  |TAMS 0x00000000e6d00000, 0x00000000e6d00000| Untracked 
| 110|0x00000000e6e00000, 0x00000000e6e00000, 0x00000000e6f00000|  0%| F|  |TAMS 0x00000000e6e00000, 0x00000000e6e00000| Untracked 
| 111|0x00000000e6f00000, 0x00000000e6f00000, 0x00000000e7000000|  0%| F|  |TAMS 0x00000000e6f00000, 0x00000000e6f00000| Untracked 
| 112|0x00000000e7000000, 0x00000000e7000000, 0x00000000e7100000|  0%| F|  |TAMS 0x00000000e7000000, 0x00000000e7000000| Untracked 
| 113|0x00000000e7100000, 0x00000000e7100000, 0x00000000e7200000|  0%| F|  |TAMS 0x00000000e7100000, 0x00000000e7100000| Untracked 
| 114|0x00000000e7200000, 0x00000000e7200000, 0x00000000e7300000|  0%| F|  |TAMS 0x00000000e7200000, 0x00000000e7200000| Untracked 
| 115|0x00000000e7300000, 0x00000000e7300000, 0x00000000e7400000|  0%| F|  |TAMS 0x00000000e7300000, 0x00000000e7300000| Untracked 
| 116|0x00000000e7400000, 0x00000000e7400000, 0x00000000e7500000|  0%| F|  |TAMS 0x00000000e7400000, 0x00000000e7400000| Untracked 
| 117|0x00000000e7500000, 0x00000000e7500000, 0x00000000e7600000|  0%| F|  |TAMS 0x00000000e7500000, 0x00000000e7500000| Untracked 
| 118|0x00000000e7600000, 0x00000000e7600000, 0x00000000e7700000|  0%| F|  |TAMS 0x00000000e7600000, 0x00000000e7600000| Untracked 
| 119|0x00000000e7700000, 0x00000000e7700000, 0x00000000e7800000|  0%| F|  |TAMS 0x00000000e7700000, 0x00000000e7700000| Untracked 
| 120|0x00000000e7800000, 0x00000000e7800000, 0x00000000e7900000|  0%| F|  |TAMS 0x00000000e7800000, 0x00000000e7800000| Untracked 
| 121|0x00000000e7900000, 0x00000000e7900000, 0x00000000e7a00000|  0%| F|  |TAMS 0x00000000e7900000, 0x00000000e7900000| Untracked 
| 122|0x00000000e7a00000, 0x00000000e7a00000, 0x00000000e7b00000|  0%| F|  |TAMS 0x00000000e7a00000, 0x00000000e7a00000| Untracked 
| 123|0x00000000e7b00000, 0x00000000e7b00000, 0x00000000e7c00000|  0%| F|  |TAMS 0x00000000e7b00000, 0x00000000e7b00000| Untracked 
| 124|0x00000000e7c00000, 0x00000000e7c00000, 0x00000000e7d00000|  0%| F|  |TAMS 0x00000000e7c00000, 0x00000000e7c00000| Untracked 
| 125|0x00000000e7d00000, 0x00000000e7d00000, 0x00000000e7e00000|  0%| F|  |TAMS 0x00000000e7d00000, 0x00000000e7d00000| Untracked 
| 126|0x00000000e7e00000, 0x00000000e7e00000, 0x00000000e7f00000|  0%| F|  |TAMS 0x00000000e7e00000, 0x00000000e7e00000| Untracked 
| 127|0x00000000e7f00000, 0x00000000e7f00000, 0x00000000e8000000|  0%| F|  |TAMS 0x00000000e7f00000, 0x00000000e7f00000| Untracked 
| 128|0x00000000e8000000, 0x00000000e8000000, 0x00000000e8100000|  0%| F|  |TAMS 0x00000000e8000000, 0x00000000e8000000| Untracked 
| 129|0x00000000e8100000, 0x00000000e8100000, 0x00000000e8200000|  0%| F|  |TAMS 0x00000000e8100000, 0x00000000e8100000| Untracked 
| 130|0x00000000e8200000, 0x00000000e8200000, 0x00000000e8300000|  0%| F|  |TAMS 0x00000000e8200000, 0x00000000e8200000| Untracked 
| 131|0x00000000e8300000, 0x00000000e8300000, 0x00000000e8400000|  0%| F|  |TAMS 0x00000000e8300000, 0x00000000e8300000| Untracked 
| 132|0x00000000e8400000, 0x00000000e8400000, 0x00000000e8500000|  0%| F|  |TAMS 0x00000000e8400000, 0x00000000e8400000| Untracked 
| 133|0x00000000e8500000, 0x00000000e8500000, 0x00000000e8600000|  0%| F|  |TAMS 0x00000000e8500000, 0x00000000e8500000| Untracked 
| 134|0x00000000e8600000, 0x00000000e8600000, 0x00000000e8700000|  0%| F|  |TAMS 0x00000000e8600000, 0x00000000e8600000| Untracked 
| 135|0x00000000e8700000, 0x00000000e8700000, 0x00000000e8800000|  0%| F|  |TAMS 0x00000000e8700000, 0x00000000e8700000| Untracked 
| 136|0x00000000e8800000, 0x00000000e8800000, 0x00000000e8900000|  0%| F|  |TAMS 0x00000000e8800000, 0x00000000e8800000| Untracked 
| 137|0x00000000e8900000, 0x00000000e8900000, 0x00000000e8a00000|  0%| F|  |TAMS 0x00000000e8900000, 0x00000000e8900000| Untracked 
| 138|0x00000000e8a00000, 0x00000000e8a00000, 0x00000000e8b00000|  0%| F|  |TAMS 0x00000000e8a00000, 0x00000000e8a00000| Untracked 
| 139|0x00000000e8b00000, 0x00000000e8b00000, 0x00000000e8c00000|  0%| F|  |TAMS 0x00000000e8b00000, 0x00000000e8b00000| Untracked 
| 140|0x00000000e8c00000, 0x00000000e8c00000, 0x00000000e8d00000|  0%| F|  |TAMS 0x00000000e8c00000, 0x00000000e8c00000| Untracked 
| 141|0x00000000e8d00000, 0x00000000e8d00000, 0x00000000e8e00000|  0%| F|  |TAMS 0x00000000e8d00000, 0x00000000e8d00000| Untracked 
| 142|0x00000000e8e00000, 0x00000000e8e00000, 0x00000000e8f00000|  0%| F|  |TAMS 0x00000000e8e00000, 0x00000000e8e00000| Untracked 
| 143|0x00000000e8f00000, 0x00000000e8f00000, 0x00000000e9000000|  0%| F|  |TAMS 0x00000000e8f00000, 0x00000000e8f00000| Untracked 
| 144|0x00000000e9000000, 0x00000000e9000000, 0x00000000e9100000|  0%| F|  |TAMS 0x00000000e9000000, 0x00000000e9000000| Untracked 
| 145|0x00000000e9100000, 0x00000000e9100000, 0x00000000e9200000|  0%| F|  |TAMS 0x00000000e9100000, 0x00000000e9100000| Untracked 
| 146|0x00000000e9200000, 0x00000000e9200000, 0x00000000e9300000|  0%| F|  |TAMS 0x00000000e9200000, 0x00000000e9200000| Untracked 
| 147|0x00000000e9300000, 0x00000000e9300000, 0x00000000e9400000|  0%| F|  |TAMS 0x00000000e9300000, 0x00000000e9300000| Untracked 
| 148|0x00000000e9400000, 0x00000000e9400000, 0x00000000e9500000|  0%| F|  |TAMS 0x00000000e9400000, 0x00000000e9400000| Untracked 
| 149|0x00000000e9500000, 0x00000000e9500000, 0x00000000e9600000|  0%| F|  |TAMS 0x00000000e9500000, 0x00000000e9500000| Untracked 
| 150|0x00000000e9600000, 0x00000000e9600000, 0x00000000e9700000|  0%| F|  |TAMS 0x00000000e9600000, 0x00000000e9600000| Untracked 
| 151|0x00000000e9700000, 0x00000000e9700000, 0x00000000e9800000|  0%| F|  |TAMS 0x00000000e9700000, 0x00000000e9700000| Untracked 
| 152|0x00000000e9800000, 0x00000000e9800000, 0x00000000e9900000|  0%| F|  |TAMS 0x00000000e9800000, 0x00000000e9800000| Untracked 
| 153|0x00000000e9900000, 0x00000000e9900000, 0x00000000e9a00000|  0%| F|  |TAMS 0x00000000e9900000, 0x00000000e9900000| Untracked 
| 154|0x00000000e9a00000, 0x00000000e9a00000, 0x00000000e9b00000|  0%| F|  |TAMS 0x00000000e9a00000, 0x00000000e9a00000| Untracked 
| 155|0x00000000e9b00000, 0x00000000e9b00000, 0x00000000e9c00000|  0%| F|  |TAMS 0x00000000e9b00000, 0x00000000e9b00000| Untracked 
| 156|0x00000000e9c00000, 0x00000000e9c00000, 0x00000000e9d00000|  0%| F|  |TAMS 0x00000000e9c00000, 0x00000000e9c00000| Untracked 
| 157|0x00000000e9d00000, 0x00000000e9d00000, 0x00000000e9e00000|  0%| F|  |TAMS 0x00000000e9d00000, 0x00000000e9d00000| Untracked 
| 158|0x00000000e9e00000, 0x00000000e9e00000, 0x00000000e9f00000|  0%| F|  |TAMS 0x00000000e9e00000, 0x00000000e9e00000| Untracked 
| 159|0x00000000e9f00000, 0x00000000e9f00000, 0x00000000ea000000|  0%| F|  |TAMS 0x00000000e9f00000, 0x00000000e9f00000| Untracked 
| 160|0x00000000ea000000, 0x00000000ea000000, 0x00000000ea100000|  0%| F|  |TAMS 0x00000000ea000000, 0x00000000ea000000| Untracked 
| 161|0x00000000ea100000, 0x00000000ea100000, 0x00000000ea200000|  0%| F|  |TAMS 0x00000000ea100000, 0x00000000ea100000| Untracked 
| 162|0x00000000ea200000, 0x00000000ea200000, 0x00000000ea300000|  0%| F|  |TAMS 0x00000000ea200000, 0x00000000ea200000| Untracked 
| 163|0x00000000ea300000, 0x00000000ea300000, 0x00000000ea400000|  0%| F|  |TAMS 0x00000000ea300000, 0x00000000ea300000| Untracked 
| 164|0x00000000ea400000, 0x00000000ea400000, 0x00000000ea500000|  0%| F|  |TAMS 0x00000000ea400000, 0x00000000ea400000| Untracked 
| 165|0x00000000ea500000, 0x00000000ea500000, 0x00000000ea600000|  0%| F|  |TAMS 0x00000000ea500000, 0x00000000ea500000| Untracked 
| 166|0x00000000ea600000, 0x00000000ea600000, 0x00000000ea700000|  0%| F|  |TAMS 0x00000000ea600000, 0x00000000ea600000| Untracked 
| 167|0x00000000ea700000, 0x00000000ea700000, 0x00000000ea800000|  0%| F|  |TAMS 0x00000000ea700000, 0x00000000ea700000| Untracked 
| 168|0x00000000ea800000, 0x00000000ea800000, 0x00000000ea900000|  0%| F|  |TAMS 0x00000000ea800000, 0x00000000ea800000| Untracked 
| 169|0x00000000ea900000, 0x00000000ea900000, 0x00000000eaa00000|  0%| F|  |TAMS 0x00000000ea900000, 0x00000000ea900000| Untracked 
| 170|0x00000000eaa00000, 0x00000000eaa00000, 0x00000000eab00000|  0%| F|  |TAMS 0x00000000eaa00000, 0x00000000eaa00000| Untracked 
| 171|0x00000000eab00000, 0x00000000eab00000, 0x00000000eac00000|  0%| F|  |TAMS 0x00000000eab00000, 0x00000000eab00000| Untracked 
| 172|0x00000000eac00000, 0x00000000eac00000, 0x00000000ead00000|  0%| F|  |TAMS 0x00000000eac00000, 0x00000000eac00000| Untracked 
| 173|0x00000000ead00000, 0x00000000ead00000, 0x00000000eae00000|  0%| F|  |TAMS 0x00000000ead00000, 0x00000000ead00000| Untracked 
| 174|0x00000000eae00000, 0x00000000eae00000, 0x00000000eaf00000|  0%| F|  |TAMS 0x00000000eae00000, 0x00000000eae00000| Untracked 
| 175|0x00000000eaf00000, 0x00000000eaf00000, 0x00000000eb000000|  0%| F|  |TAMS 0x00000000eaf00000, 0x00000000eaf00000| Untracked 
| 176|0x00000000eb000000, 0x00000000eb000000, 0x00000000eb100000|  0%| F|  |TAMS 0x00000000eb000000, 0x00000000eb000000| Untracked 
| 177|0x00000000eb100000, 0x00000000eb100000, 0x00000000eb200000|  0%| F|  |TAMS 0x00000000eb100000, 0x00000000eb100000| Untracked 
| 178|0x00000000eb200000, 0x00000000eb200000, 0x00000000eb300000|  0%| F|  |TAMS 0x00000000eb200000, 0x00000000eb200000| Untracked 
| 179|0x00000000eb300000, 0x00000000eb300000, 0x00000000eb400000|  0%| F|  |TAMS 0x00000000eb300000, 0x00000000eb300000| Untracked 
| 180|0x00000000eb400000, 0x00000000eb400000, 0x00000000eb500000|  0%| F|  |TAMS 0x00000000eb400000, 0x00000000eb400000| Untracked 
| 181|0x00000000eb500000, 0x00000000eb500000, 0x00000000eb600000|  0%| F|  |TAMS 0x00000000eb500000, 0x00000000eb500000| Untracked 
| 182|0x00000000eb600000, 0x00000000eb600000, 0x00000000eb700000|  0%| F|  |TAMS 0x00000000eb600000, 0x00000000eb600000| Untracked 
| 183|0x00000000eb700000, 0x00000000eb700000, 0x00000000eb800000|  0%| F|  |TAMS 0x00000000eb700000, 0x00000000eb700000| Untracked 
| 184|0x00000000eb800000, 0x00000000eb800000, 0x00000000eb900000|  0%| F|  |TAMS 0x00000000eb800000, 0x00000000eb800000| Untracked 
| 185|0x00000000eb900000, 0x00000000eb900000, 0x00000000eba00000|  0%| F|  |TAMS 0x00000000eb900000, 0x00000000eb900000| Untracked 
| 186|0x00000000eba00000, 0x00000000eba00000, 0x00000000ebb00000|  0%| F|  |TAMS 0x00000000eba00000, 0x00000000eba00000| Untracked 
| 187|0x00000000ebb00000, 0x00000000ebb00000, 0x00000000ebc00000|  0%| F|  |TAMS 0x00000000ebb00000, 0x00000000ebb00000| Untracked 
| 188|0x00000000ebc00000, 0x00000000ebc00000, 0x00000000ebd00000|  0%| F|  |TAMS 0x00000000ebc00000, 0x00000000ebc00000| Untracked 
| 189|0x00000000ebd00000, 0x00000000ebd00000, 0x00000000ebe00000|  0%| F|  |TAMS 0x00000000ebd00000, 0x00000000ebd00000| Untracked 
| 190|0x00000000ebe00000, 0x00000000ebe00000, 0x00000000ebf00000|  0%| F|  |TAMS 0x00000000ebe00000, 0x00000000ebe00000| Untracked 
| 191|0x00000000ebf00000, 0x00000000ebf00000, 0x00000000ec000000|  0%| F|  |TAMS 0x00000000ebf00000, 0x00000000ebf00000| Untracked 
| 192|0x00000000ec000000, 0x00000000ec000000, 0x00000000ec100000|  0%| F|  |TAMS 0x00000000ec000000, 0x00000000ec000000| Untracked 
| 193|0x00000000ec100000, 0x00000000ec100000, 0x00000000ec200000|  0%| F|  |TAMS 0x00000000ec100000, 0x00000000ec100000| Untracked 
| 194|0x00000000ec200000, 0x00000000ec200000, 0x00000000ec300000|  0%| F|  |TAMS 0x00000000ec200000, 0x00000000ec200000| Untracked 
| 195|0x00000000ec300000, 0x00000000ec300000, 0x00000000ec400000|  0%| F|  |TAMS 0x00000000ec300000, 0x00000000ec300000| Untracked 
| 196|0x00000000ec400000, 0x00000000ec400000, 0x00000000ec500000|  0%| F|  |TAMS 0x00000000ec400000, 0x00000000ec400000| Untracked 
| 197|0x00000000ec500000, 0x00000000ec500000, 0x00000000ec600000|  0%| F|  |TAMS 0x00000000ec500000, 0x00000000ec500000| Untracked 
| 198|0x00000000ec600000, 0x00000000ec600000, 0x00000000ec700000|  0%| F|  |TAMS 0x00000000ec600000, 0x00000000ec600000| Untracked 
| 199|0x00000000ec700000, 0x00000000ec700000, 0x00000000ec800000|  0%| F|  |TAMS 0x00000000ec700000, 0x00000000ec700000| Untracked 
| 200|0x00000000ec800000, 0x00000000ec800000, 0x00000000ec900000|  0%| F|  |TAMS 0x00000000ec800000, 0x00000000ec800000| Untracked 
| 201|0x00000000ec900000, 0x00000000ec900000, 0x00000000eca00000|  0%| F|  |TAMS 0x00000000ec900000, 0x00000000ec900000| Untracked 
| 202|0x00000000eca00000, 0x00000000eca00000, 0x00000000ecb00000|  0%| F|  |TAMS 0x00000000eca00000, 0x00000000eca00000| Untracked 
| 203|0x00000000ecb00000, 0x00000000ecb00000, 0x00000000ecc00000|  0%| F|  |TAMS 0x00000000ecb00000, 0x00000000ecb00000| Untracked 
| 204|0x00000000ecc00000, 0x00000000ecc00000, 0x00000000ecd00000|  0%| F|  |TAMS 0x00000000ecc00000, 0x00000000ecc00000| Untracked 
| 205|0x00000000ecd00000, 0x00000000ecd00000, 0x00000000ece00000|  0%| F|  |TAMS 0x00000000ecd00000, 0x00000000ecd00000| Untracked 
| 206|0x00000000ece00000, 0x00000000ece810e0, 0x00000000ecf00000| 50%| E|  |TAMS 0x00000000ece00000, 0x00000000ece00000| Complete 
| 207|0x00000000ecf00000, 0x00000000ed000000, 0x00000000ed000000|100%| E|CS|TAMS 0x00000000ecf00000, 0x00000000ecf00000| Complete 
| 208|0x00000000ed000000, 0x00000000ed100000, 0x00000000ed100000|100%| E|CS|TAMS 0x00000000ed000000, 0x00000000ed000000| Complete 
| 209|0x00000000ed100000, 0x00000000ed200000, 0x00000000ed200000|100%| E|CS|TAMS 0x00000000ed100000, 0x00000000ed100000| Complete 
| 210|0x00000000ed200000, 0x00000000ed300000, 0x00000000ed300000|100%| E|CS|TAMS 0x00000000ed200000, 0x00000000ed200000| Complete 
| 211|0x00000000ed300000, 0x00000000ed400000, 0x00000000ed400000|100%| E|CS|TAMS 0x00000000ed300000, 0x00000000ed300000| Complete 
| 212|0x00000000ed400000, 0x00000000ed500000, 0x00000000ed500000|100%| E|CS|TAMS 0x00000000ed400000, 0x00000000ed400000| Complete 
| 213|0x00000000ed500000, 0x00000000ed600000, 0x00000000ed600000|100%| E|CS|TAMS 0x00000000ed500000, 0x00000000ed500000| Complete 
| 214|0x00000000ed600000, 0x00000000ed700000, 0x00000000ed700000|100%| E|CS|TAMS 0x00000000ed600000, 0x00000000ed600000| Complete 
| 215|0x00000000ed700000, 0x00000000ed800000, 0x00000000ed800000|100%| E|CS|TAMS 0x00000000ed700000, 0x00000000ed700000| Complete 
| 216|0x00000000ed800000, 0x00000000ed900000, 0x00000000ed900000|100%| E|CS|TAMS 0x00000000ed800000, 0x00000000ed800000| Complete 
| 217|0x00000000ed900000, 0x00000000eda00000, 0x00000000eda00000|100%| E|CS|TAMS 0x00000000ed900000, 0x00000000ed900000| Complete 
| 218|0x00000000eda00000, 0x00000000edb00000, 0x00000000edb00000|100%| E|CS|TAMS 0x00000000eda00000, 0x00000000eda00000| Complete 
| 219|0x00000000edb00000, 0x00000000edc00000, 0x00000000edc00000|100%| E|CS|TAMS 0x00000000edb00000, 0x00000000edb00000| Complete 
| 220|0x00000000edc00000, 0x00000000edd00000, 0x00000000edd00000|100%| E|CS|TAMS 0x00000000edc00000, 0x00000000edc00000| Complete 
| 221|0x00000000edd00000, 0x00000000ede00000, 0x00000000ede00000|100%| E|CS|TAMS 0x00000000edd00000, 0x00000000edd00000| Complete 
| 222|0x00000000ede00000, 0x00000000edf00000, 0x00000000edf00000|100%| E|CS|TAMS 0x00000000ede00000, 0x00000000ede00000| Complete 
| 223|0x00000000edf00000, 0x00000000ee000000, 0x00000000ee000000|100%| E|CS|TAMS 0x00000000edf00000, 0x00000000edf00000| Complete 
| 224|0x00000000ee000000, 0x00000000ee100000, 0x00000000ee100000|100%| E|CS|TAMS 0x00000000ee000000, 0x00000000ee000000| Complete 
| 225|0x00000000ee100000, 0x00000000ee200000, 0x00000000ee200000|100%| E|CS|TAMS 0x00000000ee100000, 0x00000000ee100000| Complete 
| 226|0x00000000ee200000, 0x00000000ee300000, 0x00000000ee300000|100%| E|CS|TAMS 0x00000000ee200000, 0x00000000ee200000| Complete 
| 227|0x00000000ee300000, 0x00000000ee400000, 0x00000000ee400000|100%| E|CS|TAMS 0x00000000ee300000, 0x00000000ee300000| Complete 
| 228|0x00000000ee400000, 0x00000000ee500000, 0x00000000ee500000|100%| E|CS|TAMS 0x00000000ee400000, 0x00000000ee400000| Complete 
| 229|0x00000000ee500000, 0x00000000ee600000, 0x00000000ee600000|100%| E|CS|TAMS 0x00000000ee500000, 0x00000000ee500000| Complete 
| 230|0x00000000ee600000, 0x00000000ee700000, 0x00000000ee700000|100%| E|CS|TAMS 0x00000000ee600000, 0x00000000ee600000| Complete 
| 231|0x00000000ee700000, 0x00000000ee800000, 0x00000000ee800000|100%| E|CS|TAMS 0x00000000ee700000, 0x00000000ee700000| Complete 
| 232|0x00000000ee800000, 0x00000000ee900000, 0x00000000ee900000|100%| E|CS|TAMS 0x00000000ee800000, 0x00000000ee800000| Complete 
| 233|0x00000000ee900000, 0x00000000eea00000, 0x00000000eea00000|100%| E|CS|TAMS 0x00000000ee900000, 0x00000000ee900000| Complete 
| 234|0x00000000eea00000, 0x00000000eeb00000, 0x00000000eeb00000|100%| E|CS|TAMS 0x00000000eea00000, 0x00000000eea00000| Complete 
| 235|0x00000000eeb00000, 0x00000000eec00000, 0x00000000eec00000|100%| E|CS|TAMS 0x00000000eeb00000, 0x00000000eeb00000| Complete 
| 236|0x00000000eec00000, 0x00000000eed00000, 0x00000000eed00000|100%| E|CS|TAMS 0x00000000eec00000, 0x00000000eec00000| Complete 
| 237|0x00000000eed00000, 0x00000000eee00000, 0x00000000eee00000|100%| E|CS|TAMS 0x00000000eed00000, 0x00000000eed00000| Complete 
| 238|0x00000000eee00000, 0x00000000eef00000, 0x00000000eef00000|100%| E|CS|TAMS 0x00000000eee00000, 0x00000000eee00000| Complete 
| 239|0x00000000eef00000, 0x00000000ef000000, 0x00000000ef000000|100%| E|CS|TAMS 0x00000000eef00000, 0x00000000eef00000| Complete 
| 240|0x00000000ef000000, 0x00000000ef100000, 0x00000000ef100000|100%| E|CS|TAMS 0x00000000ef000000, 0x00000000ef000000| Complete 
| 241|0x00000000ef100000, 0x00000000ef200000, 0x00000000ef200000|100%| E|CS|TAMS 0x00000000ef100000, 0x00000000ef100000| Complete 
| 242|0x00000000ef200000, 0x00000000ef300000, 0x00000000ef300000|100%| E|CS|TAMS 0x00000000ef200000, 0x00000000ef200000| Complete 
| 243|0x00000000ef300000, 0x00000000ef400000, 0x00000000ef400000|100%| E|CS|TAMS 0x00000000ef300000, 0x00000000ef300000| Complete 
| 244|0x00000000ef400000, 0x00000000ef500000, 0x00000000ef500000|100%| E|CS|TAMS 0x00000000ef400000, 0x00000000ef400000| Complete 
| 245|0x00000000ef500000, 0x00000000ef600000, 0x00000000ef600000|100%| E|CS|TAMS 0x00000000ef500000, 0x00000000ef500000| Complete 
| 246|0x00000000ef600000, 0x00000000ef700000, 0x00000000ef700000|100%| E|CS|TAMS 0x00000000ef600000, 0x00000000ef600000| Complete 
| 247|0x00000000ef700000, 0x00000000ef800000, 0x00000000ef800000|100%| E|CS|TAMS 0x00000000ef700000, 0x00000000ef700000| Complete 
| 248|0x00000000ef800000, 0x00000000ef900000, 0x00000000ef900000|100%| E|CS|TAMS 0x00000000ef800000, 0x00000000ef800000| Complete 
| 249|0x00000000ef900000, 0x00000000efa00000, 0x00000000efa00000|100%| E|CS|TAMS 0x00000000ef900000, 0x00000000ef900000| Complete 
| 250|0x00000000efa00000, 0x00000000efb00000, 0x00000000efb00000|100%| E|CS|TAMS 0x00000000efa00000, 0x00000000efa00000| Complete 
| 251|0x00000000efb00000, 0x00000000efc00000, 0x00000000efc00000|100%| E|CS|TAMS 0x00000000efb00000, 0x00000000efb00000| Complete 
| 252|0x00000000efc00000, 0x00000000efd00000, 0x00000000efd00000|100%| E|CS|TAMS 0x00000000efc00000, 0x00000000efc00000| Complete 
| 253|0x00000000efd00000, 0x00000000efe00000, 0x00000000efe00000|100%| E|CS|TAMS 0x00000000efd00000, 0x00000000efd00000| Complete 
| 254|0x00000000efe00000, 0x00000000eff00000, 0x00000000eff00000|100%| E|CS|TAMS 0x00000000efe00000, 0x00000000efe00000| Complete 
| 255|0x00000000eff00000, 0x00000000f0000000, 0x00000000f0000000|100%| E|CS|TAMS 0x00000000eff00000, 0x00000000eff00000| Complete 

Card table byte_map: [0x0000021efd350000,0x0000021efd450000] _byte_map_base: 0x0000021efcc50000

Marking Bits (Prev, Next): (CMBitMap*) 0x0000021ee6474170, (CMBitMap*) 0x0000021ee64741b0
 Prev Bits: [0x0000021efd550000, 0x0000021efdd50000)
 Next Bits: [0x0000021efdd50000, 0x0000021efe550000)

Polling page: 0x0000021ee4440000

Metaspace:

Usage:
  Non-class:     42.41 MB used.
      Class:      7.14 MB used.
       Both:     49.55 MB used.

Virtual space:
  Non-class space:       64.00 MB reserved,      42.75 MB ( 67%) committed,  1 nodes.
      Class space:      320.00 MB reserved,       7.38 MB (  2%) committed,  1 nodes.
             Both:      384.00 MB reserved,      50.12 MB ( 13%) committed. 

Chunk freelists:
   Non-Class:  5.10 MB
       Class:  8.45 MB
        Both:  13.55 MB

MaxMetaspaceSize: 384.00 MB
CompressedClassSpaceSize: 320.00 MB
Initial GC threshold: 21.00 MB
Current GC threshold: 58.69 MB
CDS: on
MetaspaceReclaimPolicy: balanced
 - commit_granule_bytes: 65536.
 - commit_granule_words: 8192.
 - virtual_space_node_default_size: 8388608.
 - enlarge_chunks_in_place: 1.
 - new_chunks_are_fully_committed: 0.
 - uncommit_free_chunks: 1.
 - use_allocation_guard: 0.
 - handle_deallocations: 1.


Internal statistics:

num_allocs_failed_limit: 6.
num_arena_births: 596.
num_arena_deaths: 0.
num_vsnodes_births: 2.
num_vsnodes_deaths: 0.
num_space_committed: 802.
num_space_uncommitted: 0.
num_chunks_returned_to_freelist: 6.
num_chunks_taken_from_freelist: 2668.
num_chunk_merges: 6.
num_chunk_splits: 1745.
num_chunks_enlarged: 1170.
num_inconsistent_stats: 0.

CodeHeap 'non-profiled nmethods': size=120000Kb used=3314Kb max_used=3314Kb free=116685Kb
 bounds [0x0000021ef57d0000, 0x0000021ef5b10000, 0x0000021efcd00000]
CodeHeap 'profiled nmethods': size=120000Kb used=9974Kb max_used=9974Kb free=110025Kb
 bounds [0x0000021eedd00000, 0x0000021eee6c0000, 0x0000021ef5230000]
CodeHeap 'non-nmethods': size=5760Kb used=2331Kb max_used=2404Kb free=3428Kb
 bounds [0x0000021ef5230000, 0x0000021ef54a0000, 0x0000021ef57d0000]
 total_blobs=6120 nmethods=5273 adapters=759
 compilation: enabled
              stopped_count=0, restarted_count=0
 full_count=0

Compilation events (20 events):
Event: 7.159 Thread 0x0000021eff19fa90 nmethod 6007 0x0000021eee69e510 code [0x0000021eee69e6c0, 0x0000021eee69e8b8]
Event: 7.159 Thread 0x0000021eff19fa90 6008       3       java.lang.reflect.ProxyGenerator$ProxyMethod::codeUnwrapReturnValue (172 bytes)
Event: 7.159 Thread 0x0000021e9e24f070 6009       4       jdk.internal.org.objectweb.asm.Frame::accept (264 bytes)
Event: 7.160 Thread 0x0000021eff19fa90 nmethod 6008 0x0000021eee69e990 code [0x0000021eee69ec40, 0x0000021eee69fb78]
Event: 7.160 Thread 0x0000021eff19fa90 6011       3       java.lang.reflect.ProxyGenerator::addProxyMethod (33 bytes)
Event: 7.161 Thread 0x0000021eff19fa90 nmethod 6011 0x0000021eee69ff10 code [0x0000021eee6a0100, 0x0000021eee6a0658]
Event: 7.161 Thread 0x0000021eff19fa90 6012       3       java.lang.reflect.ProxyGenerator$$Lambda$29/0x0000021e8304eef0::apply (8 bytes)
Event: 7.161 Thread 0x0000021eff19fa90 nmethod 6012 0x0000021eee6a0810 code [0x0000021eee6a09c0, 0x0000021eee6a0cc8]
Event: 7.170 Thread 0x0000021eff19fa90 6013       3       java.lang.Class::getConstructor0 (83 bytes)
Event: 7.172 Thread 0x0000021eff19fa90 nmethod 6013 0x0000021eee6a0e10 code [0x0000021eee6a1080, 0x0000021eee6a1af8]
Event: 7.173 Thread 0x0000021eff19fa90 6015       3       java.util.LinkedHashMap$LinkedValues::toArray (16 bytes)
Event: 7.174 Thread 0x0000021eff19fa90 nmethod 6015 0x0000021eee6a1f90 code [0x0000021eee6a2140, 0x0000021eee6a22b8]
Event: 7.175 Thread 0x0000021eff19fa90 6016       3       org.gradle.internal.instantiation.generator.AsmBackedClassGenerator$ClassBuilderImpl$$Lambda$156/0x0000021e831cf528::emit (13 bytes)
Event: 7.176 Thread 0x0000021eff19fa90 nmethod 6016 0x0000021eee6a2390 code [0x0000021eee6a2540, 0x0000021eee6a2688]
Event: 7.176 Thread 0x0000021eff19fa90 6017       3       org.gradle.internal.instantiation.generator.AsmBackedClassGenerator$ClassBuilderImpl::lambda$addSetter$13 (12 bytes)
Event: 7.177 Thread 0x0000021eff19fa90 nmethod 6017 0x0000021eee6a2790 code [0x0000021eee6a2980, 0x0000021eee6a30a8]
Event: 7.177 Thread 0x0000021eff19fa90 6020       3       org.objectweb.asm.AnnotationWriter::computeAnnotationsSize (42 bytes)
Event: 7.177 Thread 0x0000021eff19fa90 nmethod 6020 0x0000021eee6a3310 code [0x0000021eee6a34c0, 0x0000021eee6a3708]
Event: 7.177 Thread 0x0000021eff19fa90 6018       3       org.gradle.internal.instantiation.generator.AsmBackedClassGenerator$ClassBuilderImpl$14::<init> (28 bytes)
Event: 7.178 Thread 0x0000021eff19fa90 nmethod 6018 0x0000021eee6a3890 code [0x0000021eee6a3a80, 0x0000021eee6a40e8]

GC Heap History (12 events):
Event: 0.331 GC heap before
{Heap before GC invocations=0 (full 0):
 garbage-first heap   total 262144K, used 23552K [0x00000000e0000000, 0x0000000100000000)
  region size 1024K, 23 young (23552K), 0 survivors (0K)
 Metaspace       used 1046K, committed 1216K, reserved 393216K
  class space    used 73K, committed 128K, reserved 327680K
}
Event: 0.335 GC heap after
{Heap after GC invocations=1 (full 0):
 garbage-first heap   total 262144K, used 3988K [0x00000000e0000000, 0x0000000100000000)
  region size 1024K, 3 young (3072K), 3 survivors (3072K)
 Metaspace       used 1046K, committed 1216K, reserved 393216K
  class space    used 73K, committed 128K, reserved 327680K
}
Event: 0.910 GC heap before
{Heap before GC invocations=1 (full 0):
 garbage-first heap   total 262144K, used 39828K [0x00000000e0000000, 0x0000000100000000)
  region size 1024K, 36 young (36864K), 3 survivors (3072K)
 Metaspace       used 4341K, committed 4544K, reserved 393216K
  class space    used 545K, committed 640K, reserved 327680K
}
Event: 0.915 GC heap after
{Heap after GC invocations=2 (full 0):
 garbage-first heap   total 262144K, used 11772K [0x00000000e0000000, 0x0000000100000000)
  region size 1024K, 5 young (5120K), 5 survivors (5120K)
 Metaspace       used 4341K, committed 4544K, reserved 393216K
  class space    used 545K, committed 640K, reserved 327680K
}
Event: 1.311 GC heap before
{Heap before GC invocations=2 (full 0):
 garbage-first heap   total 262144K, used 60924K [0x00000000e0000000, 0x0000000100000000)
  region size 1024K, 51 young (52224K), 5 survivors (5120K)
 Metaspace       used 5093K, committed 5248K, reserved 393216K
  class space    used 677K, committed 768K, reserved 327680K
}
Event: 1.316 GC heap after
{Heap after GC invocations=3 (full 0):
 garbage-first heap   total 262144K, used 17205K [0x00000000e0000000, 0x0000000100000000)
  region size 1024K, 5 young (5120K), 5 survivors (5120K)
 Metaspace       used 5093K, committed 5248K, reserved 393216K
  class space    used 677K, committed 768K, reserved 327680K
}
Event: 3.135 GC heap before
{Heap before GC invocations=3 (full 0):
 garbage-first heap   total 262144K, used 122677K [0x00000000e0000000, 0x0000000100000000)
  region size 1024K, 109 young (111616K), 5 survivors (5120K)
 Metaspace       used 21099K, committed 21504K, reserved 393216K
  class space    used 3101K, committed 3328K, reserved 327680K
}
Event: 3.144 GC heap after
{Heap after GC invocations=4 (full 0):
 garbage-first heap   total 262144K, used 24416K [0x00000000e0000000, 0x0000000100000000)
  region size 1024K, 12 young (12288K), 12 survivors (12288K)
 Metaspace       used 21099K, committed 21504K, reserved 393216K
  class space    used 3101K, committed 3328K, reserved 327680K
}
Event: 4.925 GC heap before
{Heap before GC invocations=5 (full 0):
 garbage-first heap   total 262144K, used 147296K [0x00000000e0000000, 0x0000000100000000)
  region size 1024K, 129 young (132096K), 12 survivors (12288K)
 Metaspace       used 35502K, committed 35968K, reserved 393216K
  class space    used 4945K, committed 5184K, reserved 327680K
}
Event: 4.938 GC heap after
{Heap after GC invocations=6 (full 0):
 garbage-first heap   total 262144K, used 33915K [0x00000000e0000000, 0x0000000100000000)
  region size 1024K, 17 young (17408K), 17 survivors (17408K)
 Metaspace       used 35502K, committed 35968K, reserved 393216K
  class space    used 4945K, committed 5184K, reserved 327680K
}
Event: 6.743 GC heap before
{Heap before GC invocations=7 (full 0):
 garbage-first heap   total 262144K, used 174203K [0x00000000e0000000, 0x0000000100000000)
  region size 1024K, 153 young (156672K), 17 survivors (17408K)
 Metaspace       used 49024K, committed 49536K, reserved 393216K
  class space    used 7053K, committed 7296K, reserved 327680K
}
Event: 6.755 GC heap after
{Heap after GC invocations=8 (full 0):
 garbage-first heap   total 262144K, used 39068K [0x00000000e0000000, 0x0000000100000000)
  region size 1024K, 15 young (15360K), 15 survivors (15360K)
 Metaspace       used 49024K, committed 49536K, reserved 393216K
  class space    used 7053K, committed 7296K, reserved 327680K
}

Deoptimization events (20 events):
Event: 6.992 Thread 0x0000021e9c2a68b0 Uncommon trap: trap_request=0xffffff45 fr.pc=0x0000021ef5974e88 relative=0x0000000000001588
Event: 6.992 Thread 0x0000021e9c2a68b0 Uncommon trap: reason=unstable_if action=reinterpret pc=0x0000021ef5974e88 method=java.util.WeakHashMap.matchesKey(Ljava/util/WeakHashMap$Entry;Ljava/lang/Object;)Z @ 5 c2
Event: 6.992 Thread 0x0000021e9c2a68b0 DEOPT PACKING pc=0x0000021ef5974e88 sp=0x00000065f19f6450
Event: 6.992 Thread 0x0000021e9c2a68b0 DEOPT UNPACKING pc=0x0000021ef52823a3 sp=0x00000065f19f63d8 mode 2
Event: 7.005 Thread 0x0000021e9c2a68b0 Uncommon trap: trap_request=0xffffffc6 fr.pc=0x0000021ef5a42068 relative=0x00000000000025c8
Event: 7.005 Thread 0x0000021e9c2a68b0 Uncommon trap: reason=bimorphic_or_optimized_type_check action=maybe_recompile pc=0x0000021ef5a42068 method=org.codehaus.groovy.runtime.metaclass.MetaMethodIndex.isOverridden(Lgroovy/lang/MetaMethod;Lgroovy/lang/MetaMethod;)Z @ 56 c2
Event: 7.005 Thread 0x0000021e9c2a68b0 DEOPT PACKING pc=0x0000021ef5a42068 sp=0x00000065f19f5c10
Event: 7.006 Thread 0x0000021e9c2a68b0 DEOPT UNPACKING pc=0x0000021ef52823a3 sp=0x00000065f19f5bc8 mode 2
Event: 7.024 Thread 0x0000021e9c2a68b0 Uncommon trap: trap_request=0xffffffc6 fr.pc=0x0000021ef5a42068 relative=0x00000000000025c8
Event: 7.024 Thread 0x0000021e9c2a68b0 Uncommon trap: reason=bimorphic_or_optimized_type_check action=maybe_recompile pc=0x0000021ef5a42068 method=org.codehaus.groovy.runtime.metaclass.MetaMethodIndex.isOverridden(Lgroovy/lang/MetaMethod;Lgroovy/lang/MetaMethod;)Z @ 56 c2
Event: 7.024 Thread 0x0000021e9c2a68b0 DEOPT PACKING pc=0x0000021ef5a42068 sp=0x00000065f19f6e10
Event: 7.024 Thread 0x0000021e9c2a68b0 DEOPT UNPACKING pc=0x0000021ef52823a3 sp=0x00000065f19f6dc8 mode 2
Event: 7.050 Thread 0x0000021e9c2a68b0 Uncommon trap: trap_request=0xffffffdc fr.pc=0x0000021ef5aee940 relative=0x00000000000002a0
Event: 7.050 Thread 0x0000021e9c2a68b0 Uncommon trap: reason=class_check action=make_not_entrant pc=0x0000021ef5aee940 method=java.util.ArrayList.toArray([Ljava/lang/Object;)[Ljava/lang/Object; @ 21 c2
Event: 7.050 Thread 0x0000021e9c2a68b0 DEOPT PACKING pc=0x0000021ef5aee940 sp=0x00000065f19f8fe0
Event: 7.050 Thread 0x0000021e9c2a68b0 DEOPT UNPACKING pc=0x0000021ef52823a3 sp=0x00000065f19f8fa0 mode 2
Event: 7.142 Thread 0x0000021e9c2a68b0 Uncommon trap: trap_request=0xffffff45 fr.pc=0x0000021ef5a04c00 relative=0x0000000000000080
Event: 7.142 Thread 0x0000021e9c2a68b0 Uncommon trap: reason=unstable_if action=reinterpret pc=0x0000021ef5a04c00 method=java.util.HashMap$HashMapSpliterator.getFence()I @ 37 c2
Event: 7.142 Thread 0x0000021e9c2a68b0 DEOPT PACKING pc=0x0000021ef5a04c00 sp=0x00000065f19f9710
Event: 7.142 Thread 0x0000021e9c2a68b0 DEOPT UNPACKING pc=0x0000021ef52823a3 sp=0x00000065f19f9688 mode 2

Classes unloaded (0 events):
No events

Classes redefined (0 events):
No events

Internal exceptions (20 events):
Event: 7.054 Thread 0x0000021e9c2a68b0 Exception <a 'java/lang/ClassNotFoundException'{0x00000000ee1ac660}: org/gradle/api/internal/artifacts/dsl/dependencies/DefaultDependencyHandlerBeanInfo> (0x00000000ee1ac660) 
thrown [s\open\src\hotspot\share\classfile\systemDictionary.cpp, line 256]
Event: 7.055 Thread 0x0000021e9c2a68b0 Exception <a 'java/lang/ClassNotFoundException'{0x00000000ee1c3f18}: org/gradle/api/internal/artifacts/dsl/dependencies/DefaultDependencyHandlerCustomizer> (0x00000000ee1c3f18) 
thrown [s\open\src\hotspot\share\classfile\systemDictionary.cpp, line 256]
Event: 7.057 Thread 0x0000021e9c2a68b0 Exception <a 'java/lang/ClassNotFoundException'{0x00000000ee0044a0}: org/gradle/api/internal/artifacts/dsl/dependencies/DefaultDependencyHandler_DecoratedCustomizer> (0x00000000ee0044a0) 
thrown [s\open\src\hotspot\share\classfile\systemDictionary.cpp, line 256]
Event: 7.073 Thread 0x0000021e9c2a68b0 Exception <a 'java/lang/ClassNotFoundException'{0x00000000edf1f990}: groovy/lang/GString$1BeanInfo> (0x00000000edf1f990) 
thrown [s\open\src\hotspot\share\classfile\systemDictionary.cpp, line 256]
Event: 7.074 Thread 0x0000021e9c2a68b0 Exception <a 'java/lang/ClassNotFoundException'{0x00000000edf41ea0}: groovy/lang/GStringBeanInfo> (0x00000000edf41ea0) 
thrown [s\open\src\hotspot\share\classfile\systemDictionary.cpp, line 256]
Event: 7.075 Thread 0x0000021e9c2a68b0 Exception <a 'java/lang/ClassNotFoundException'{0x00000000edf640c8}: groovy/lang/GStringCustomizer> (0x00000000edf640c8) 
thrown [s\open\src\hotspot\share\classfile\systemDictionary.cpp, line 256]
Event: 7.077 Thread 0x0000021e9c2a68b0 Exception <a 'java/lang/ClassNotFoundException'{0x00000000edf90110}: groovy/lang/GString$1Customizer> (0x00000000edf90110) 
thrown [s\open\src\hotspot\share\classfile\systemDictionary.cpp, line 256]
Event: 7.081 Thread 0x0000021e9c2a68b0 Exception <a 'java/lang/ClassNotFoundException'{0x00000000edfdc5a0}: groovy/lang/GroovyObjectBeanInfo> (0x00000000edfdc5a0) 
thrown [s\open\src\hotspot\share\classfile\systemDictionary.cpp, line 256]
Event: 7.082 Thread 0x0000021e9c2a68b0 Exception <a 'java/lang/ClassNotFoundException'{0x00000000edfff4a0}: groovy/lang/GroovyObjectCustomizer> (0x00000000edfff4a0) 
thrown [s\open\src\hotspot\share\classfile\systemDictionary.cpp, line 256]
Event: 7.083 Thread 0x0000021e9c2a68b0 Exception <a 'java/lang/ClassNotFoundException'{0x00000000ede16cb8}: io/spring/gradle/dependencymanagement/dsl/ImportsHandlerBeanInfo> (0x00000000ede16cb8) 
thrown [s\open\src\hotspot\share\classfile\systemDictionary.cpp, line 256]
Event: 7.083 Thread 0x0000021e9c2a68b0 Exception <a 'java/lang/ClassNotFoundException'{0x00000000ede21bf8}: io/spring/gradle/dependencymanagement/dsl/ImportsHandlerCustomizer> (0x00000000ede21bf8) 
thrown [s\open\src\hotspot\share\classfile\systemDictionary.cpp, line 256]
Event: 7.087 Thread 0x0000021e9c2a68b0 Exception <a 'java/lang/ClassNotFoundException'{0x00000000edb059c8}: org/codehaus/groovy/runtime/GStringImplBeanInfo> (0x00000000edb059c8) 
thrown [s\open\src\hotspot\share\classfile\systemDictionary.cpp, line 256]
Event: 7.088 Thread 0x0000021e9c2a68b0 Exception <a 'java/lang/ClassNotFoundException'{0x00000000edaf8a70}: org/codehaus/groovy/runtime/GStringImplCustomizer> (0x00000000edaf8a70) 
thrown [s\open\src\hotspot\share\classfile\systemDictionary.cpp, line 256]
Event: 7.098 Thread 0x0000021e9c2a68b0 Exception <a 'java/lang/ClassNotFoundException'{0x00000000ed6692f8}: org/gradle/api/internal/tasks/DefaultTaskContainer_DecoratedBeanInfo> (0x00000000ed6692f8) 
thrown [s\open\src\hotspot\share\classfile\systemDictionary.cpp, line 256]
Event: 7.099 Thread 0x0000021e9c2a68b0 Exception <a 'java/lang/ClassNotFoundException'{0x00000000ed67b2d0}: org/gradle/api/internal/tasks/DefaultTaskContainerBeanInfo> (0x00000000ed67b2d0) 
thrown [s\open\src\hotspot\share\classfile\systemDictionary.cpp, line 256]
Event: 7.100 Thread 0x0000021e9c2a68b0 Exception <a 'java/lang/ClassNotFoundException'{0x00000000ed68d848}: org/gradle/api/internal/tasks/DefaultTaskCollectionBeanInfo> (0x00000000ed68d848) 
thrown [s\open\src\hotspot\share\classfile\systemDictionary.cpp, line 256]
Event: 7.101 Thread 0x0000021e9c2a68b0 Exception <a 'java/lang/ClassNotFoundException'{0x00000000ed69fd68}: org/gradle/api/internal/tasks/DefaultTaskCollectionCustomizer> (0x00000000ed69fd68) 
thrown [s\open\src\hotspot\share\classfile\systemDictionary.cpp, line 256]
Event: 7.103 Thread 0x0000021e9c2a68b0 Exception <a 'java/lang/ClassNotFoundException'{0x00000000ed6e5ba8}: org/gradle/api/internal/tasks/DefaultTaskContainerCustomizer> (0x00000000ed6e5ba8) 
thrown [s\open\src\hotspot\share\classfile\systemDictionary.cpp, line 256]
Event: 7.106 Thread 0x0000021e9c2a68b0 Exception <a 'java/lang/ClassNotFoundException'{0x00000000ed54acd0}: org/gradle/api/internal/tasks/DefaultTaskContainer_DecoratedCustomizer> (0x00000000ed54acd0) 
thrown [s\open\src\hotspot\share\classfile\systemDictionary.cpp, line 256]
Event: 7.142 Thread 0x0000021e9c2a68b0 Implicit null exception at 0x0000021ef5a04bcb to 0x0000021ef5a04bf0

VM Operations (20 events):
Event: 5.318 Executing VM operation: ICBufferFull
Event: 5.318 Executing VM operation: ICBufferFull done
Event: 5.823 Executing VM operation: HandshakeAllThreads
Event: 5.823 Executing VM operation: HandshakeAllThreads done
Event: 5.829 Executing VM operation: ICBufferFull
Event: 5.829 Executing VM operation: ICBufferFull done
Event: 5.834 Executing VM operation: HandshakeAllThreads
Event: 5.834 Executing VM operation: HandshakeAllThreads done
Event: 5.843 Executing VM operation: HandshakeAllThreads
Event: 5.844 Executing VM operation: HandshakeAllThreads done
Event: 5.883 Executing VM operation: HandshakeAllThreads
Event: 5.883 Executing VM operation: HandshakeAllThreads done
Event: 6.116 Executing VM operation: ICBufferFull
Event: 6.117 Executing VM operation: ICBufferFull done
Event: 6.339 Executing VM operation: ICBufferFull
Event: 6.339 Executing VM operation: ICBufferFull done
Event: 6.743 Executing VM operation: G1CollectForAllocation
Event: 6.755 Executing VM operation: G1CollectForAllocation done
Event: 7.047 Executing VM operation: ICBufferFull
Event: 7.047 Executing VM operation: ICBufferFull done

Events (20 events):
Event: 6.940 loading class sun/reflect/generics/tree/BooleanSignature
Event: 6.940 loading class sun/reflect/generics/tree/BooleanSignature done
Event: 6.947 loading class org/xml/sax/Locator
Event: 6.947 loading class org/xml/sax/Locator done
Event: 6.947 loading class org/xml/sax/SAXParseException
Event: 6.947 loading class org/xml/sax/SAXParseException done
Event: 6.948 loading class org/xml/sax/Attributes
Event: 6.948 loading class org/xml/sax/Attributes done
Event: 6.986 loading class java/util/AbstractCollectionBeanInfo
Event: 6.986 loading class java/util/AbstractCollectionBeanInfo done
Event: 6.986 loading class java/util/AbstractCollectionBeanInfo
Event: 6.986 loading class java/util/AbstractCollectionBeanInfo done
Event: 6.986 loading class java/util/AbstractCollectionCustomizer
Event: 6.986 loading class java/util/AbstractCollectionCustomizer done
Event: 6.986 loading class java/util/AbstractCollectionCustomizer
Event: 6.986 loading class java/util/AbstractCollectionCustomizer done
Event: 6.986 loading class sun/reflect/generics/reflectiveObjects/GenericArrayTypeImpl
Event: 6.987 loading class sun/reflect/generics/reflectiveObjects/GenericArrayTypeImpl done
Event: 7.104 loading class sun/reflect/generics/tree/LongSignature
Event: 7.104 loading class sun/reflect/generics/tree/LongSignature done


Dynamic libraries:
0x00007ff6f3bc0000 - 0x00007ff6f3bd0000 	C:\Program Files\Java\jdk-17\bin\java.exe
0x00007ffd59ec0000 - 0x00007ffd5a0c9000 	C:\windows\SYSTEM32\ntdll.dll
0x00007ffd58910000 - 0x00007ffd589cd000 	C:\windows\System32\KERNEL32.DLL
0x00007ffd574e0000 - 0x00007ffd57864000 	C:\windows\System32\KERNELBASE.dll
0x00007ffd57350000 - 0x00007ffd57461000 	C:\windows\System32\ucrtbase.dll
0x00007ffd05fd0000 - 0x00007ffd05feb000 	C:\Program Files\Java\jdk-17\bin\VCRUNTIME140.dll
0x00007ffcff510000 - 0x00007ffcff529000 	C:\Program Files\Java\jdk-17\bin\jli.dll
0x00007ffd57e40000 - 0x00007ffd57eee000 	C:\windows\System32\ADVAPI32.dll
0x00007ffd57d10000 - 0x00007ffd57db3000 	C:\windows\System32\msvcrt.dll
0x00007ffd586c0000 - 0x00007ffd5875e000 	C:\windows\System32\sechost.dll
0x00007ffd59a50000 - 0x00007ffd59b71000 	C:\windows\System32\RPCRT4.dll
0x00007ffd58760000 - 0x00007ffd5890d000 	C:\windows\System32\USER32.dll
0x00007ffd57bc0000 - 0x00007ffd57be6000 	C:\windows\System32\win32u.dll
0x00007ffd59df0000 - 0x00007ffd59e1a000 	C:\windows\System32\GDI32.dll
0x00007ffd35140000 - 0x00007ffd353e5000 	C:\windows\WinSxS\amd64_microsoft.windows.common-controls_6595b64144ccf1df_6.0.22000.120_none_9d947278b86cc467\COMCTL32.dll
0x00007ffd57bf0000 - 0x00007ffd57d0e000 	C:\windows\System32\gdi32full.dll
0x00007ffd57b20000 - 0x00007ffd57bbd000 	C:\windows\System32\msvcp_win.dll
0x00007ffd49a70000 - 0x00007ffd49a7a000 	C:\windows\SYSTEM32\VERSION.dll
0x00007ffd58aa0000 - 0x00007ffd58ad1000 	C:\windows\System32\IMM32.DLL
0x00007ffd4c7d0000 - 0x00007ffd4c7dc000 	C:\Program Files\Java\jdk-17\bin\vcruntime140_1.dll
0x00007ffcf5190000 - 0x00007ffcf521e000 	C:\Program Files\Java\jdk-17\bin\msvcp140.dll
0x00007ffcbaa30000 - 0x00007ffcbb60f000 	C:\Program Files\Java\jdk-17\bin\server\jvm.dll
0x00007ffd57fa0000 - 0x00007ffd57fa8000 	C:\windows\System32\PSAPI.DLL
0x00007ffd22ff0000 - 0x00007ffd22ff9000 	C:\windows\SYSTEM32\WSOCK32.dll
0x00007ffd4c790000 - 0x00007ffd4c7c3000 	C:\windows\SYSTEM32\WINMM.dll
0x00007ffd59d80000 - 0x00007ffd59def000 	C:\windows\System32\WS2_32.dll
0x00007ffd563a0000 - 0x00007ffd563b8000 	C:\windows\SYSTEM32\kernel.appcore.dll
0x00007ffd39f60000 - 0x00007ffd39f6a000 	C:\Program Files\Java\jdk-17\bin\jimage.dll
0x00007ffd54a60000 - 0x00007ffd54c81000 	C:\windows\SYSTEM32\DBGHELP.DLL
0x00007ffd38cc0000 - 0x00007ffd38cf1000 	C:\windows\SYSTEM32\dbgcore.DLL
0x00007ffd57aa0000 - 0x00007ffd57b1f000 	C:\windows\System32\bcryptPrimitives.dll
0x00007ffd057c0000 - 0x00007ffd057ce000 	C:\Program Files\Java\jdk-17\bin\instrument.dll
0x00007ffcf4df0000 - 0x00007ffcf4e15000 	C:\Program Files\Java\jdk-17\bin\java.dll
0x00007ffcf4d10000 - 0x00007ffcf4de7000 	C:\Program Files\Java\jdk-17\bin\jsvml.dll
0x00007ffd59190000 - 0x00007ffd59955000 	C:\windows\System32\SHELL32.dll
0x00007ffd553e0000 - 0x00007ffd55c42000 	C:\windows\SYSTEM32\windows.storage.dll
0x00007ffd57fc0000 - 0x00007ffd58336000 	C:\windows\System32\combase.dll
0x00007ffd55270000 - 0x00007ffd553d7000 	C:\windows\SYSTEM32\wintypes.dll
0x00007ffd585c0000 - 0x00007ffd586aa000 	C:\windows\System32\SHCORE.dll
0x00007ffd59130000 - 0x00007ffd5918d000 	C:\windows\System32\shlwapi.dll
0x00007ffd57280000 - 0x00007ffd572a5000 	C:\windows\SYSTEM32\profapi.dll
0x00007ffcfed80000 - 0x00007ffcfed98000 	C:\Program Files\Java\jdk-17\bin\zip.dll
0x00007ffcf5c00000 - 0x00007ffcf5c19000 	C:\Program Files\Java\jdk-17\bin\net.dll
0x00007ffd52890000 - 0x00007ffd529a4000 	C:\windows\SYSTEM32\WINHTTP.dll
0x00007ffd56870000 - 0x00007ffd568d7000 	C:\windows\system32\mswsock.dll
0x00007ffcf5170000 - 0x00007ffcf5186000 	C:\Program Files\Java\jdk-17\bin\nio.dll
0x00007ffd02500000 - 0x00007ffd02510000 	C:\Program Files\Java\jdk-17\bin\verify.dll
0x00007ffd02ed0000 - 0x00007ffd02ef7000 	C:\Users\HP\.gradle\native\1def1411415f61bf3af743bc5b6707747c0891f09f0c88961ee8f79bc544acac\windows-amd64\native-platform.dll
0x00007ffd3c4b0000 - 0x00007ffd3c528000 	C:\Users\HP\.gradle\native\0.2.6\x86_64-windows-gnu\gradle-fileevents.dll
0x00007ffcfef60000 - 0x00007ffcfef6a000 	C:\Program Files\Java\jdk-17\bin\management.dll
0x00007ffcfef50000 - 0x00007ffcfef5b000 	C:\Program Files\Java\jdk-17\bin\management_ext.dll
0x00007ffd55eb0000 - 0x00007ffd55edd000 	C:\windows\SYSTEM32\IPHLPAPI.DLL
0x00007ffd586b0000 - 0x00007ffd586b9000 	C:\windows\System32\NSI.dll
0x00007ffd527f0000 - 0x00007ffd52809000 	C:\windows\SYSTEM32\dhcpcsvc6.DLL
0x00007ffd52ce0000 - 0x00007ffd52cfe000 	C:\windows\SYSTEM32\dhcpcsvc.DLL
0x00007ffd55ee0000 - 0x00007ffd55fc7000 	C:\windows\SYSTEM32\DNSAPI.dll
0x00007ffd56ab0000 - 0x00007ffd56ac8000 	C:\windows\SYSTEM32\CRYPTSP.dll
0x00007ffd56300000 - 0x00007ffd56335000 	C:\windows\system32\rsaenh.dll
0x00007ffd56960000 - 0x00007ffd5698c000 	C:\windows\SYSTEM32\USERENV.dll
0x00007ffd56ca0000 - 0x00007ffd56cc7000 	C:\windows\SYSTEM32\bcrypt.dll
0x00007ffd56ad0000 - 0x00007ffd56adc000 	C:\windows\SYSTEM32\CRYPTBASE.dll
0x00007ffcfed70000 - 0x00007ffcfed7e000 	C:\Program Files\Java\jdk-17\bin\sunmscapi.dll
0x00007ffd57930000 - 0x00007ffd57a92000 	C:\windows\System32\CRYPT32.dll
0x00007ffd56c70000 - 0x00007ffd56c98000 	C:\windows\SYSTEM32\ncrypt.dll
0x00007ffd56c30000 - 0x00007ffd56c67000 	C:\windows\SYSTEM32\NTASN1.dll
0x00007ffd161e0000 - 0x00007ffd161e8000 	C:\windows\system32\wshunix.dll

dbghelp: loaded successfully - version: 4.0.5 - missing functions: none
symbol engine: initialized successfully - sym options: 0x614 - pdb path: .;C:\Program Files\Java\jdk-17\bin;C:\windows\SYSTEM32;C:\windows\WinSxS\amd64_microsoft.windows.common-controls_6595b64144ccf1df_6.0.22000.120_none_9d947278b86cc467;C:\Program Files\Java\jdk-17\bin\server;C:\Users\HP\.gradle\native\1def1411415f61bf3af743bc5b6707747c0891f09f0c88961ee8f79bc544acac\windows-amd64;C:\Users\HP\.gradle\native\0.2.6\x86_64-windows-gnu

VM Arguments:
jvm_args: --add-opens=java.base/java.lang=ALL-UNNAMED --add-opens=java.base/java.lang.invoke=ALL-UNNAMED --add-opens=java.base/java.util=ALL-UNNAMED --add-opens=java.prefs/java.util.prefs=ALL-UNNAMED --add-exports=jdk.compiler/com.sun.tools.javac.api=ALL-UNNAMED --add-exports=jdk.compiler/com.sun.tools.javac.util=ALL-UNNAMED --add-opens=java.base/java.util=ALL-UNNAMED --add-opens=java.prefs/java.util.prefs=ALL-UNNAMED --add-opens=java.base/java.nio.charset=ALL-UNNAMED --add-opens=java.base/java.net=ALL-UNNAMED --add-opens=java.base/java.util.concurrent.atomic=ALL-UNNAMED --add-opens=java.xml/javax.xml.namespace=ALL-UNNAMED -XX:MaxMetaspaceSize=384m -XX:+HeapDumpOnOutOfMemoryError -Xms256m -Xmx512m -Dfile.encoding=UTF-8 -Duser.country=US -Duser.language=en -Duser.variant -javaagent:C:\Users\HP\.gradle\wrapper\dists\gradle-8.12.1-bin\eumc4uhoysa37zql93vfjkxy0\gradle-8.12.1\lib\agents\gradle-instrumentation-agent-8.12.1.jar 
java_command: org.gradle.launcher.daemon.bootstrap.GradleDaemon 8.12.1
java_class_path (initial): C:\Users\HP\.gradle\wrapper\dists\gradle-8.12.1-bin\eumc4uhoysa37zql93vfjkxy0\gradle-8.12.1\lib\gradle-daemon-main-8.12.1.jar
Launcher Type: SUN_STANDARD

[Global flags]
     intx CICompilerCount                          = 4                                         {product} {ergonomic}
   size_t CompressedClassSpaceSize                 = 335544320                                 {product} {ergonomic}
     uint ConcGCThreads                            = 3                                         {product} {ergonomic}
     uint G1ConcRefinementThreads                  = 10                                        {product} {ergonomic}
   size_t G1HeapRegionSize                         = 1048576                                   {product} {ergonomic}
    uintx GCDrainStackTargetSize                   = 64                                        {product} {ergonomic}
     bool HeapDumpOnOutOfMemoryError               = true                                   {manageable} {command line}
   size_t InitialHeapSize                          = 268435456                                 {product} {command line}
   size_t MarkStackSize                            = 4194304                                   {product} {ergonomic}
   size_t MaxHeapSize                              = 536870912                                 {product} {command line}
   size_t MaxMetaspaceSize                         = 402653184                                 {product} {command line}
   size_t MaxNewSize                               = 321912832                                 {product} {ergonomic}
   size_t MinHeapDeltaBytes                        = 1048576                                   {product} {ergonomic}
   size_t MinHeapSize                              = 268435456                                 {product} {command line}
    uintx NonNMethodCodeHeapSize                   = 5839372                                {pd product} {ergonomic}
    uintx NonProfiledCodeHeapSize                  = 122909434                              {pd product} {ergonomic}
    uintx ProfiledCodeHeapSize                     = 122909434                              {pd product} {ergonomic}
    uintx ReservedCodeCacheSize                    = 251658240                              {pd product} {ergonomic}
     bool SegmentedCodeCache                       = true                                      {product} {ergonomic}
   size_t SoftMaxHeapSize                          = 536870912                              {manageable} {ergonomic}
     bool UseCompressedClassPointers               = true                           {product lp64_product} {ergonomic}
     bool UseCompressedOops                        = true                           {product lp64_product} {ergonomic}
     bool UseG1GC                                  = true                                      {product} {ergonomic}
     bool UseLargePagesIndividualAllocation        = false                                  {pd product} {ergonomic}

Logging:
Log output configuration:
 #0: stdout all=warning uptime,level,tags
 #1: stderr all=off uptime,level,tags

Environment Variables:
PATH=c:\Users\HP\AppData\Local\Programs\cursor\resources\app\bin;E:\orcl_db_home\bin;E:\WINDOWS.X64_193000_db_home\bin;C:\Program Files\Common Files\Oracle\Java\javapath;C:\Program Files (x86)\Common Files\Oracle\Java\java8path;C:\Program Files (x86)\Common Files\Oracle\Java\javapath;C:\windows\system32;C:\windows;C:\windows\System32\Wbem;C:\windows\System32\WindowsPowerShell\v1.0\;C:\windows\System32\OpenSSH\;C:\Program Files (x86)\dotnet\;C:\Program Files\HP\HP One Agent;C:\Program Files\Microsoft SQL Server\Client SDK\ODBC\130\Tools\Binn\;C:\Program Files (x86)\Microsoft SQL Server\140\Tools\Binn\;C:\Program Files\Microsoft SQL Server\140\Tools\Binn\;C:\Program Files\Microsoft SQL Server\140\DTS\Binn\;C:\Program Files (x86)\Microsoft SQL Server\Client SDK\ODBC\130\Tools\Binn\;C:\Program Files (x86)\Microsoft SQL Server\140\DTS\Binn\;C:\Program Files (x86)\Microsoft SQL Server\140\Tools\Binn\ManagementStudio\;C:\Users\HP\AppData\Local\Microsoft\WindowsApps;C:\Program Files\JetBrains\IntelliJ IDEA 2024.2.1\bin;c;C:\Program Files\Git\cmd;C:\Program Files\MySQL\MySQL Shell 8.0\bin\;C:\Users\HP\AppData\Local\Microsoft\WindowsApps;C:\Users\HP\AppData\Local\Programs\Microsoft VS Code\bin;C:\Program Files\JetBrains\IntelliJ IDEA 2024.2.5\bin;
USERNAME=HP
OS=Windows_NT
PROCESSOR_IDENTIFIER=Intel64 Family 6 Model 154 Stepping 4, GenuineIntel



---------------  S Y S T E M  ---------------

OS:
 Windows 11 , 64 bit Build 22000 (10.0.22000.2538)
OS uptime: 0 days 1:43 hours
Hyper-V role detected

CPU: total 12 (initial active 12) (6 cores per cpu, 2 threads per core) family 6 model 154 stepping 4 microcode 0x41e, cx8, cmov, fxsr, ht, mmx, 3dnowpref, sse, sse2, sse3, ssse3, sse4.1, sse4.2, popcnt, lzcnt, tsc, tscinvbit, avx, avx2, aes, erms, clmul, bmi1, bmi2, adx, sha, fma, vzeroupper, clflush, clflushopt, clwb, hv

Memory: 4k page, system-wide physical 7865M (470M free)
TotalPageFile size 19677M (AvailPageFile size 3M)
current process WorkingSet (physical memory assigned to process): 387M, peak: 388M
current process commit charge ("private bytes"): 498M, peak: 502M

vm_info: Java HotSpot(TM) 64-Bit Server VM (17.0.10+11-LTS-240) for windows-amd64 JRE (17.0.10+11-LTS-240), built on Dec 19 2023 21:47:25 by "mach5one" with MS VC++ 17.1 (VS2022)

END.
