#
# There is insufficient memory for the Java Runtime Environment to continue.
# Native memory allocation (malloc) failed to allocate 2097152 bytes for AllocateHeap
# Possible reasons:
#   The system is out of physical RAM or swap space
#   The process is running with CompressedOops enabled, and the Java Heap may be blocking the growth of the native heap
# Possible solutions:
#   Reduce memory load on the system
#   Increase physical memory or swap space
#   Check if swap backing store is full
#   Decrease Java heap size (-Xmx/-Xms)
#   Decrease number of Java threads
#   Decrease Java thread stack sizes (-Xss)
#   Set larger code cache with -XX:ReservedCodeCacheSize=
#   JVM is running with Unscaled Compressed Oops mode in which the Java heap is
#     placed in the first 4GB address space. The Java Heap base address is the
#     maximum limit for the native heap growth. Please use -XX:HeapBaseMinAddress
#     to set the Java Heap base and to place the Java Heap above 4GB virtual address.
# This output file may be truncated or incomplete.
#
#  Out of Memory Error (allocation.cpp:44), pid=16352, tid=8428
#
# JRE version: Java(TM) SE Runtime Environment (17.0.10+11) (build 17.0.10+11-LTS-240)
# Java VM: Java HotSpot(TM) 64-Bit Server VM (17.0.10+11-LTS-240, mixed mode, emulated-client, sharing, tiered, compressed oops, compressed class ptrs, g1 gc, windows-amd64)
# No core dump will be written. Minidumps are not enabled by default on client versions of Windows
#

---------------  S U M M A R Y ------------

Command Line: -XX:TieredStopAtLevel=1 -Dspring.output.ansi.enabled=always -Dcom.sun.management.jmxremote -Dspring.jmx.enabled=true -Dspring.liveBeansView.mbeanDomain -Dspring.application.admin.enabled=true -Dmanagement.endpoints.jmx.exposure.include=* -javaagent:C:\Program Files\JetBrains\IntelliJ IDEA 2024.2.5\lib\idea_rt.jar=50454:C:\Program Files\JetBrains\IntelliJ IDEA 2024.2.5\bin -Dfile.encoding=UTF-8 com.poliqlo.PoliqloApplication

Host: 12th Gen Intel(R) Core(TM) i7-1255U, 12 cores, 7G,  Windows 11 , 64 bit Build 22000 (10.0.22000.2538)
Time: Mon Feb 24 16:37:57 2025 SE Asia Standard Time elapsed time: 3399.758570 seconds (0d 0h 56m 39s)

---------------  T H R E A D  ---------------

Current thread (0x0000016e58b35110):  VMThread "VM Thread" [stack: 0x0000000e86300000,0x0000000e86400000] [id=8428]

Stack: [0x0000000e86300000,0x0000000e86400000]
Native frames: (J=compiled Java code, j=interpreted, Vv=VM code, C=native code)
V  [jvm.dll+0x677a5a]
V  [jvm.dll+0x7d8b2d]
V  [jvm.dll+0x7da48e]
V  [jvm.dll+0x7daaf3]
V  [jvm.dll+0x2455ff]
V  [jvm.dll+0xa5173]
V  [jvm.dll+0x2f4211]
V  [jvm.dll+0x2f00e0]
V  [jvm.dll+0x2d86b7]
V  [jvm.dll+0x31b227]
V  [jvm.dll+0x7df30b]
V  [jvm.dll+0x7e0044]
V  [jvm.dll+0x7e055d]
V  [jvm.dll+0x7e0934]
V  [jvm.dll+0x7e0a00]
V  [jvm.dll+0x78888a]
V  [jvm.dll+0x676935]
C  [ucrtbase.dll+0x26c0c]
C  [KERNEL32.DLL+0x153e0]
C  [ntdll.dll+0x485b]

VM_Operation (0x0000000e85afeff0): G1CollectFull, mode: safepoint, requested by thread 0x0000016e60c03bf0


---------------  P R O C E S S  ---------------

Threads class SMR info:
_java_thread_list=0x0000016e657f2920, length=29, elements={
0x0000016e58b39010, 0x0000016e58b39c90, 0x0000016e58b49470, 0x0000016e58b4ae40,
0x0000016e58b4b800, 0x0000016e58b4c1c0, 0x0000016e58b4dc40, 0x0000016e58b4e640,
0x0000016e5d15bcb0, 0x0000016e5d15c1c0, 0x0000016e5d15cbe0, 0x0000016e5d15c6d0,
0x0000016e5d15e530, 0x0000016e5d15f460, 0x0000016e60addb10, 0x0000016e60adc1c0,
0x0000016e5e8c1070, 0x0000016e5e8c4040, 0x0000016e65be1ab0, 0x0000016e65be1fc0,
0x0000016e65be2ef0, 0x0000016e65be24d0, 0x0000016e65be29e0, 0x0000016e65a6d4d0,
0x0000016e65a6def0, 0x0000016e65a6cfc0, 0x0000016e65a6cab0, 0x0000016e65a6e400,
0x0000016e60c03bf0
}

Java Threads: ( => current thread )
  0x0000016e58b39010 JavaThread "Reference Handler" daemon [_thread_blocked, id=3948, stack(0x0000000e86400000,0x0000000e86500000)]
  0x0000016e58b39c90 JavaThread "Finalizer" daemon [_thread_blocked, id=4016, stack(0x0000000e86500000,0x0000000e86600000)]
  0x0000016e58b49470 JavaThread "Signal Dispatcher" daemon [_thread_blocked, id=15916, stack(0x0000000e86600000,0x0000000e86700000)]
  0x0000016e58b4ae40 JavaThread "Attach Listener" daemon [_thread_blocked, id=2468, stack(0x0000000e86700000,0x0000000e86800000)]
  0x0000016e58b4b800 JavaThread "Service Thread" daemon [_thread_blocked, id=9552, stack(0x0000000e86800000,0x0000000e86900000)]
  0x0000016e58b4c1c0 JavaThread "Monitor Deflation Thread" daemon [_thread_blocked, id=4008, stack(0x0000000e86900000,0x0000000e86a00000)]
  0x0000016e58b4dc40 JavaThread "C1 CompilerThread0" daemon [_thread_blocked, id=16232, stack(0x0000000e86a00000,0x0000000e86b00000)]
  0x0000016e58b4e640 JavaThread "Sweeper thread" daemon [_thread_blocked, id=15680, stack(0x0000000e86b00000,0x0000000e86c00000)]
  0x0000016e5d15bcb0 JavaThread "Common-Cleaner" daemon [_thread_blocked, id=7236, stack(0x0000000e86c00000,0x0000000e86d00000)]
  0x0000016e5d15c1c0 JavaThread "Monitor Ctrl-Break" daemon [_thread_in_native, id=15672, stack(0x0000000e87000000,0x0000000e87100000)]
  0x0000016e5d15cbe0 JavaThread "Notification Thread" daemon [_thread_blocked, id=15440, stack(0x0000000e87100000,0x0000000e87200000)]
  0x0000016e5d15c6d0 JavaThread "RMI TCP Accept-0" daemon [_thread_in_native, id=11716, stack(0x0000000e87200000,0x0000000e87300000)]
  0x0000016e5d15e530 JavaThread "RMI Scheduler(0)" daemon [_thread_blocked, id=15564, stack(0x0000000e88100000,0x0000000e88200000)]
  0x0000016e5d15f460 JavaThread "mysql-cj-abandoned-connection-cleanup" daemon [_thread_blocked, id=12064, stack(0x0000000e88200000,0x0000000e88300000)]
  0x0000016e60addb10 JavaThread "Live Reload Server" daemon [_thread_in_native, id=1676, stack(0x0000000e89500000,0x0000000e89600000)]
  0x0000016e60adc1c0 JavaThread "DestroyJavaVM" [_thread_blocked, id=16136, stack(0x0000000e85d00000,0x0000000e85e00000)]
  0x0000016e5e8c1070 JavaThread "C1 CompilerThread1" daemon [_thread_blocked, id=10972, stack(0x0000000e86d00000,0x0000000e86e00000)]
  0x0000016e5e8c4040 JavaThread "C1 CompilerThread2" daemon [_thread_blocked, id=10924, stack(0x0000000e86e00000,0x0000000e86f00000)]
  0x0000016e65be1ab0 JavaThread "quartzScheduler_Worker-1" [_thread_blocked, id=7908, stack(0x0000000e88500000,0x0000000e88600000)]
  0x0000016e65be1fc0 JavaThread "quartzScheduler_Worker-2" [_thread_blocked, id=5348, stack(0x0000000e88600000,0x0000000e88700000)]
  0x0000016e65be2ef0 JavaThread "quartzScheduler_Worker-3" [_thread_blocked, id=13540, stack(0x0000000e88700000,0x0000000e88800000)]
  0x0000016e65be24d0 JavaThread "quartzScheduler_Worker-4" [_thread_blocked, id=1848, stack(0x0000000e88800000,0x0000000e88900000)]
  0x0000016e65be29e0 JavaThread "quartzScheduler_Worker-5" [_thread_blocked, id=9480, stack(0x0000000e88900000,0x0000000e88a00000)]
  0x0000016e65a6d4d0 JavaThread "quartzScheduler_Worker-6" [_thread_blocked, id=12716, stack(0x0000000e88a00000,0x0000000e88b00000)]
  0x0000016e65a6def0 JavaThread "quartzScheduler_Worker-7" [_thread_blocked, id=10968, stack(0x0000000e88b00000,0x0000000e88c00000)]
  0x0000016e65a6cfc0 JavaThread "quartzScheduler_Worker-8" [_thread_blocked, id=6760, stack(0x0000000e88c00000,0x0000000e88d00000)]
  0x0000016e65a6cab0 JavaThread "quartzScheduler_Worker-9" [_thread_blocked, id=2788, stack(0x0000000e88d00000,0x0000000e88e00000)]
  0x0000016e65a6e400 JavaThread "quartzScheduler_Worker-10" [_thread_blocked, id=8424, stack(0x0000000e88e00000,0x0000000e88f00000)]
  0x0000016e60c03bf0 JavaThread "Thread-47" [_thread_blocked, id=6796, stack(0x0000000e85a00000,0x0000000e85b00000)]

Other Threads:
=>0x0000016e58b35110 VMThread "VM Thread" [stack: 0x0000000e86300000,0x0000000e86400000] [id=8428]
  0x0000016e449b1bf0 WatcherThread [stack: 0x0000000e87300000,0x0000000e87400000] [id=15288]
  0x0000016e44a0b7e0 GCTaskThread "GC Thread#0" [stack: 0x0000000e85e00000,0x0000000e85f00000] [id=13940]
  0x0000016e5dbfeb20 GCTaskThread "GC Thread#1" [stack: 0x0000000e87400000,0x0000000e87500000] [id=15536]
  0x0000016e5dd54dc0 GCTaskThread "GC Thread#2" [stack: 0x0000000e87500000,0x0000000e87600000] [id=5064]
  0x0000016e5dd85e80 GCTaskThread "GC Thread#3" [stack: 0x0000000e87600000,0x0000000e87700000] [id=13908]
  0x0000016e5dd86960 GCTaskThread "GC Thread#4" [stack: 0x0000000e87700000,0x0000000e87800000] [id=11860]
  0x0000016e5dd86c20 GCTaskThread "GC Thread#5" [stack: 0x0000000e87800000,0x0000000e87900000] [id=14000]
  0x0000016e5df14ed0 GCTaskThread "GC Thread#6" [stack: 0x0000000e87d00000,0x0000000e87e00000] [id=6584]
  0x0000016e5df15190 GCTaskThread "GC Thread#7" [stack: 0x0000000e87e00000,0x0000000e87f00000] [id=11812]
  0x0000016e5df58600 GCTaskThread "GC Thread#8" [stack: 0x0000000e87f00000,0x0000000e88000000] [id=1400]
  0x0000016e5df588c0 GCTaskThread "GC Thread#9" [stack: 0x0000000e88000000,0x0000000e88100000] [id=956]
  0x0000016e448edd30 ConcurrentGCThread "G1 Main Marker" [stack: 0x0000000e85f00000,0x0000000e86000000] [id=9116]
  0x0000016e448ee740 ConcurrentGCThread "G1 Conc#0" [stack: 0x0000000e86000000,0x0000000e86100000] [id=9016]
  0x0000016e5e4855b0 ConcurrentGCThread "G1 Conc#1" [stack: 0x0000000e88300000,0x0000000e88400000] [id=4244]
  0x0000016e5e4cbc40 ConcurrentGCThread "G1 Conc#2" [stack: 0x0000000e88400000,0x0000000e88500000] [id=13780]
  0x0000016e589de520 ConcurrentGCThread "G1 Refine#0" [stack: 0x0000000e86100000,0x0000000e86200000] [id=12740]
  0x0000016e5dbecb80 ConcurrentGCThread "G1 Refine#1" [stack: 0x0000000e87900000,0x0000000e87a00000] [id=13412]
  0x0000016e589e0d70 ConcurrentGCThread "G1 Service" [stack: 0x0000000e86200000,0x0000000e86300000] [id=2636]

Threads with active compile tasks:
C1 CompilerThread1  3399787 18922       1       org.apache.catalina.util.LifecycleMBeanBase::unregister (10 bytes)

VM state: at safepoint (normal execution)

VM Mutex/Monitor currently owned by a thread:  ([mutex/lock_event])
[0x0000016e449ae690] Threads_lock - owner thread: 0x0000016e58b35110
[0x0000016e449ae8d0] Heap_lock - owner thread: 0x0000016e60c03bf0

Heap address: 0x0000000085000000, size: 1968 MB, Compressed Oops mode: 32-bit

CDS archive(s) mapped at: [0x0000016e00000000-0x0000016e00bd0000-0x0000016e00bd0000), size 12386304, SharedBaseAddress: 0x0000016e00000000, ArchiveRelocationMode: 1.
Compressed class space mapped at: 0x0000016e01000000-0x0000016e41000000, reserved size: 1073741824
Narrow klass base: 0x0000016e00000000, Narrow klass shift: 0, Narrow klass range: 0x100000000

GC Precious Log:
 CPUs: 12 total, 12 available
 Memory: 7865M
 Large Page Support: Disabled
 NUMA Support: Disabled
 Compressed Oops: Enabled (32-bit)
 Heap Region Size: 1M
 Heap Min Capacity: 8M
 Heap Initial Capacity: 124M
 Heap Max Capacity: 1968M
 Pre-touch: Disabled
 Parallel Workers: 10
 Concurrent Workers: 3
 Concurrent Refinement Workers: 10
 Periodic GC: Disabled

Heap:
 garbage-first heap   total 167936K, used 113322K [0x0000000085000000, 0x0000000100000000)
  region size 1024K, 58 young (59392K), 9 survivors (9216K)
 Metaspace       used 120095K, committed 121024K, reserved 1179648K
  class space    used 16024K, committed 16448K, reserved 1048576K

Heap Regions: E=young(eden), S=young(survivor), O=old, HS=humongous(starts), HC=humongous(continues), CS=collection set, F=free, OA=open archive, CA=closed archive, TAMS=top-at-mark-start (previous, next)
|   0|0x0000000085000000, 0x0000000085100000, 0x0000000085100000|100%|HS|  |TAMS 0x0000000085100000, 0x0000000085000000| Complete 
|   1|0x0000000085100000, 0x0000000085200000, 0x0000000085200000|100%|HS|  |TAMS 0x0000000085200000, 0x0000000085100000| Complete 
|   2|0x0000000085200000, 0x0000000085300000, 0x0000000085300000|100%| O|  |TAMS 0x0000000085300000, 0x0000000085200000| Untracked 
|   3|0x0000000085300000, 0x00000000853ffff0, 0x0000000085400000| 99%| O|  |TAMS 0x00000000853ffff0, 0x0000000085300000| Untracked 
|   4|0x0000000085400000, 0x00000000854fffe8, 0x0000000085500000| 99%| O|  |TAMS 0x00000000854fffe8, 0x0000000085400000| Untracked 
|   5|0x0000000085500000, 0x0000000085600000, 0x0000000085600000|100%| O|  |TAMS 0x0000000085600000, 0x0000000085500000| Untracked 
|   6|0x0000000085600000, 0x00000000856fff88, 0x0000000085700000| 99%| O|  |TAMS 0x00000000856fff88, 0x0000000085600000| Untracked 
|   7|0x0000000085700000, 0x0000000085800000, 0x0000000085800000|100%| O|  |TAMS 0x0000000085800000, 0x0000000085700000| Untracked 
|   8|0x0000000085800000, 0x00000000858ffff8, 0x0000000085900000| 99%| O|  |TAMS 0x00000000858ffff8, 0x0000000085800000| Untracked 
|   9|0x0000000085900000, 0x00000000859fffe0, 0x0000000085a00000| 99%| O|  |TAMS 0x00000000859fffe0, 0x0000000085900000| Untracked 
|  10|0x0000000085a00000, 0x0000000085b00000, 0x0000000085b00000|100%| O|  |TAMS 0x0000000085b00000, 0x0000000085a00000| Untracked 
|  11|0x0000000085b00000, 0x0000000085bffff8, 0x0000000085c00000| 99%| O|  |TAMS 0x0000000085bffff8, 0x0000000085b00000| Untracked 
|  12|0x0000000085c00000, 0x0000000085cffff0, 0x0000000085d00000| 99%| O|  |TAMS 0x0000000085cffff0, 0x0000000085c00000| Untracked 
|  13|0x0000000085d00000, 0x0000000085e00000, 0x0000000085e00000|100%| O|  |TAMS 0x0000000085e00000, 0x0000000085d00000| Untracked 
|  14|0x0000000085e00000, 0x0000000085efffe8, 0x0000000085f00000| 99%| O|  |TAMS 0x0000000085efffe8, 0x0000000085e00000| Untracked 
|  15|0x0000000085f00000, 0x0000000086000000, 0x0000000086000000|100%| O|  |TAMS 0x0000000086000000, 0x0000000085f00000| Untracked 
|  16|0x0000000086000000, 0x00000000860ffff0, 0x0000000086100000| 99%| O|  |TAMS 0x00000000860ffff0, 0x0000000086000000| Untracked 
|  17|0x0000000086100000, 0x00000000861ffff0, 0x0000000086200000| 99%| O|  |TAMS 0x00000000861ffff0, 0x0000000086100000| Untracked 
|  18|0x0000000086200000, 0x00000000862fffe8, 0x0000000086300000| 99%| O|  |TAMS 0x00000000862fffe8, 0x0000000086200000| Untracked 
|  19|0x0000000086300000, 0x00000000863fffd8, 0x0000000086400000| 99%| O|  |TAMS 0x00000000863fffd8, 0x0000000086300000| Untracked 
|  20|0x0000000086400000, 0x00000000864fffe8, 0x0000000086500000| 99%| O|  |TAMS 0x00000000864fffe8, 0x0000000086400000| Untracked 
|  21|0x0000000086500000, 0x00000000865ffff0, 0x0000000086600000| 99%| O|  |TAMS 0x00000000865ffff0, 0x0000000086500000| Untracked 
|  22|0x0000000086600000, 0x00000000866ffff8, 0x0000000086700000| 99%| O|  |TAMS 0x00000000866ffff8, 0x0000000086600000| Untracked 
|  23|0x0000000086700000, 0x00000000867fffc8, 0x0000000086800000| 99%| O|  |TAMS 0x00000000867fffc8, 0x0000000086700000| Untracked 
|  24|0x0000000086800000, 0x0000000086900000, 0x0000000086900000|100%| O|  |TAMS 0x0000000086900000, 0x0000000086800000| Untracked 
|  25|0x0000000086900000, 0x00000000869ffff8, 0x0000000086a00000| 99%| O|  |TAMS 0x00000000869ffff8, 0x0000000086900000| Untracked 
|  26|0x0000000086a00000, 0x0000000086affff0, 0x0000000086b00000| 99%| O|  |TAMS 0x0000000086affff0, 0x0000000086a00000| Untracked 
|  27|0x0000000086b00000, 0x0000000086c00000, 0x0000000086c00000|100%| O|  |TAMS 0x0000000086c00000, 0x0000000086b00000| Untracked 
|  28|0x0000000086c00000, 0x0000000086cffff8, 0x0000000086d00000| 99%| O|  |TAMS 0x0000000086cffff8, 0x0000000086c00000| Untracked 
|  29|0x0000000086d00000, 0x0000000086e00000, 0x0000000086e00000|100%| O|  |TAMS 0x0000000086e00000, 0x0000000086d00000| Untracked 
|  30|0x0000000086e00000, 0x0000000086efffa8, 0x0000000086f00000| 99%| O|  |TAMS 0x0000000086efffa8, 0x0000000086e00000| Untracked 
|  31|0x0000000086f00000, 0x0000000086fffe10, 0x0000000087000000| 99%| O|  |TAMS 0x0000000086fffe10, 0x0000000086f00000| Untracked 
|  32|0x0000000087000000, 0x00000000870ffff0, 0x0000000087100000| 99%| O|  |TAMS 0x00000000870ffff0, 0x0000000087000000| Untracked 
|  33|0x0000000087100000, 0x00000000871fffe8, 0x0000000087200000| 99%| O|  |TAMS 0x00000000871fffe8, 0x0000000087100000| Untracked 
|  34|0x0000000087200000, 0x00000000872fff90, 0x0000000087300000| 99%| O|  |TAMS 0x00000000872fff90, 0x0000000087200000| Untracked 
|  35|0x0000000087300000, 0x0000000087400000, 0x0000000087400000|100%| O|  |TAMS 0x0000000087400000, 0x0000000087300000| Untracked 
|  36|0x0000000087400000, 0x00000000874ffff0, 0x0000000087500000| 99%| O|  |TAMS 0x00000000874ffff0, 0x0000000087400000| Untracked 
|  37|0x0000000087500000, 0x0000000087600000, 0x0000000087600000|100%| O|  |TAMS 0x0000000087600000, 0x0000000087500000| Untracked 
|  38|0x0000000087600000, 0x00000000876ffff0, 0x0000000087700000| 99%| O|  |TAMS 0x00000000876ffff0, 0x0000000087600000| Untracked 
|  39|0x0000000087700000, 0x00000000877ffff0, 0x0000000087800000| 99%| O|  |TAMS 0x00000000877ffff0, 0x0000000087700000| Untracked 
|  40|0x0000000087800000, 0x00000000878e14b0, 0x0000000087900000| 88%| O|  |TAMS 0x00000000878e14b0, 0x0000000087800000| Untracked 
|  41|0x0000000087900000, 0x0000000087a00000, 0x0000000087a00000|100%| O|  |TAMS 0x0000000087a00000, 0x0000000087900000| Untracked 
|  42|0x0000000087a00000, 0x0000000087affff8, 0x0000000087b00000| 99%| O|  |TAMS 0x0000000087affff8, 0x0000000087a00000| Untracked 
|  43|0x0000000087b00000, 0x0000000087b96a28, 0x0000000087c00000| 58%| O|  |TAMS 0x0000000087b96a28, 0x0000000087b00000| Untracked 
|  44|0x0000000087c00000, 0x0000000087d00000, 0x0000000087d00000|100%| O|  |TAMS 0x0000000087d00000, 0x0000000087c00000| Untracked 
|  45|0x0000000087d00000, 0x0000000087e00000, 0x0000000087e00000|100%| O|  |TAMS 0x0000000087e00000, 0x0000000087d00000| Untracked 
|  46|0x0000000087e00000, 0x0000000087effff8, 0x0000000087f00000| 99%| O|  |TAMS 0x0000000087effff8, 0x0000000087e00000| Untracked 
|  47|0x0000000087f00000, 0x0000000087f54f70, 0x0000000088000000| 33%| O|  |TAMS 0x0000000087f54f70, 0x0000000087f00000| Untracked 
|  48|0x0000000088000000, 0x0000000088100000, 0x0000000088100000|100%| O|  |TAMS 0x0000000088100000, 0x0000000088000000| Untracked 
|  49|0x0000000088100000, 0x0000000088200000, 0x0000000088200000|100%| O|  |TAMS 0x0000000088200000, 0x0000000088100000| Untracked 
|  50|0x0000000088200000, 0x0000000088300000, 0x0000000088300000|100%| O|  |TAMS 0x0000000088300000, 0x0000000088200000| Untracked 
|  51|0x0000000088300000, 0x00000000883fc800, 0x0000000088400000| 98%| O|  |TAMS 0x00000000883fc800, 0x0000000088300000| Untracked 
|  52|0x0000000088400000, 0x00000000884dd4b8, 0x0000000088500000| 86%| O|  |TAMS 0x00000000884dd4b8, 0x0000000088400000| Untracked 
|  53|0x0000000088500000, 0x0000000088500000, 0x0000000088600000|  0%| F|  |TAMS 0x0000000088500000, 0x0000000088500000| Untracked 
|  54|0x0000000088600000, 0x0000000088600000, 0x0000000088700000|  0%| F|  |TAMS 0x0000000088600000, 0x0000000088600000| Untracked 
|  55|0x0000000088700000, 0x00000000887a2a68, 0x0000000088800000| 63%| O|  |TAMS 0x00000000887a2a68, 0x0000000088700000| Untracked 
|  56|0x0000000088800000, 0x0000000088800000, 0x0000000088900000|  0%| F|  |TAMS 0x0000000088800000, 0x0000000088800000| Untracked 
|  57|0x0000000088900000, 0x00000000889f46f8, 0x0000000088a00000| 95%| O|  |TAMS 0x00000000889f46f8, 0x0000000088900000| Untracked 
|  58|0x0000000088a00000, 0x0000000088a00000, 0x0000000088b00000|  0%| F|  |TAMS 0x0000000088a00000, 0x0000000088a00000| Untracked 
|  59|0x0000000088b00000, 0x0000000088b00000, 0x0000000088c00000|  0%| F|  |TAMS 0x0000000088b00000, 0x0000000088b00000| Untracked 
|  60|0x0000000088c00000, 0x0000000088c00000, 0x0000000088d00000|  0%| F|  |TAMS 0x0000000088c00000, 0x0000000088c00000| Untracked 
|  61|0x0000000088d00000, 0x0000000088d00000, 0x0000000088e00000|  0%| F|  |TAMS 0x0000000088d00000, 0x0000000088d00000| Untracked 
|  62|0x0000000088e00000, 0x0000000088e00000, 0x0000000088f00000|  0%| F|  |TAMS 0x0000000088e00000, 0x0000000088e00000| Untracked 
|  63|0x0000000088f00000, 0x0000000088f00000, 0x0000000089000000|  0%| F|  |TAMS 0x0000000088f00000, 0x0000000088f00000| Untracked 
|  64|0x0000000089000000, 0x0000000089000000, 0x0000000089100000|  0%| F|  |TAMS 0x0000000089000000, 0x0000000089000000| Untracked 
|  65|0x0000000089100000, 0x0000000089100000, 0x0000000089200000|  0%| F|  |TAMS 0x0000000089100000, 0x0000000089100000| Untracked 
|  66|0x0000000089200000, 0x000000008926d660, 0x0000000089300000| 42%| O|  |TAMS 0x000000008926d660, 0x0000000089200000| Untracked 
|  67|0x0000000089300000, 0x0000000089300000, 0x0000000089400000|  0%| F|  |TAMS 0x0000000089300000, 0x0000000089300000| Untracked 
|  68|0x0000000089400000, 0x0000000089400000, 0x0000000089500000|  0%| F|  |TAMS 0x0000000089400000, 0x0000000089400000| Untracked 
|  69|0x0000000089500000, 0x0000000089500000, 0x0000000089600000|  0%| F|  |TAMS 0x0000000089500000, 0x0000000089500000| Untracked 
|  70|0x0000000089600000, 0x0000000089600000, 0x0000000089700000|  0%| F|  |TAMS 0x0000000089600000, 0x0000000089600000| Untracked 
|  71|0x0000000089700000, 0x0000000089700000, 0x0000000089800000|  0%| F|  |TAMS 0x0000000089700000, 0x0000000089700000| Untracked 
|  72|0x0000000089800000, 0x0000000089800000, 0x0000000089900000|  0%| F|  |TAMS 0x0000000089800000, 0x0000000089800000| Untracked 
|  73|0x0000000089900000, 0x00000000899ffb40, 0x0000000089a00000| 99%| S|CS|TAMS 0x0000000089900000, 0x0000000089900000| Complete 
|  74|0x0000000089a00000, 0x0000000089b00000, 0x0000000089b00000|100%| S|CS|TAMS 0x0000000089a00000, 0x0000000089a00000| Complete 
|  75|0x0000000089b00000, 0x0000000089c00000, 0x0000000089c00000|100%| S|CS|TAMS 0x0000000089b00000, 0x0000000089b00000| Complete 
|  76|0x0000000089c00000, 0x0000000089d00000, 0x0000000089d00000|100%| S|CS|TAMS 0x0000000089c00000, 0x0000000089c00000| Complete 
|  77|0x0000000089d00000, 0x0000000089e00000, 0x0000000089e00000|100%| S|CS|TAMS 0x0000000089d00000, 0x0000000089d00000| Complete 
|  78|0x0000000089e00000, 0x0000000089e00000, 0x0000000089f00000|  0%| F|  |TAMS 0x0000000089e00000, 0x0000000089e00000| Untracked 
|  79|0x0000000089f00000, 0x0000000089f00000, 0x000000008a000000|  0%| F|  |TAMS 0x0000000089f00000, 0x0000000089f00000| Untracked 
|  80|0x000000008a000000, 0x000000008a000000, 0x000000008a100000|  0%| F|  |TAMS 0x000000008a000000, 0x000000008a000000| Untracked 
|  81|0x000000008a100000, 0x000000008a100000, 0x000000008a200000|  0%| F|  |TAMS 0x000000008a100000, 0x000000008a100000| Untracked 
|  82|0x000000008a200000, 0x000000008a200000, 0x000000008a300000|  0%| F|  |TAMS 0x000000008a200000, 0x000000008a200000| Untracked 
|  83|0x000000008a300000, 0x000000008a400000, 0x000000008a400000|100%| S|CS|TAMS 0x000000008a300000, 0x000000008a300000| Complete 
|  84|0x000000008a400000, 0x000000008a500000, 0x000000008a500000|100%| S|CS|TAMS 0x000000008a400000, 0x000000008a400000| Complete 
|  85|0x000000008a500000, 0x000000008a600000, 0x000000008a600000|100%| S|CS|TAMS 0x000000008a500000, 0x000000008a500000| Complete 
|  86|0x000000008a600000, 0x000000008a700000, 0x000000008a700000|100%| S|CS|TAMS 0x000000008a600000, 0x000000008a600000| Complete 
|  87|0x000000008a700000, 0x000000008a700000, 0x000000008a800000|  0%| F|  |TAMS 0x000000008a700000, 0x000000008a700000| Untracked 
|  88|0x000000008a800000, 0x000000008a800000, 0x000000008a900000|  0%| F|  |TAMS 0x000000008a800000, 0x000000008a800000| Untracked 
|  89|0x000000008a900000, 0x000000008a900000, 0x000000008aa00000|  0%| F|  |TAMS 0x000000008a900000, 0x000000008a900000| Untracked 
|  90|0x000000008aa00000, 0x000000008aa00000, 0x000000008ab00000|  0%| F|  |TAMS 0x000000008aa00000, 0x000000008aa00000| Untracked 
|  91|0x000000008ab00000, 0x000000008ab00000, 0x000000008ac00000|  0%| F|  |TAMS 0x000000008ab00000, 0x000000008ab00000| Untracked 
|  92|0x000000008ac00000, 0x000000008ac00000, 0x000000008ad00000|  0%| F|  |TAMS 0x000000008ac00000, 0x000000008ac00000| Untracked 
|  93|0x000000008ad00000, 0x000000008ad00000, 0x000000008ae00000|  0%| F|  |TAMS 0x000000008ad00000, 0x000000008ad00000| Untracked 
|  94|0x000000008ae00000, 0x000000008ae00000, 0x000000008af00000|  0%| F|  |TAMS 0x000000008ae00000, 0x000000008ae00000| Untracked 
|  95|0x000000008af00000, 0x000000008af00000, 0x000000008b000000|  0%| F|  |TAMS 0x000000008af00000, 0x000000008af00000| Untracked 
|  96|0x000000008b000000, 0x000000008b000000, 0x000000008b100000|  0%| F|  |TAMS 0x000000008b000000, 0x000000008b000000| Untracked 
|  97|0x000000008b100000, 0x000000008b100000, 0x000000008b200000|  0%| F|  |TAMS 0x000000008b100000, 0x000000008b100000| Untracked 
|  98|0x000000008b200000, 0x000000008b200000, 0x000000008b300000|  0%| F|  |TAMS 0x000000008b200000, 0x000000008b200000| Untracked 
|  99|0x000000008b300000, 0x000000008b300000, 0x000000008b400000|  0%| F|  |TAMS 0x000000008b300000, 0x000000008b300000| Untracked 
| 100|0x000000008b400000, 0x000000008b400000, 0x000000008b500000|  0%| F|  |TAMS 0x000000008b400000, 0x000000008b400000| Untracked 
| 101|0x000000008b500000, 0x000000008b500000, 0x000000008b600000|  0%| F|  |TAMS 0x000000008b500000, 0x000000008b500000| Untracked 
| 102|0x000000008b600000, 0x000000008b600000, 0x000000008b700000|  0%| F|  |TAMS 0x000000008b600000, 0x000000008b600000| Untracked 
| 103|0x000000008b700000, 0x000000008b700000, 0x000000008b800000|  0%| F|  |TAMS 0x000000008b700000, 0x000000008b700000| Untracked 
| 104|0x000000008b800000, 0x000000008b800000, 0x000000008b900000|  0%| F|  |TAMS 0x000000008b800000, 0x000000008b800000| Untracked 
| 105|0x000000008b900000, 0x000000008b900000, 0x000000008ba00000|  0%| F|  |TAMS 0x000000008b900000, 0x000000008b900000| Untracked 
| 106|0x000000008ba00000, 0x000000008ba00000, 0x000000008bb00000|  0%| F|  |TAMS 0x000000008ba00000, 0x000000008ba00000| Untracked 
| 107|0x000000008bb00000, 0x000000008bb00000, 0x000000008bc00000|  0%| F|  |TAMS 0x000000008bb00000, 0x000000008bb00000| Untracked 
| 108|0x000000008bc00000, 0x000000008bc00000, 0x000000008bd00000|  0%| F|  |TAMS 0x000000008bc00000, 0x000000008bc00000| Untracked 
| 109|0x000000008bd00000, 0x000000008bd00000, 0x000000008be00000|  0%| F|  |TAMS 0x000000008bd00000, 0x000000008bd00000| Untracked 
| 110|0x000000008be00000, 0x000000008be00000, 0x000000008bf00000|  0%| F|  |TAMS 0x000000008be00000, 0x000000008be00000| Untracked 
| 111|0x000000008bf00000, 0x000000008bf00000, 0x000000008c000000|  0%| F|  |TAMS 0x000000008bf00000, 0x000000008bf00000| Untracked 
| 112|0x000000008c000000, 0x000000008c000000, 0x000000008c100000|  0%| F|  |TAMS 0x000000008c000000, 0x000000008c000000| Untracked 
| 113|0x000000008c100000, 0x000000008c100000, 0x000000008c200000|  0%| F|  |TAMS 0x000000008c100000, 0x000000008c100000| Untracked 
| 114|0x000000008c200000, 0x000000008c200000, 0x000000008c300000|  0%| F|  |TAMS 0x000000008c200000, 0x000000008c200000| Untracked 
| 115|0x000000008c300000, 0x000000008c300800, 0x000000008c400000|  0%| E|  |TAMS 0x000000008c300000, 0x000000008c300000| Complete 
| 116|0x000000008c400000, 0x000000008c500000, 0x000000008c500000|100%| E|CS|TAMS 0x000000008c400000, 0x000000008c400000| Complete 
| 117|0x000000008c500000, 0x000000008c600000, 0x000000008c600000|100%| E|CS|TAMS 0x000000008c500000, 0x000000008c500000| Complete 
| 118|0x000000008c600000, 0x000000008c700000, 0x000000008c700000|100%| E|CS|TAMS 0x000000008c600000, 0x000000008c600000| Complete 
| 119|0x000000008c700000, 0x000000008c800000, 0x000000008c800000|100%| E|CS|TAMS 0x000000008c700000, 0x000000008c700000| Complete 
| 120|0x000000008c800000, 0x000000008c900000, 0x000000008c900000|100%| E|CS|TAMS 0x000000008c800000, 0x000000008c800000| Complete 
| 121|0x000000008c900000, 0x000000008ca00000, 0x000000008ca00000|100%| E|CS|TAMS 0x000000008c900000, 0x000000008c900000| Complete 
| 122|0x000000008ca00000, 0x000000008cb00000, 0x000000008cb00000|100%| E|CS|TAMS 0x000000008ca00000, 0x000000008ca00000| Complete 
| 123|0x000000008cb00000, 0x000000008cc00000, 0x000000008cc00000|100%| E|CS|TAMS 0x000000008cb00000, 0x000000008cb00000| Complete 
| 124|0x000000008cc00000, 0x000000008cd00000, 0x000000008cd00000|100%| E|CS|TAMS 0x000000008cc00000, 0x000000008cc00000| Complete 
| 125|0x000000008cd00000, 0x000000008ce00000, 0x000000008ce00000|100%| E|CS|TAMS 0x000000008cd00000, 0x000000008cd00000| Complete 
| 126|0x000000008ce00000, 0x000000008cf00000, 0x000000008cf00000|100%| E|CS|TAMS 0x000000008ce00000, 0x000000008ce00000| Complete 
| 127|0x000000008cf00000, 0x000000008d000000, 0x000000008d000000|100%| E|CS|TAMS 0x000000008cf00000, 0x000000008cf00000| Complete 
| 128|0x000000008d000000, 0x000000008d100000, 0x000000008d100000|100%| E|CS|TAMS 0x000000008d000000, 0x000000008d000000| Complete 
| 129|0x000000008d100000, 0x000000008d200000, 0x000000008d200000|100%| E|CS|TAMS 0x000000008d100000, 0x000000008d100000| Complete 
| 130|0x000000008d200000, 0x000000008d300000, 0x000000008d300000|100%| E|CS|TAMS 0x000000008d200000, 0x000000008d200000| Complete 
| 131|0x000000008d300000, 0x000000008d400000, 0x000000008d400000|100%| E|CS|TAMS 0x000000008d300000, 0x000000008d300000| Complete 
| 132|0x000000008d400000, 0x000000008d500000, 0x000000008d500000|100%| E|CS|TAMS 0x000000008d400000, 0x000000008d400000| Complete 
| 133|0x000000008d500000, 0x000000008d600000, 0x000000008d600000|100%| E|CS|TAMS 0x000000008d500000, 0x000000008d500000| Complete 
| 134|0x000000008d600000, 0x000000008d700000, 0x000000008d700000|100%| E|CS|TAMS 0x000000008d600000, 0x000000008d600000| Complete 
| 135|0x000000008d700000, 0x000000008d800000, 0x000000008d800000|100%| E|CS|TAMS 0x000000008d700000, 0x000000008d700000| Complete 
| 136|0x000000008d800000, 0x000000008d900000, 0x000000008d900000|100%| E|CS|TAMS 0x000000008d800000, 0x000000008d800000| Complete 
| 137|0x000000008d900000, 0x000000008da00000, 0x000000008da00000|100%| E|CS|TAMS 0x000000008d900000, 0x000000008d900000| Complete 
| 138|0x000000008da00000, 0x000000008db00000, 0x000000008db00000|100%| E|CS|TAMS 0x000000008da00000, 0x000000008da00000| Complete 
| 139|0x000000008db00000, 0x000000008dc00000, 0x000000008dc00000|100%| E|CS|TAMS 0x000000008db00000, 0x000000008db00000| Complete 
| 140|0x000000008dc00000, 0x000000008dd00000, 0x000000008dd00000|100%| E|CS|TAMS 0x000000008dc00000, 0x000000008dc00000| Complete 
| 141|0x000000008dd00000, 0x000000008de00000, 0x000000008de00000|100%| E|CS|TAMS 0x000000008dd00000, 0x000000008dd00000| Complete 
| 142|0x000000008de00000, 0x000000008df00000, 0x000000008df00000|100%| E|CS|TAMS 0x000000008de00000, 0x000000008de00000| Complete 
| 143|0x000000008df00000, 0x000000008e000000, 0x000000008e000000|100%| E|CS|TAMS 0x000000008df00000, 0x000000008df00000| Complete 
| 144|0x000000008e000000, 0x000000008e100000, 0x000000008e100000|100%| E|CS|TAMS 0x000000008e000000, 0x000000008e000000| Complete 
| 145|0x000000008e100000, 0x000000008e200000, 0x000000008e200000|100%| E|CS|TAMS 0x000000008e100000, 0x000000008e100000| Complete 
| 146|0x000000008e200000, 0x000000008e300000, 0x000000008e300000|100%| E|CS|TAMS 0x000000008e200000, 0x000000008e200000| Complete 
| 147|0x000000008e300000, 0x000000008e400000, 0x000000008e400000|100%| E|CS|TAMS 0x000000008e300000, 0x000000008e300000| Complete 
| 148|0x000000008e400000, 0x000000008e500000, 0x000000008e500000|100%| E|CS|TAMS 0x000000008e400000, 0x000000008e400000| Complete 
| 149|0x000000008e500000, 0x000000008e600000, 0x000000008e600000|100%| E|CS|TAMS 0x000000008e500000, 0x000000008e500000| Complete 
| 150|0x000000008e600000, 0x000000008e700000, 0x000000008e700000|100%| E|CS|TAMS 0x000000008e600000, 0x000000008e600000| Complete 
| 151|0x000000008e700000, 0x000000008e800000, 0x000000008e800000|100%| E|CS|TAMS 0x000000008e700000, 0x000000008e700000| Complete 
| 152|0x000000008e800000, 0x000000008e900000, 0x000000008e900000|100%| E|CS|TAMS 0x000000008e800000, 0x000000008e800000| Complete 
| 153|0x000000008e900000, 0x000000008ea00000, 0x000000008ea00000|100%| E|CS|TAMS 0x000000008e900000, 0x000000008e900000| Complete 
| 154|0x000000008ea00000, 0x000000008eb00000, 0x000000008eb00000|100%| E|CS|TAMS 0x000000008ea00000, 0x000000008ea00000| Complete 
| 155|0x000000008eb00000, 0x000000008ec00000, 0x000000008ec00000|100%| E|CS|TAMS 0x000000008eb00000, 0x000000008eb00000| Complete 
| 156|0x000000008ec00000, 0x000000008ed00000, 0x000000008ed00000|100%| E|CS|TAMS 0x000000008ec00000, 0x000000008ec00000| Complete 
| 157|0x000000008ed00000, 0x000000008ee00000, 0x000000008ee00000|100%| E|CS|TAMS 0x000000008ed00000, 0x000000008ed00000| Complete 
| 158|0x000000008ee00000, 0x000000008ef00000, 0x000000008ef00000|100%| E|CS|TAMS 0x000000008ee00000, 0x000000008ee00000| Complete 
| 159|0x000000008ef00000, 0x000000008f000000, 0x000000008f000000|100%| E|CS|TAMS 0x000000008ef00000, 0x000000008ef00000| Complete 
| 160|0x000000008f000000, 0x000000008f100000, 0x000000008f100000|100%| E|CS|TAMS 0x000000008f000000, 0x000000008f000000| Complete 
| 161|0x000000008f100000, 0x000000008f200000, 0x000000008f200000|100%| E|CS|TAMS 0x000000008f100000, 0x000000008f100000| Complete 
| 162|0x000000008f200000, 0x000000008f300000, 0x000000008f300000|100%| E|CS|TAMS 0x000000008f200000, 0x000000008f200000| Complete 
| 163|0x000000008f300000, 0x000000008f400000, 0x000000008f400000|100%| E|CS|TAMS 0x000000008f300000, 0x000000008f300000| Complete 

Card table byte_map: [0x0000016e51930000,0x0000016e51d10000] _byte_map_base: 0x0000016e51508000

Marking Bits (Prev, Next): (CMBitMap*) 0x0000016e44a0be00, (CMBitMap*) 0x0000016e44a0be40
 Prev Bits: [0x0000016e520f0000, 0x0000016e53fb0000)
 Next Bits: [0x0000016e53fb0000, 0x0000016e55e70000)

Polling page: 0x0000016e44a60000

Metaspace:

Usage:
  Non-class:    101.63 MB used.
      Class:     15.65 MB used.
       Both:    117.28 MB used.

Virtual space:
  Non-class space:      128.00 MB reserved,     102.12 MB ( 80%) committed,  2 nodes.
      Class space:        1.00 GB reserved,      16.06 MB (  2%) committed,  1 nodes.
             Both:        1.12 GB reserved,     118.19 MB ( 10%) committed. 

Chunk freelists:
   Non-Class:  9.67 MB
       Class:  15.98 MB
        Both:  25.65 MB

MaxMetaspaceSize: unlimited
CompressedClassSpaceSize: 1.00 GB
Initial GC threshold: 21.00 MB
Current GC threshold: 197.44 MB
CDS: on
MetaspaceReclaimPolicy: balanced
 - commit_granule_bytes: 65536.
 - commit_granule_words: 8192.
 - virtual_space_node_default_size: 8388608.
 - enlarge_chunks_in_place: 1.
 - new_chunks_are_fully_committed: 0.
 - uncommit_free_chunks: 1.
 - use_allocation_guard: 0.
 - handle_deallocations: 1.


Internal statistics:

num_allocs_failed_limit: 12.
num_arena_births: 4396.
num_arena_deaths: 3078.
num_vsnodes_births: 3.
num_vsnodes_deaths: 0.
num_space_committed: 2008.
num_space_uncommitted: 117.
num_chunks_returned_to_freelist: 5002.
num_chunks_taken_from_freelist: 11583.
num_chunk_merges: 1544.
num_chunk_splits: 6286.
num_chunks_enlarged: 3991.
num_inconsistent_stats: 0.

CodeCache: size=49152Kb used=34456Kb max_used=35014Kb free=14695Kb
 bounds [0x0000016e4da30000, 0x0000016e4fca0000, 0x0000016e50a30000]
 total_blobs=19718 nmethods=18619 adapters=1023
 compilation: enabled
              stopped_count=0, restarted_count=0
 full_count=0

Compilation events (20 events):
Event: 3398.039 Thread 0x0000016e58b4dc40 nmethod 18911 0x0000016e4fa9e490 code [0x0000016e4fa9e620, 0x0000016e4fa9e6f8]
Event: 3398.048 Thread 0x0000016e58b4dc40 18912   !   1       jdk.proxy2.$Proxy203::annotationType (29 bytes)
Event: 3398.049 Thread 0x0000016e58b4dc40 nmethod 18912 0x0000016e4fa9df90 code [0x0000016e4fa9e140, 0x0000016e4fa9e358]
Event: 3398.081 Thread 0x0000016e5e8c1070 18913       1       org.apache.tomcat.util.threads.ThreadPoolExecutor$Worker::unlock (7 bytes)
Event: 3398.081 Thread 0x0000016e5e8c4040 18914       1       org.apache.tomcat.util.threads.ThreadPoolExecutor$Worker::tryRelease (12 bytes)
Event: 3398.081 Thread 0x0000016e5e8c4040 nmethod 18914 0x0000016e4fa9dc90 code [0x0000016e4fa9de20, 0x0000016e4fa9df18]
Event: 3398.081 Thread 0x0000016e5e8c1070 nmethod 18913 0x0000016e4fa9d910 code [0x0000016e4fa9daa0, 0x0000016e4fa9dbc8]
Event: 3398.084 Thread 0x0000016e5e8c1070 18915       1       org.springframework.context.event.AbstractApplicationEventMulticaster$ListenerCacheKey::<init> (21 bytes)
Event: 3398.085 Thread 0x0000016e5e8c1070 nmethod 18915 0x0000016e4fa9d490 code [0x0000016e4fa9d640, 0x0000016e4fa9d868]
Event: 3398.085 Thread 0x0000016e58b4dc40 18916   !   1       org.springframework.context.event.SimpleApplicationEventMulticaster::multicastEvent (111 bytes)
Event: 3398.085 Thread 0x0000016e5e8c15c0 18917       1       org.springframework.context.event.AbstractApplicationEventMulticaster::getApplicationListeners (159 bytes)
Event: 3398.086 Thread 0x0000016e58b4dc40 nmethod 18916 0x0000016e4fa9cc90 code [0x0000016e4fa9cea0, 0x0000016e4fa9d218]
Event: 3398.086 Thread 0x0000016e5e8c15c0 nmethod 18917 0x0000016e4fa9c110 code [0x0000016e4fa9c340, 0x0000016e4fa9c9b8]
Event: 3398.090 Thread 0x0000016e5e8c15c0 18918       1       org.springframework.context.ApplicationEvent::<init> (13 bytes)
Event: 3398.090 Thread 0x0000016e5e8c15c0 nmethod 18918 0x0000016e4fa9bc90 code [0x0000016e4fa9be40, 0x0000016e4fa9c028]
Event: 3399.746 Thread 0x0000016e5e8c4040 18919   !   1       java.lang.Thread::interrupt (66 bytes)
Event: 3399.747 Thread 0x0000016e5e8c4040 nmethod 18919 0x0000016e4fa9b210 code [0x0000016e4fa9b3e0, 0x0000016e4fa9b6d8]
Event: 3399.751 Thread 0x0000016e58b4dc40 18921       1       org.apache.catalina.core.DefaultInstanceManager::preDestroy (105 bytes)
Event: 3399.752 Thread 0x0000016e58b4dc40 nmethod 18921 0x0000016e4fa9a510 code [0x0000016e4fa9a760, 0x0000016e4fa9adb8]
Event: 3399.754 Thread 0x0000016e5e8c1070 18922       1       org.apache.catalina.util.LifecycleMBeanBase::unregister (10 bytes)

GC Heap History (20 events):
Event: 3223.277 GC heap before
{Heap before GC invocations=204 (full 10):
 garbage-first heap   total 174080K, used 146874K [0x0000000085000000, 0x0000000100000000)
  region size 1024K, 79 young (80896K), 1 survivors (1024K)
 Metaspace       used 117684K, committed 120192K, reserved 1179648K
  class space    used 15805K, committed 16448K, reserved 1048576K
}
Event: 3223.279 GC heap after
{Heap after GC invocations=205 (full 10):
 garbage-first heap   total 174080K, used 66701K [0x0000000085000000, 0x0000000100000000)
  region size 1024K, 1 young (1024K), 1 survivors (1024K)
 Metaspace       used 117684K, committed 120192K, reserved 1179648K
  class space    used 15805K, committed 16448K, reserved 1048576K
}
Event: 3226.684 GC heap before
{Heap before GC invocations=205 (full 10):
 garbage-first heap   total 174080K, used 73869K [0x0000000085000000, 0x0000000100000000)
  region size 1024K, 8 young (8192K), 1 survivors (1024K)
 Metaspace       used 117684K, committed 120192K, reserved 1179648K
  class space    used 15805K, committed 16448K, reserved 1048576K
}
Event: 3226.687 GC heap after
{Heap after GC invocations=206 (full 10):
 garbage-first heap   total 174080K, used 65372K [0x0000000085000000, 0x0000000100000000)
  region size 1024K, 1 young (1024K), 1 survivors (1024K)
 Metaspace       used 117684K, committed 120192K, reserved 1179648K
  class space    used 15805K, committed 16448K, reserved 1048576K
}
Event: 3269.251 GC heap before
{Heap before GC invocations=206 (full 10):
 garbage-first heap   total 174080K, used 148316K [0x0000000085000000, 0x0000000100000000)
  region size 1024K, 82 young (83968K), 1 survivors (1024K)
 Metaspace       used 117684K, committed 120192K, reserved 1179648K
  class space    used 15805K, committed 16448K, reserved 1048576K
}
Event: 3269.253 GC heap after
{Heap after GC invocations=207 (full 10):
 garbage-first heap   total 174080K, used 65313K [0x0000000085000000, 0x0000000100000000)
  region size 1024K, 1 young (1024K), 1 survivors (1024K)
 Metaspace       used 117684K, committed 120192K, reserved 1179648K
  class space    used 15805K, committed 16448K, reserved 1048576K
}
Event: 3310.486 GC heap before
{Heap before GC invocations=208 (full 10):
 garbage-first heap   total 174080K, used 149281K [0x0000000085000000, 0x0000000100000000)
  region size 1024K, 83 young (84992K), 1 survivors (1024K)
 Metaspace       used 117594K, committed 120192K, reserved 1179648K
  class space    used 15787K, committed 16448K, reserved 1048576K
}
Event: 3310.489 GC heap after
{Heap after GC invocations=209 (full 10):
 garbage-first heap   total 174080K, used 65506K [0x0000000085000000, 0x0000000100000000)
  region size 1024K, 1 young (1024K), 1 survivors (1024K)
 Metaspace       used 117594K, committed 120192K, reserved 1179648K
  class space    used 15787K, committed 16448K, reserved 1048576K
}
Event: 3314.305 GC heap before
{Heap before GC invocations=209 (full 10):
 garbage-first heap   total 174080K, used 72674K [0x0000000085000000, 0x0000000100000000)
  region size 1024K, 8 young (8192K), 1 survivors (1024K)
 Metaspace       used 117594K, committed 120192K, reserved 1179648K
  class space    used 15787K, committed 16448K, reserved 1048576K
}
Event: 3314.308 GC heap after
{Heap after GC invocations=210 (full 10):
 garbage-first heap   total 174080K, used 59351K [0x0000000085000000, 0x0000000100000000)
  region size 1024K, 1 young (1024K), 1 survivors (1024K)
 Metaspace       used 117594K, committed 120192K, reserved 1179648K
  class space    used 15787K, committed 16448K, reserved 1048576K
}
Event: 3358.212 GC heap before
{Heap before GC invocations=210 (full 10):
 garbage-first heap   total 174080K, used 149463K [0x0000000085000000, 0x0000000100000000)
  region size 1024K, 89 young (91136K), 1 survivors (1024K)
 Metaspace       used 117594K, committed 120192K, reserved 1179648K
  class space    used 15787K, committed 16448K, reserved 1048576K
}
Event: 3358.215 GC heap after
{Heap after GC invocations=211 (full 10):
 garbage-first heap   total 174080K, used 59460K [0x0000000085000000, 0x0000000100000000)
  region size 1024K, 1 young (1024K), 1 survivors (1024K)
 Metaspace       used 117594K, committed 120192K, reserved 1179648K
  class space    used 15787K, committed 16448K, reserved 1048576K
}
Event: 3393.883 GC heap before
{Heap before GC invocations=212 (full 10):
 garbage-first heap   total 174080K, used 137284K [0x0000000085000000, 0x0000000100000000)
  region size 1024K, 78 young (79872K), 1 survivors (1024K)
 Metaspace       used 117596K, committed 120192K, reserved 1179648K
  class space    used 15788K, committed 16448K, reserved 1048576K
}
Event: 3393.962 GC heap after
{Heap after GC invocations=213 (full 11):
 garbage-first heap   total 167936K, used 47801K [0x0000000085000000, 0x0000000100000000)
  region size 1024K, 0 young (0K), 0 survivors (0K)
 Metaspace       used 117558K, committed 120192K, reserved 1179648K
  class space    used 15781K, committed 16448K, reserved 1048576K
}
Event: 3395.804 GC heap before
{Heap before GC invocations=213 (full 11):
 garbage-first heap   total 167936K, used 144057K [0x0000000085000000, 0x0000000100000000)
  region size 1024K, 94 young (96256K), 0 survivors (0K)
 Metaspace       used 118214K, committed 120192K, reserved 1179648K
  class space    used 15847K, committed 16448K, reserved 1048576K
}
Event: 3395.849 GC heap after
{Heap after GC invocations=214 (full 11):
 garbage-first heap   total 167936K, used 55370K [0x0000000085000000, 0x0000000100000000)
  region size 1024K, 8 young (8192K), 8 survivors (8192K)
 Metaspace       used 118214K, committed 120192K, reserved 1179648K
  class space    used 15847K, committed 16448K, reserved 1048576K
}
Event: 3396.801 GC heap before
{Heap before GC invocations=215 (full 11):
 garbage-first heap   total 167936K, used 138314K [0x0000000085000000, 0x0000000100000000)
  region size 1024K, 89 young (91136K), 8 survivors (8192K)
 Metaspace       used 119049K, committed 120192K, reserved 1179648K
  class space    used 15940K, committed 16448K, reserved 1048576K
}
Event: 3396.835 GC heap after
{Heap after GC invocations=216 (full 11):
 garbage-first heap   total 167936K, used 59162K [0x0000000085000000, 0x0000000100000000)
  region size 1024K, 5 young (5120K), 5 survivors (5120K)
 Metaspace       used 119049K, committed 120192K, reserved 1179648K
  class space    used 15940K, committed 16448K, reserved 1048576K
}
Event: 3397.730 GC heap before
{Heap before GC invocations=216 (full 11):
 garbage-first heap   total 167936K, used 138010K [0x0000000085000000, 0x0000000100000000)
  region size 1024K, 82 young (83968K), 5 survivors (5120K)
 Metaspace       used 119527K, committed 120448K, reserved 1179648K
  class space    used 15983K, committed 16448K, reserved 1048576K
}
Event: 3397.735 GC heap after
{Heap after GC invocations=217 (full 11):
 garbage-first heap   total 167936K, used 64170K [0x0000000085000000, 0x0000000100000000)
  region size 1024K, 9 young (9216K), 9 survivors (9216K)
 Metaspace       used 119527K, committed 120448K, reserved 1179648K
  class space    used 15983K, committed 16448K, reserved 1048576K
}

Deoptimization events (4 events):
Event: 7.712 Thread 0x0000016e5d15ef50 DEOPT PACKING pc=0x0000016e4df88ee4 sp=0x0000000e87bfa420
Event: 7.712 Thread 0x0000016e5d15ef50 DEOPT UNPACKING pc=0x0000016e4da82b43 sp=0x0000000e87bf9940 mode 0
Event: 7.712 Thread 0x0000016e5d15ef50 DEOPT PACKING pc=0x0000016e4df88534 sp=0x0000000e87bfa510
Event: 7.712 Thread 0x0000016e5d15ef50 DEOPT UNPACKING pc=0x0000016e4da82b43 sp=0x0000000e87bf99d0 mode 0

Classes unloaded (20 events):
Event: 3269.290 Thread 0x0000016e58b35110 Unloading class 0x0000016e01f95800 'jdk/internal/reflect/GeneratedConstructorAccessor191'
Event: 3269.290 Thread 0x0000016e58b35110 Unloading class 0x0000016e01dca000 'jdk/internal/reflect/GeneratedConstructorAccessor190'
Event: 3269.290 Thread 0x0000016e58b35110 Unloading class 0x0000016e01fbcc00 'jdk/internal/reflect/GeneratedConstructorAccessor188'
Event: 3269.290 Thread 0x0000016e58b35110 Unloading class 0x0000016e01ffb800 'jdk/internal/reflect/GeneratedConstructorAccessor187'
Event: 3269.290 Thread 0x0000016e58b35110 Unloading class 0x0000016e02001400 'jdk/internal/reflect/GeneratedConstructorAccessor186'
Event: 3269.290 Thread 0x0000016e58b35110 Unloading class 0x0000016e0200a800 'jdk/internal/reflect/GeneratedConstructorAccessor185'
Event: 3269.290 Thread 0x0000016e58b35110 Unloading class 0x0000016e01f20c00 'jdk/internal/reflect/GeneratedConstructorAccessor184'
Event: 3269.290 Thread 0x0000016e58b35110 Unloading class 0x0000016e01d7b000 'jdk/internal/reflect/GeneratedConstructorAccessor183'
Event: 3393.906 Thread 0x0000016e58b35110 Unloading class 0x0000016e01f30800 'jdk/internal/reflect/GeneratedMethodAccessor486'
Event: 3393.906 Thread 0x0000016e58b35110 Unloading class 0x0000016e01dd0800 'jdk/internal/reflect/GeneratedMethodAccessor485'
Event: 3393.906 Thread 0x0000016e58b35110 Unloading class 0x0000016e01ffb000 'jdk/internal/reflect/GeneratedMethodAccessor417'
Event: 3393.906 Thread 0x0000016e58b35110 Unloading class 0x0000016e01db3400 'jdk/internal/reflect/GeneratedMethodAccessor416'
Event: 3393.906 Thread 0x0000016e58b35110 Unloading class 0x0000016e01db3000 'jdk/internal/reflect/GeneratedMethodAccessor415'
Event: 3393.906 Thread 0x0000016e58b35110 Unloading class 0x0000016e01dba000 'jdk/internal/reflect/GeneratedMethodAccessor413'
Event: 3393.906 Thread 0x0000016e58b35110 Unloading class 0x0000016e01dd4400 'jdk/internal/reflect/GeneratedMethodAccessor412'
Event: 3393.906 Thread 0x0000016e58b35110 Unloading class 0x0000016e01dd4000 'jdk/internal/reflect/GeneratedMethodAccessor411'
Event: 3393.906 Thread 0x0000016e58b35110 Unloading class 0x0000016e01e50c00 'jdk/internal/reflect/GeneratedMethodAccessor410'
Event: 3393.906 Thread 0x0000016e58b35110 Unloading class 0x0000016e01e50800 'jdk/internal/reflect/GeneratedMethodAccessor409'
Event: 3393.906 Thread 0x0000016e58b35110 Unloading class 0x0000016e01c4d400 'jdk/internal/reflect/GeneratedMethodAccessor406'
Event: 3393.906 Thread 0x0000016e58b35110 Unloading class 0x0000016e01c4d000 'jdk/internal/reflect/GeneratedMethodAccessor405'

Classes redefined (0 events):
No events

Internal exceptions (20 events):
Event: 3395.570 Thread 0x0000016e5d09db10 Exception <a 'sun/nio/fs/WindowsException'{0x0000000089ce1fe0}> (0x0000000089ce1fe0) 
thrown [s\open\src\hotspot\share\prims\jni.cpp, line 516]
Event: 3395.711 Thread 0x0000016e5d09db10 Exception <a 'java/net/SocketException'{0x0000000089715258}: Connection reset by peer: shutdown> (0x0000000089715258) 
thrown [s\open\src\hotspot\share\prims\jni.cpp, line 535]
Event: 3396.587 Thread 0x0000016e5d09db10 Exception <a 'java/lang/reflect/InvocationTargetException'{0x000000008b387cd0}> (0x000000008b387cd0) 
thrown [s\open\src\hotspot\share\runtime\reflection.cpp, line 1121]
Event: 3396.643 Thread 0x0000016e5d09db10 Exception <a 'java/io/FileNotFoundException'{0x000000008b0d4ea0}> (0x000000008b0d4ea0) 
thrown [s\open\src\hotspot\share\prims\jni.cpp, line 516]
Event: 3396.967 Thread 0x0000016e5d09db10 Exception <a 'java/io/FileNotFoundException'{0x000000008e821060}> (0x000000008e821060) 
thrown [s\open\src\hotspot\share\prims\jni.cpp, line 516]
Event: 3396.968 Thread 0x0000016e5d09db10 Exception <a 'java/io/FileNotFoundException'{0x000000008e82d6f8}> (0x000000008e82d6f8) 
thrown [s\open\src\hotspot\share\prims\jni.cpp, line 516]
Event: 3396.990 Thread 0x0000016e5d09db10 Exception <a 'java/lang/ClassNotFoundException'{0x000000008e6267b8}: nz/net/ultraq/thymeleaf/layoutdialect/decorators/strategies/AppendingStrategyBeanInfo> (0x000000008e6267b8) 
thrown [s\open\src\hotspot\share\classfile\systemDictionary.cpp, line 256]
Event: 3396.991 Thread 0x0000016e5d09db10 Exception <a 'java/lang/ClassNotFoundException'{0x000000008e633160}: nz/net/ultraq/thymeleaf/layoutdialect/decorators/strategies/AppendingStrategyCustomizer> (0x000000008e633160) 
thrown [s\open\src\hotspot\share\classfile\systemDictionary.cpp, line 256]
Event: 3396.998 Thread 0x0000016e5d09db10 Exception <a 'java/lang/ClassNotFoundException'{0x000000008e67b0e0}: nz/net/ultraq/thymeleaf/layoutdialect/LayoutDialectBeanInfo> (0x000000008e67b0e0) 
thrown [s\open\src\hotspot\share\classfile\systemDictionary.cpp, line 256]
Event: 3396.998 Thread 0x0000016e5d09db10 Exception <a 'java/lang/ClassNotFoundException'{0x000000008e685db8}: org/thymeleaf/dialect/AbstractProcessorDialectBeanInfo> (0x000000008e685db8) 
thrown [s\open\src\hotspot\share\classfile\systemDictionary.cpp, line 256]
Event: 3396.998 Thread 0x0000016e5d09db10 Exception <a 'java/lang/ClassNotFoundException'{0x000000008e690508}: org/thymeleaf/dialect/AbstractDialectBeanInfo> (0x000000008e690508) 
thrown [s\open\src\hotspot\share\classfile\systemDictionary.cpp, line 256]
Event: 3396.999 Thread 0x0000016e5d09db10 Exception <a 'java/lang/ClassNotFoundException'{0x000000008e69af18}: org/thymeleaf/dialect/AbstractDialectCustomizer> (0x000000008e69af18) 
thrown [s\open\src\hotspot\share\classfile\systemDictionary.cpp, line 256]
Event: 3397.000 Thread 0x0000016e5d09db10 Exception <a 'java/lang/ClassNotFoundException'{0x000000008e6a82d8}: org/thymeleaf/dialect/AbstractProcessorDialectCustomizer> (0x000000008e6a82d8) 
thrown [s\open\src\hotspot\share\classfile\systemDictionary.cpp, line 256]
Event: 3397.000 Thread 0x0000016e5d09db10 Exception <a 'java/lang/ClassNotFoundException'{0x000000008e6b6bc8}: nz/net/ultraq/thymeleaf/layoutdialect/LayoutDialectCustomizer> (0x000000008e6b6bc8) 
thrown [s\open\src\hotspot\share\classfile\systemDictionary.cpp, line 256]
Event: 3397.189 Thread 0x0000016e5d09db10 Exception <a 'sun/nio/fs/WindowsException'{0x000000008d8f46b0}> (0x000000008d8f46b0) 
thrown [s\open\src\hotspot\share\prims\jni.cpp, line 516]
Event: 3398.035 Thread 0x0000016e5d09db10 Exception <a 'java/lang/ClassNotFoundException'{0x000000008d249720}: org/quartz/simpl/SimpleThreadPoolBeanInfo> (0x000000008d249720) 
thrown [s\open\src\hotspot\share\classfile\systemDictionary.cpp, line 256]
Event: 3398.036 Thread 0x0000016e5d09db10 Exception <a 'java/lang/ClassNotFoundException'{0x000000008d2526d8}: org/quartz/simpl/SimpleThreadPoolCustomizer> (0x000000008d2526d8) 
thrown [s\open\src\hotspot\share\classfile\systemDictionary.cpp, line 256]
Event: 3398.038 Thread 0x0000016e5d09db10 Exception <a 'java/lang/ClassNotFoundException'{0x000000008d26f6b8}: org/quartz/simpl/RAMJobStoreBeanInfo> (0x000000008d26f6b8) 
thrown [s\open\src\hotspot\share\classfile\systemDictionary.cpp, line 256]
Event: 3398.038 Thread 0x0000016e5d09db10 Exception <a 'java/lang/ClassNotFoundException'{0x000000008d278440}: org/quartz/simpl/RAMJobStoreCustomizer> (0x000000008d278440) 
thrown [s\open\src\hotspot\share\classfile\systemDictionary.cpp, line 256]
Event: 3399.753 Thread 0x0000016e65be15a0 Exception <a 'java/lang/InterruptedException'{0x000000008c300040}: sleep interrupted> (0x000000008c300040) 
thrown [s\open\src\hotspot\share\prims\jvm.cpp, line 3064]

VM Operations (20 events):
Event: 3358.282 Executing VM operation: G1Concurrent done
Event: 3393.882 Executing VM operation: G1CollectFull
Event: 3393.962 Executing VM operation: G1CollectFull done
Event: 3395.804 Executing VM operation: G1CollectForAllocation
Event: 3395.852 Executing VM operation: G1CollectForAllocation done
Event: 3395.884 Executing VM operation: G1Concurrent
Event: 3395.894 Executing VM operation: G1Concurrent done
Event: 3395.910 Executing VM operation: G1Concurrent
Event: 3395.911 Executing VM operation: G1Concurrent done
Event: 3396.801 Executing VM operation: G1CollectForAllocation
Event: 3396.835 Executing VM operation: G1CollectForAllocation done
Event: 3397.729 Executing VM operation: G1CollectForAllocation
Event: 3397.735 Executing VM operation: G1CollectForAllocation done
Event: 3397.771 Executing VM operation: G1Concurrent
Event: 3397.781 Executing VM operation: G1Concurrent done
Event: 3397.797 Executing VM operation: G1Concurrent
Event: 3397.798 Executing VM operation: G1Concurrent done
Event: 3398.809 Executing VM operation: Cleanup
Event: 3398.809 Executing VM operation: Cleanup done
Event: 3399.754 Executing VM operation: G1CollectFull

Events (20 events):
Event: 3399.659 Thread 0x0000016e65592930 Thread exited: 0x0000016e65592930
Event: 3399.661 Thread 0x0000016e65212080 Thread added: 0x0000016e65212080
Event: 3399.746 Thread 0x0000016e659898b0 Thread exited: 0x0000016e659898b0
Event: 3399.746 Thread 0x0000016e65212080 Thread exited: 0x0000016e65212080
Event: 3399.746 Thread 0x0000016e65593860 Thread exited: 0x0000016e65593860
Event: 3399.746 Thread 0x0000016e5e8c15c0 Thread exited: 0x0000016e5e8c15c0
Event: 3399.747 Thread 0x0000016e65592420 Thread exited: 0x0000016e65592420
Event: 3399.747 Thread 0x0000016e65593d70 Thread exited: 0x0000016e65593d70
Event: 3399.747 Thread 0x0000016e655956c0 Thread exited: 0x0000016e655956c0
Event: 3399.747 Thread 0x0000016e65593350 Thread exited: 0x0000016e65593350
Event: 3399.747 Thread 0x0000016e65592e40 Thread exited: 0x0000016e65592e40
Event: 3399.747 Thread 0x0000016e65594280 Thread exited: 0x0000016e65594280
Event: 3399.747 Thread 0x0000016e65594790 Thread exited: 0x0000016e65594790
Event: 3399.747 Thread 0x0000016e655951b0 Thread exited: 0x0000016e655951b0
Event: 3399.747 Thread 0x0000016e65594ca0 Thread exited: 0x0000016e65594ca0
Event: 3399.747 Thread 0x0000016e65591f10 Thread exited: 0x0000016e65591f10
Event: 3399.748 Thread 0x0000016e65a6d9e0 Thread exited: 0x0000016e65a6d9e0
Event: 3399.753 Thread 0x0000016e60050fc0 Thread exited: 0x0000016e60050fc0
Event: 3399.753 Thread 0x0000016e600505a0 Thread exited: 0x0000016e600505a0
Event: 3399.753 Thread 0x0000016e65be15a0 Thread exited: 0x0000016e65be15a0


Dynamic libraries:
0x00007ff6f3bc0000 - 0x00007ff6f3bd0000 	C:\Program Files\Java\jdk-17\bin\java.exe
0x00007ffd59ec0000 - 0x00007ffd5a0c9000 	C:\windows\SYSTEM32\ntdll.dll
0x00007ffd58910000 - 0x00007ffd589cd000 	C:\windows\System32\KERNEL32.DLL
0x00007ffd574e0000 - 0x00007ffd57864000 	C:\windows\System32\KERNELBASE.dll
0x00007ffd57350000 - 0x00007ffd57461000 	C:\windows\System32\ucrtbase.dll
0x00007ffd05fd0000 - 0x00007ffd05feb000 	C:\Program Files\Java\jdk-17\bin\VCRUNTIME140.dll
0x00007ffcff510000 - 0x00007ffcff529000 	C:\Program Files\Java\jdk-17\bin\jli.dll
0x00007ffd57e40000 - 0x00007ffd57eee000 	C:\windows\System32\ADVAPI32.dll
0x00007ffd57d10000 - 0x00007ffd57db3000 	C:\windows\System32\msvcrt.dll
0x00007ffd586c0000 - 0x00007ffd5875e000 	C:\windows\System32\sechost.dll
0x00007ffd59a50000 - 0x00007ffd59b71000 	C:\windows\System32\RPCRT4.dll
0x00007ffd58760000 - 0x00007ffd5890d000 	C:\windows\System32\USER32.dll
0x00007ffd57bc0000 - 0x00007ffd57be6000 	C:\windows\System32\win32u.dll
0x00007ffd59df0000 - 0x00007ffd59e1a000 	C:\windows\System32\GDI32.dll
0x00007ffd35140000 - 0x00007ffd353e5000 	C:\windows\WinSxS\amd64_microsoft.windows.common-controls_6595b64144ccf1df_6.0.22000.120_none_9d947278b86cc467\COMCTL32.dll
0x00007ffd57bf0000 - 0x00007ffd57d0e000 	C:\windows\System32\gdi32full.dll
0x00007ffd57b20000 - 0x00007ffd57bbd000 	C:\windows\System32\msvcp_win.dll
0x00007ffd49a70000 - 0x00007ffd49a7a000 	C:\windows\SYSTEM32\VERSION.dll
0x00007ffd58aa0000 - 0x00007ffd58ad1000 	C:\windows\System32\IMM32.DLL
0x00007ffd4c7d0000 - 0x00007ffd4c7dc000 	C:\Program Files\Java\jdk-17\bin\vcruntime140_1.dll
0x00007ffcf5190000 - 0x00007ffcf521e000 	C:\Program Files\Java\jdk-17\bin\msvcp140.dll
0x00007ffcbaa30000 - 0x00007ffcbb60f000 	C:\Program Files\Java\jdk-17\bin\server\jvm.dll
0x00007ffd57fa0000 - 0x00007ffd57fa8000 	C:\windows\System32\PSAPI.DLL
0x00007ffd22ff0000 - 0x00007ffd22ff9000 	C:\windows\SYSTEM32\WSOCK32.dll
0x00007ffd59d80000 - 0x00007ffd59def000 	C:\windows\System32\WS2_32.dll
0x00007ffd4c790000 - 0x00007ffd4c7c3000 	C:\windows\SYSTEM32\WINMM.dll
0x00007ffd563a0000 - 0x00007ffd563b8000 	C:\windows\SYSTEM32\kernel.appcore.dll
0x00007ffd39f60000 - 0x00007ffd39f6a000 	C:\Program Files\Java\jdk-17\bin\jimage.dll
0x00007ffd54a60000 - 0x00007ffd54c81000 	C:\windows\SYSTEM32\DBGHELP.DLL
0x00007ffd38cc0000 - 0x00007ffd38cf1000 	C:\windows\SYSTEM32\dbgcore.DLL
0x00007ffd57aa0000 - 0x00007ffd57b1f000 	C:\windows\System32\bcryptPrimitives.dll
0x00007ffd057c0000 - 0x00007ffd057ce000 	C:\Program Files\Java\jdk-17\bin\instrument.dll
0x00007ffcf4df0000 - 0x00007ffcf4e15000 	C:\Program Files\Java\jdk-17\bin\java.dll
0x00007ffcf4d10000 - 0x00007ffcf4de7000 	C:\Program Files\Java\jdk-17\bin\jsvml.dll
0x00007ffd59190000 - 0x00007ffd59955000 	C:\windows\System32\SHELL32.dll
0x00007ffd553e0000 - 0x00007ffd55c42000 	C:\windows\SYSTEM32\windows.storage.dll
0x00007ffd57fc0000 - 0x00007ffd58336000 	C:\windows\System32\combase.dll
0x00007ffd55270000 - 0x00007ffd553d7000 	C:\windows\SYSTEM32\wintypes.dll
0x00007ffd585c0000 - 0x00007ffd586aa000 	C:\windows\System32\SHCORE.dll
0x00007ffd59130000 - 0x00007ffd5918d000 	C:\windows\System32\shlwapi.dll
0x00007ffd57280000 - 0x00007ffd572a5000 	C:\windows\SYSTEM32\profapi.dll
0x00007ffcfed80000 - 0x00007ffcfed98000 	C:\Program Files\Java\jdk-17\bin\zip.dll
0x00007ffcf5c00000 - 0x00007ffcf5c19000 	C:\Program Files\Java\jdk-17\bin\net.dll
0x00007ffd52890000 - 0x00007ffd529a4000 	C:\windows\SYSTEM32\WINHTTP.dll
0x00007ffd56870000 - 0x00007ffd568d7000 	C:\windows\system32\mswsock.dll
0x00007ffcf5170000 - 0x00007ffcf5186000 	C:\Program Files\Java\jdk-17\bin\nio.dll
0x00007ffd0bd50000 - 0x00007ffd0bd6a000 	C:\Program Files\JetBrains\IntelliJ IDEA 2024.2.5\bin\breakgen64.dll
0x00007ffd55ee0000 - 0x00007ffd55fc7000 	C:\windows\SYSTEM32\DNSAPI.dll
0x00007ffd55eb0000 - 0x00007ffd55edd000 	C:\windows\SYSTEM32\IPHLPAPI.DLL
0x00007ffd586b0000 - 0x00007ffd586b9000 	C:\windows\System32\NSI.dll
0x00007ffd4c480000 - 0x00007ffd4c48a000 	C:\Windows\System32\rasadhlp.dll
0x00007ffd4e770000 - 0x00007ffd4e7f1000 	C:\windows\System32\fwpuclnt.dll
0x00007ffcfef60000 - 0x00007ffcfef6a000 	C:\Program Files\Java\jdk-17\bin\management.dll
0x00007ffcfef50000 - 0x00007ffcfef5b000 	C:\Program Files\Java\jdk-17\bin\management_ext.dll
0x00007ffd56ab0000 - 0x00007ffd56ac8000 	C:\windows\SYSTEM32\CRYPTSP.dll
0x00007ffd56300000 - 0x00007ffd56335000 	C:\windows\system32\rsaenh.dll
0x00007ffd56960000 - 0x00007ffd5698c000 	C:\windows\SYSTEM32\USERENV.dll
0x00007ffd56ca0000 - 0x00007ffd56cc7000 	C:\windows\SYSTEM32\bcrypt.dll
0x00007ffd56ad0000 - 0x00007ffd56adc000 	C:\windows\SYSTEM32\CRYPTBASE.dll
0x00007ffd527f0000 - 0x00007ffd52809000 	C:\windows\SYSTEM32\dhcpcsvc6.DLL
0x00007ffd52ce0000 - 0x00007ffd52cfe000 	C:\windows\SYSTEM32\dhcpcsvc.DLL
0x00007ffd1c840000 - 0x00007ffd1c857000 	C:\windows\system32\napinsp.dll
0x00007ffd1c070000 - 0x00007ffd1c08b000 	C:\windows\system32\pnrpnsp.dll
0x00007ffd1c050000 - 0x00007ffd1c062000 	C:\windows\System32\winrnr.dll
0x00007ffd1c030000 - 0x00007ffd1c045000 	C:\windows\system32\wshbth.dll
0x00007ffd1c010000 - 0x00007ffd1c02f000 	C:\windows\system32\nlansp_c.dll
0x00007ffcfed70000 - 0x00007ffcfed7e000 	C:\Program Files\Java\jdk-17\bin\sunmscapi.dll
0x00007ffd57930000 - 0x00007ffd57a92000 	C:\windows\System32\CRYPT32.dll
0x00007ffd56c70000 - 0x00007ffd56c98000 	C:\windows\SYSTEM32\ncrypt.dll
0x00007ffd56c30000 - 0x00007ffd56c67000 	C:\windows\SYSTEM32\NTASN1.dll
0x00007ffd02500000 - 0x00007ffd02510000 	C:\Program Files\Java\jdk-17\bin\verify.dll
0x00007ffd161e0000 - 0x00007ffd161e8000 	C:\windows\system32\wshunix.dll

dbghelp: loaded successfully - version: 4.0.5 - missing functions: none
symbol engine: initialized successfully - sym options: 0x614 - pdb path: .;C:\Program Files\Java\jdk-17\bin;C:\windows\SYSTEM32;C:\windows\WinSxS\amd64_microsoft.windows.common-controls_6595b64144ccf1df_6.0.22000.120_none_9d947278b86cc467;C:\Program Files\Java\jdk-17\bin\server;C:\Program Files\JetBrains\IntelliJ IDEA 2024.2.5\bin

VM Arguments:
jvm_args: -XX:TieredStopAtLevel=1 -Dspring.output.ansi.enabled=always -Dcom.sun.management.jmxremote -Dspring.jmx.enabled=true -Dspring.liveBeansView.mbeanDomain -Dspring.application.admin.enabled=true -Dmanagement.endpoints.jmx.exposure.include=* -javaagent:C:\Program Files\JetBrains\IntelliJ IDEA 2024.2.5\lib\idea_rt.jar=50454:C:\Program Files\JetBrains\IntelliJ IDEA 2024.2.5\bin -Dfile.encoding=UTF-8 
java_command: com.poliqlo.PoliqloApplication
java_class_path (initial): D:\ProjectPoliqlo\uniqlo\build\classes\java\main;D:\ProjectPoliqlo\uniqlo\build\resources\main;C:\Users\HP\.gradle\caches\modules-2\files-2.1\org.projectlombok\lombok\1.18.36\5a30490a6e14977d97d9c73c924c1f1b5311ea95\lombok-1.18.36.jar;C:\Users\HP\.gradle\caches\modules-2\files-2.1\org.springframework.boot\spring-boot-starter-data-jpa\3.4.2\b65a304b493807dff48bf114135dc4aa5f267927\spring-boot-starter-data-jpa-3.4.2.jar;C:\Users\HP\.gradle\caches\modules-2\files-2.1\org.springframework.boot\spring-boot-starter-thymeleaf\3.4.2\8dcb10dc369c51639b32bcc2a423fd5625c299f4\spring-boot-starter-thymeleaf-3.4.2.jar;C:\Users\HP\.gradle\caches\modules-2\files-2.1\org.springframework.boot\spring-boot-starter-web\3.4.2\cf1c8efe77dccf221acf5f0ce9cc24c718c0ca44\spring-boot-starter-web-3.4.2.jar;C:\Users\HP\.gradle\caches\modules-2\files-2.1\org.flywaydb\flyway-mysql\10.20.1\9db1410ab7d3b97b5e6f4e363945e12478cbcd39\flyway-mysql-10.20.1.jar;C:\Users\HP\.gradle\caches\modules-2\files-2.1\org.flywaydb\flyway-core\10.20.1\27c35cad285433947ef986c615ce2742f69145de\flyway-core-10.20.1.jar;C:\Users\HP\.gradle\caches\modules-2\files-2.1\org.springframework.boot\spring-boot-starter-validation\3.4.2\3195ea4da38b902a09bf192361800d4e43940465\spring-boot-starter-validation-3.4.2.jar;C:\Users\HP\.gradle\caches\modules-2\files-2.1\com.azure.spring\spring-cloud-azure-starter-storage\5.19.0\f82daadad69d8972a7e3d6deff362e9f4f368f67\spring-cloud-azure-starter-storage-5.19.0.jar;C:\Users\HP\.gradle\caches\modules-2\files-2.1\org.springframework.boot\spring-boot-starter-mail\3.4.2\e8db235d4384abe8253e499379e439cc5510b8bf\spring-boot-starter-mail-3.4.2.jar;C:\Users\HP\.gradle\caches\modules-2\files-2.1\org.springframework.boot\spring-boot-starter-security\3.4.2\b3102ed745b5e71f61bb5174c6a12275f0154dbb\spring-boot-starter-security-3.4.2.jar;C:\Users\HP\.gradle\caches\modules-2\files-2.1\org.thymeleaf.extras\thymeleaf-extras-springsecurity6\3.1.3.RELEASE\f2a9e9505b145d22a52047460c
Launcher Type: SUN_STANDARD

[Global flags]
     intx CICompilerCount                          = 4                                         {product} {ergonomic}
     uint ConcGCThreads                            = 3                                         {product} {ergonomic}
     uint G1ConcRefinementThreads                  = 10                                        {product} {ergonomic}
   size_t G1HeapRegionSize                         = 1048576                                   {product} {ergonomic}
    uintx GCDrainStackTargetSize                   = 64                                        {product} {ergonomic}
   size_t InitialHeapSize                          = 130023424                                 {product} {ergonomic}
     bool ManagementServer                         = true                                      {product} {command line}
   size_t MarkStackSize                            = 4194304                                   {product} {ergonomic}
   size_t MaxHeapSize                              = 2063597568                                {product} {ergonomic}
   size_t MaxNewSize                               = 1237319680                                {product} {ergonomic}
   size_t MinHeapDeltaBytes                        = 1048576                                   {product} {ergonomic}
   size_t MinHeapSize                              = 8388608                                   {product} {ergonomic}
    uintx NonProfiledCodeHeapSize                  = 0                                      {pd product} {ergonomic}
     bool ProfileInterpreter                       = false                                  {pd product} {command line}
    uintx ProfiledCodeHeapSize                     = 0                                      {pd product} {ergonomic}
   size_t SoftMaxHeapSize                          = 2063597568                             {manageable} {ergonomic}
     intx TieredStopAtLevel                        = 1                                         {product} {command line}
     bool UseCompressedClassPointers               = true                           {product lp64_product} {ergonomic}
     bool UseCompressedOops                        = true                           {product lp64_product} {ergonomic}
     bool UseG1GC                                  = true                                      {product} {ergonomic}
     bool UseLargePagesIndividualAllocation        = false                                  {pd product} {ergonomic}

Logging:
Log output configuration:
 #0: stdout all=warning uptime,level,tags
 #1: stderr all=off uptime,level,tags

Environment Variables:
PATH=c:\Users\HP\AppData\Local\Programs\cursor\resources\app\bin;E:\orcl_db_home\bin;E:\WINDOWS.X64_193000_db_home\bin;C:\Program Files\Common Files\Oracle\Java\javapath;C:\Program Files (x86)\Common Files\Oracle\Java\java8path;C:\Program Files (x86)\Common Files\Oracle\Java\javapath;C:\windows\system32;C:\windows;C:\windows\System32\Wbem;C:\windows\System32\WindowsPowerShell\v1.0\;C:\windows\System32\OpenSSH\;C:\Program Files (x86)\dotnet\;C:\Program Files\HP\HP One Agent;C:\Program Files\Microsoft SQL Server\Client SDK\ODBC\130\Tools\Binn\;C:\Program Files (x86)\Microsoft SQL Server\140\Tools\Binn\;C:\Program Files\Microsoft SQL Server\140\Tools\Binn\;C:\Program Files\Microsoft SQL Server\140\DTS\Binn\;C:\Program Files (x86)\Microsoft SQL Server\Client SDK\ODBC\130\Tools\Binn\;C:\Program Files (x86)\Microsoft SQL Server\140\DTS\Binn\;C:\Program Files (x86)\Microsoft SQL Server\140\Tools\Binn\ManagementStudio\;C:\Users\HP\AppData\Local\Microsoft\WindowsApps;C:\Program Files\JetBrains\IntelliJ IDEA 2024.2.1\bin;c;C:\Program Files\Git\cmd;C:\Program Files\MySQL\MySQL Shell 8.0\bin\;C:\Users\HP\AppData\Local\Microsoft\WindowsApps;C:\Users\HP\AppData\Local\Programs\Microsoft VS Code\bin;C:\Program Files\JetBrains\IntelliJ IDEA 2024.2.5\bin;
USERNAME=HP
OS=Windows_NT
PROCESSOR_IDENTIFIER=Intel64 Family 6 Model 154 Stepping 4, GenuineIntel



---------------  S Y S T E M  ---------------

OS:
 Windows 11 , 64 bit Build 22000 (10.0.22000.2538)
OS uptime: 0 days 1:02 hours
Hyper-V role detected

CPU: total 12 (initial active 12) (6 cores per cpu, 2 threads per core) family 6 model 154 stepping 4 microcode 0x41e, cx8, cmov, fxsr, ht, mmx, 3dnowpref, sse, sse2, sse3, ssse3, sse4.1, sse4.2, popcnt, lzcnt, tsc, tscinvbit, avx, avx2, aes, erms, clmul, bmi1, bmi2, adx, sha, fma, vzeroupper, clflush, clflushopt, clwb, hv

Memory: 4k page, system-wide physical 7865M (470M free)
TotalPageFile size 19652M (AvailPageFile size 5M)
current process WorkingSet (physical memory assigned to process): 382M, peak: 449M
current process commit charge ("private bytes"): 486M, peak: 532M

vm_info: Java HotSpot(TM) 64-Bit Server VM (17.0.10+11-LTS-240) for windows-amd64 JRE (17.0.10+11-LTS-240), built on Dec 19 2023 21:47:25 by "mach5one" with MS VC++ 17.1 (VS2022)

END.
