#
# There is insufficient memory for the Java Runtime Environment to continue.
# Native memory allocation (malloc) failed to allocate 1142256 bytes for Chunk::new
# Possible reasons:
#   The system is out of physical RAM or swap space
#   The process is running with CompressedOops enabled, and the Java Heap may be blocking the growth of the native heap
# Possible solutions:
#   Reduce memory load on the system
#   Increase physical memory or swap space
#   Check if swap backing store is full
#   Decrease Java heap size (-Xmx/-Xms)
#   Decrease number of Java threads
#   Decrease Java thread stack sizes (-Xss)
#   Set larger code cache with -XX:ReservedCodeCacheSize=
#   JVM is running with Unscaled Compressed Oops mode in which the Java heap is
#     placed in the first 4GB address space. The Java Heap base address is the
#     maximum limit for the native heap growth. Please use -XX:HeapBaseMinAddress
#     to set the Java Heap base and to place the Java Heap above 4GB virtual address.
# This output file may be truncated or incomplete.
#
#  Out of Memory Error (arena.cpp:189), pid=13572, tid=9072
#
# JRE version: Java(TM) SE Runtime Environment (17.0.10+11) (build 17.0.10+11-LTS-240)
# Java VM: Java HotSpot(TM) 64-Bit Server VM (17.0.10+11-LTS-240, mixed mode, sharing, tiered, compressed oops, compressed class ptrs, g1 gc, windows-amd64)
# No core dump will be written. Minidumps are not enabled by default on client versions of Windows
#

---------------  S U M M A R Y ------------

Command Line: --add-opens=java.base/java.lang=ALL-UNNAMED --add-opens=java.base/java.lang.invoke=ALL-UNNAMED --add-opens=java.base/java.util=ALL-UNNAMED --add-opens=java.prefs/java.util.prefs=ALL-UNNAMED --add-exports=jdk.compiler/com.sun.tools.javac.api=ALL-UNNAMED --add-exports=jdk.compiler/com.sun.tools.javac.util=ALL-UNNAMED --add-opens=java.base/java.util=ALL-UNNAMED --add-opens=java.prefs/java.util.prefs=ALL-UNNAMED --add-opens=java.base/java.nio.charset=ALL-UNNAMED --add-opens=java.base/java.net=ALL-UNNAMED --add-opens=java.base/java.util.concurrent.atomic=ALL-UNNAMED --add-opens=java.xml/javax.xml.namespace=ALL-UNNAMED -XX:MaxMetaspaceSize=384m -XX:+HeapDumpOnOutOfMemoryError -Xms256m -Xmx512m -Dfile.encoding=UTF-8 -Duser.country=US -Duser.language=en -Duser.variant -javaagent:C:\Users\HP\.gradle\wrapper\dists\gradle-8.12.1-bin\eumc4uhoysa37zql93vfjkxy0\gradle-8.12.1\lib\agents\gradle-instrumentation-agent-8.12.1.jar org.gradle.launcher.daemon.bootstrap.GradleDaemon 8.12.1

Host: 12th Gen Intel(R) Core(TM) i7-1255U, 12 cores, 7G,  Windows 11 , 64 bit Build 22000 (10.0.22000.2538)
Time: Mon Feb 24 16:37:57 2025 SE Asia Standard Time elapsed time: 8.856187 seconds (0d 0h 0m 8s)

---------------  T H R E A D  ---------------

Current thread (0x0000022ae5089690):  JavaThread "C2 CompilerThread0" daemon [_thread_in_native, id=9072, stack(0x000000ddb1c00000,0x000000ddb1d00000)]


Current CompileTask:
C2:   8856 5568       4       org.gradle.internal.service.DefaultServiceRegistry$OwnServices::getService (317 bytes)

Stack: [0x000000ddb1c00000,0x000000ddb1d00000]
Native frames: (J=compiled Java code, j=interpreted, Vv=VM code, C=native code)
V  [jvm.dll+0x677a5a]
V  [jvm.dll+0x7d8b2d]
V  [jvm.dll+0x7da48e]
V  [jvm.dll+0x7daaf3]
V  [jvm.dll+0x2455ff]
V  [jvm.dll+0xaaafb]
V  [jvm.dll+0xab09c]
V  [jvm.dll+0x2aafef]
V  [jvm.dll+0x57fd55]
V  [jvm.dll+0x220472]
V  [jvm.dll+0x22084f]
V  [jvm.dll+0x2197a6]
V  [jvm.dll+0x216c79]
V  [jvm.dll+0x1a3410]
V  [jvm.dll+0x226aeb]
V  [jvm.dll+0x224cab]
V  [jvm.dll+0x78e45c]
V  [jvm.dll+0x78888a]
V  [jvm.dll+0x676935]
C  [ucrtbase.dll+0x26c0c]
C  [KERNEL32.DLL+0x153e0]
C  [ntdll.dll+0x485b]


---------------  P R O C E S S  ---------------

Threads class SMR info:
_java_thread_list=0x0000022a81670050, length=75, elements={
0x0000022aca334350, 0x0000022ae5064ac0, 0x0000022ae5065850, 0x0000022ae507ef60,
0x0000022ae507f830, 0x0000022ae5080100, 0x0000022ae50809d0, 0x0000022ae5089690,
0x0000022ae50ac070, 0x0000022ae50afe80, 0x0000022ae5262210, 0x0000022ae5399760,
0x0000022affa9ea80, 0x0000022aff939080, 0x0000022a8018d780, 0x0000022a803bbd10,
0x0000022a803e95d0, 0x0000022a80406320, 0x0000022a80406830, 0x0000022a804095c0,
0x0000022a80409ad0, 0x0000022a80406d40, 0x0000022a80344700, 0x0000022a80408ba0,
0x0000022a80407250, 0x0000022a804090b0, 0x0000022a80408690, 0x0000022a80407c70,
0x0000022a80408180, 0x0000022a828c7050, 0x0000022a828c3db0, 0x0000022a828c6120,
0x0000022a828c42c0, 0x0000022a828c1f50, 0x0000022a828c47d0, 0x0000022a828c7560,
0x0000022a828c4ce0, 0x0000022a828c00f0, 0x0000022a828c2460, 0x0000022a828c2e80,
0x0000022a828c5700, 0x0000022a828c7a70, 0x0000022a828c51f0, 0x0000022a828c5c10,
0x0000022a828c1530, 0x0000022a828c6630, 0x0000022a828c1a40, 0x0000022a828c6b40,
0x0000022a828c0600, 0x0000022a828c0b10, 0x0000022a828c1020, 0x0000022a828c3390,
0x0000022a83626710, 0x0000022a83627b50, 0x0000022a83626c20, 0x0000022a836243a0,
0x0000022a83627640, 0x0000022a83627130, 0x0000022a83628060, 0x0000022a83626200,
0x0000022a836294a0, 0x0000022a83623980, 0x0000022a83622540, 0x0000022a836257e0,
0x0000022a83623e90, 0x0000022a83622030, 0x0000022a83628f90, 0x0000022a836248b0,
0x0000022a836299b0, 0x0000022a83622a50, 0x0000022a836252d0, 0x0000022a83622f60,
0x0000022a83623470, 0x0000022a83624dc0, 0x0000022a83628570
}

Java Threads: ( => current thread )
  0x0000022aca334350 JavaThread "main" [_thread_blocked, id=5996, stack(0x000000ddb0f00000,0x000000ddb1000000)]
  0x0000022ae5064ac0 JavaThread "Reference Handler" daemon [_thread_blocked, id=3084, stack(0x000000ddb1600000,0x000000ddb1700000)]
  0x0000022ae5065850 JavaThread "Finalizer" daemon [_thread_blocked, id=1300, stack(0x000000ddb1700000,0x000000ddb1800000)]
  0x0000022ae507ef60 JavaThread "Signal Dispatcher" daemon [_thread_blocked, id=5300, stack(0x000000ddb1800000,0x000000ddb1900000)]
  0x0000022ae507f830 JavaThread "Attach Listener" daemon [_thread_blocked, id=8460, stack(0x000000ddb1900000,0x000000ddb1a00000)]
  0x0000022ae5080100 JavaThread "Service Thread" daemon [_thread_blocked, id=7136, stack(0x000000ddb1a00000,0x000000ddb1b00000)]
  0x0000022ae50809d0 JavaThread "Monitor Deflation Thread" daemon [_thread_blocked, id=14864, stack(0x000000ddb1b00000,0x000000ddb1c00000)]
=>0x0000022ae5089690 JavaThread "C2 CompilerThread0" daemon [_thread_in_native, id=9072, stack(0x000000ddb1c00000,0x000000ddb1d00000)]
  0x0000022ae50ac070 JavaThread "C1 CompilerThread0" daemon [_thread_blocked, id=520, stack(0x000000ddb1d00000,0x000000ddb1e00000)]
  0x0000022ae50afe80 JavaThread "Sweeper thread" daemon [_thread_blocked, id=1896, stack(0x000000ddb1e00000,0x000000ddb1f00000)]
  0x0000022ae5262210 JavaThread "Common-Cleaner" daemon [_thread_blocked, id=5048, stack(0x000000ddb1f00000,0x000000ddb2000000)]
  0x0000022ae5399760 JavaThread "Notification Thread" daemon [_thread_blocked, id=9392, stack(0x000000ddb2000000,0x000000ddb2100000)]
  0x0000022affa9ea80 JavaThread "Daemon health stats" [_thread_blocked, id=1168, stack(0x000000ddb2200000,0x000000ddb2300000)]
  0x0000022aff939080 JavaThread "Incoming local TCP Connector on port 51482" [_thread_in_native, id=376, stack(0x000000ddb2300000,0x000000ddb2400000)]
  0x0000022a8018d780 JavaThread "Daemon periodic checks" [_thread_blocked, id=11532, stack(0x000000ddb2900000,0x000000ddb2a00000)]
  0x0000022a803bbd10 JavaThread "Daemon" [_thread_blocked, id=16244, stack(0x000000ddb2a00000,0x000000ddb2b00000)]
  0x0000022a803e95d0 JavaThread "Handler for socket connection from /127.0.0.1:51482 to /127.0.0.1:51483" [_thread_in_native, id=15424, stack(0x000000ddb2b00000,0x000000ddb2c00000)]
  0x0000022a80406320 JavaThread "Cancel handler" [_thread_blocked, id=13648, stack(0x000000ddb2c00000,0x000000ddb2d00000)]
  0x0000022a80406830 JavaThread "Daemon worker" [_thread_in_vm, id=11388, stack(0x000000ddb2d00000,0x000000ddb2e00000)]
  0x0000022a804095c0 JavaThread "Asynchronous log dispatcher for DefaultDaemonConnection: socket connection from /127.0.0.1:51482 to /127.0.0.1:51483" [_thread_blocked, id=7912, stack(0x000000ddb2e00000,0x000000ddb2f00000)]
  0x0000022a80409ad0 JavaThread "Stdin handler" [_thread_blocked, id=13544, stack(0x000000ddb2f00000,0x000000ddb3000000)]
  0x0000022a80406d40 JavaThread "Daemon client event forwarder" [_thread_blocked, id=12108, stack(0x000000ddb3000000,0x000000ddb3100000)]
  0x0000022a80344700 JavaThread "C2 CompilerThread1" daemon [_thread_in_native, id=7128, stack(0x000000ddb3100000,0x000000ddb3200000)]
  0x0000022a80408ba0 JavaThread "Cache worker for journal cache (C:\Users\HP\.gradle\caches\journal-1)" [_thread_blocked, id=11680, stack(0x000000ddb3200000,0x000000ddb3300000)]
  0x0000022a80407250 JavaThread "File lock request listener" [_thread_in_native, id=2736, stack(0x000000ddb3300000,0x000000ddb3400000)]
  0x0000022a804090b0 JavaThread "Cache worker for file hash cache (C:\Users\HP\.gradle\caches\8.12.1\fileHashes)" [_thread_blocked, id=15368, stack(0x000000ddb3400000,0x000000ddb3500000)]
  0x0000022a80408690 JavaThread "File lock release action executor" [_thread_blocked, id=8068, stack(0x000000ddb3500000,0x000000ddb3600000)]
  0x0000022a80407c70 JavaThread "Cache worker for file hash cache (D:\ProjectPoliqlo\uniqlo\.gradle\8.12.1\fileHashes)" [_thread_blocked, id=13124, stack(0x000000ddb3600000,0x000000ddb3700000)]
  0x0000022a80408180 JavaThread "Cache worker for Build Output Cleanup Cache (D:\ProjectPoliqlo\uniqlo\.gradle\buildOutputCleanup)" [_thread_blocked, id=11224, stack(0x000000ddb3700000,0x000000ddb3800000)]
  0x0000022a828c7050 JavaThread "File watcher server" daemon [_thread_in_native, id=16336, stack(0x000000ddb3e00000,0x000000ddb3f00000)]
  0x0000022a828c3db0 JavaThread "File watcher consumer" daemon [_thread_blocked, id=6320, stack(0x000000ddb3f00000,0x000000ddb4000000)]
  0x0000022a828c6120 JavaThread "jar transforms" [_thread_blocked, id=10652, stack(0x000000ddb4000000,0x000000ddb4100000)]
  0x0000022a828c42c0 JavaThread "jar transforms Thread 2" [_thread_blocked, id=10068, stack(0x000000ddb4100000,0x000000ddb4200000)]
  0x0000022a828c1f50 JavaThread "Cache worker for checksums cache (D:\ProjectPoliqlo\uniqlo\.gradle\8.12.1\checksums)" [_thread_blocked, id=10276, stack(0x000000ddb4200000,0x000000ddb4300000)]
  0x0000022a828c47d0 JavaThread "Cache worker for file content cache (C:\Users\HP\.gradle\caches\8.12.1\fileContent)" [_thread_blocked, id=9188, stack(0x000000ddb4300000,0x000000ddb4400000)]
  0x0000022a828c7560 JavaThread "jar transforms Thread 3" [_thread_blocked, id=13744, stack(0x000000ddb4400000,0x000000ddb4500000)]
  0x0000022a828c4ce0 JavaThread "jar transforms Thread 4" [_thread_blocked, id=15584, stack(0x000000ddb4500000,0x000000ddb4600000)]
  0x0000022a828c00f0 JavaThread "jar transforms Thread 5" [_thread_blocked, id=11296, stack(0x000000ddb4600000,0x000000ddb4700000)]
  0x0000022a828c2460 JavaThread "jar transforms Thread 6" [_thread_blocked, id=14340, stack(0x000000ddb4700000,0x000000ddb4800000)]
  0x0000022a828c2e80 JavaThread "Cache worker for cache directory md-rule (C:\Users\HP\.gradle\caches\8.12.1\md-rule)" [_thread_blocked, id=2244, stack(0x000000ddb4800000,0x000000ddb4900000)]
  0x0000022a828c5700 JavaThread "Cache worker for cache directory md-supplier (C:\Users\HP\.gradle\caches\8.12.1\md-supplier)" [_thread_blocked, id=3736, stack(0x000000ddb4900000,0x000000ddb4a00000)]
  0x0000022a828c7a70 JavaThread "jar transforms Thread 7" [_thread_blocked, id=10176, stack(0x000000ddb4a00000,0x000000ddb4b00000)]
  0x0000022a828c51f0 JavaThread "Unconstrained build operations" [_thread_blocked, id=13060, stack(0x000000ddb4b00000,0x000000ddb4c00000)]
  0x0000022a828c5c10 JavaThread "Unconstrained build operations Thread 2" [_thread_blocked, id=16040, stack(0x000000ddb4c00000,0x000000ddb4d00000)]
  0x0000022a828c1530 JavaThread "Unconstrained build operations Thread 3" [_thread_blocked, id=1100, stack(0x000000ddb4d00000,0x000000ddb4e00000)]
  0x0000022a828c6630 JavaThread "Unconstrained build operations Thread 4" [_thread_blocked, id=15236, stack(0x000000ddb4e00000,0x000000ddb4f00000)]
  0x0000022a828c1a40 JavaThread "Unconstrained build operations Thread 5" [_thread_blocked, id=3344, stack(0x000000ddb4f00000,0x000000ddb5000000)]
  0x0000022a828c6b40 JavaThread "Unconstrained build operations Thread 6" [_thread_blocked, id=9980, stack(0x000000ddb5000000,0x000000ddb5100000)]
  0x0000022a828c0600 JavaThread "Unconstrained build operations Thread 7" [_thread_blocked, id=14832, stack(0x000000ddb5100000,0x000000ddb5200000)]
  0x0000022a828c0b10 JavaThread "Unconstrained build operations Thread 8" [_thread_blocked, id=7740, stack(0x000000ddb5200000,0x000000ddb5300000)]
  0x0000022a828c1020 JavaThread "Unconstrained build operations Thread 9" [_thread_blocked, id=4896, stack(0x000000ddb5300000,0x000000ddb5400000)]
  0x0000022a828c3390 JavaThread "Unconstrained build operations Thread 10" [_thread_blocked, id=2100, stack(0x000000ddb5400000,0x000000ddb5500000)]
  0x0000022a83626710 JavaThread "Unconstrained build operations Thread 11" [_thread_blocked, id=11012, stack(0x000000ddb5500000,0x000000ddb5600000)]
  0x0000022a83627b50 JavaThread "Unconstrained build operations Thread 12" [_thread_blocked, id=9400, stack(0x000000ddb5600000,0x000000ddb5700000)]
  0x0000022a83626c20 JavaThread "Unconstrained build operations Thread 13" [_thread_blocked, id=7204, stack(0x000000ddb5700000,0x000000ddb5800000)]
  0x0000022a836243a0 JavaThread "Unconstrained build operations Thread 14" [_thread_blocked, id=12444, stack(0x000000ddb5800000,0x000000ddb5900000)]
  0x0000022a83627640 JavaThread "Unconstrained build operations Thread 15" [_thread_blocked, id=12600, stack(0x000000ddb5900000,0x000000ddb5a00000)]
  0x0000022a83627130 JavaThread "Unconstrained build operations Thread 16" [_thread_blocked, id=14844, stack(0x000000ddb5a00000,0x000000ddb5b00000)]
  0x0000022a83628060 JavaThread "Unconstrained build operations Thread 17" [_thread_blocked, id=5804, stack(0x000000ddb5b00000,0x000000ddb5c00000)]
  0x0000022a83626200 JavaThread "Unconstrained build operations Thread 18" [_thread_blocked, id=3796, stack(0x000000ddb5c00000,0x000000ddb5d00000)]
  0x0000022a836294a0 JavaThread "Unconstrained build operations Thread 19" [_thread_blocked, id=10700, stack(0x000000ddb5d00000,0x000000ddb5e00000)]
  0x0000022a83623980 JavaThread "Unconstrained build operations Thread 20" [_thread_blocked, id=4648, stack(0x000000ddb5e00000,0x000000ddb5f00000)]
  0x0000022a83622540 JavaThread "Unconstrained build operations Thread 21" [_thread_blocked, id=15528, stack(0x000000ddb5f00000,0x000000ddb6000000)]
  0x0000022a836257e0 JavaThread "Unconstrained build operations Thread 22" [_thread_blocked, id=4072, stack(0x000000ddb6000000,0x000000ddb6100000)]
  0x0000022a83623e90 JavaThread "Unconstrained build operations Thread 23" [_thread_blocked, id=13344, stack(0x000000ddb6100000,0x000000ddb6200000)]
  0x0000022a83622030 JavaThread "Unconstrained build operations Thread 24" [_thread_blocked, id=14132, stack(0x000000ddb6200000,0x000000ddb6300000)]
  0x0000022a83628f90 JavaThread "Unconstrained build operations Thread 25" [_thread_blocked, id=7984, stack(0x000000ddb6300000,0x000000ddb6400000)]
  0x0000022a836248b0 JavaThread "Unconstrained build operations Thread 26" [_thread_blocked, id=5908, stack(0x000000ddb6400000,0x000000ddb6500000)]
  0x0000022a836299b0 JavaThread "Unconstrained build operations Thread 27" [_thread_blocked, id=6556, stack(0x000000ddb6500000,0x000000ddb6600000)]
  0x0000022a83622a50 JavaThread "Unconstrained build operations Thread 28" [_thread_blocked, id=12084, stack(0x000000ddb6600000,0x000000ddb6700000)]
  0x0000022a836252d0 JavaThread "Unconstrained build operations Thread 29" [_thread_blocked, id=12292, stack(0x000000ddb6700000,0x000000ddb6800000)]
  0x0000022a83622f60 JavaThread "Unconstrained build operations Thread 30" [_thread_blocked, id=12884, stack(0x000000ddb6800000,0x000000ddb6900000)]
  0x0000022a83623470 JavaThread "Unconstrained build operations Thread 31" [_thread_blocked, id=6676, stack(0x000000ddb6900000,0x000000ddb6a00000)]
  0x0000022a83624dc0 JavaThread "Unconstrained build operations Thread 32" [_thread_blocked, id=6960, stack(0x000000ddb6a00000,0x000000ddb6b00000)]
  0x0000022a83628570 JavaThread "Unconstrained build operations Thread 33" [_thread_blocked, id=1688, stack(0x000000ddb6b00000,0x000000ddb6c00000)]

Other Threads:
  0x0000022ae505e2f0 VMThread "VM Thread" [stack: 0x000000ddb1500000,0x000000ddb1600000] [id=13712]
  0x0000022aca377200 WatcherThread [stack: 0x000000ddb2100000,0x000000ddb2200000] [id=5960]
  0x0000022aca3650a0 GCTaskThread "GC Thread#0" [stack: 0x000000ddb1000000,0x000000ddb1100000] [id=10200]
  0x0000022ae5c8df90 GCTaskThread "GC Thread#1" [stack: 0x000000ddb2400000,0x000000ddb2500000] [id=11256]
  0x0000022ae57ac4e0 GCTaskThread "GC Thread#2" [stack: 0x000000ddb2500000,0x000000ddb2600000] [id=14284]
  0x0000022ae54b4010 GCTaskThread "GC Thread#3" [stack: 0x000000ddb2600000,0x000000ddb2700000] [id=15608]
  0x0000022ae54b46d0 GCTaskThread "GC Thread#4" [stack: 0x000000ddb2700000,0x000000ddb2800000] [id=8280]
  0x0000022ae54b4990 GCTaskThread "GC Thread#5" [stack: 0x000000ddb2800000,0x000000ddb2900000] [id=14112]
  0x0000022a81ed9c60 GCTaskThread "GC Thread#6" [stack: 0x000000ddb3800000,0x000000ddb3900000] [id=9280]
  0x0000022a8304aab0 GCTaskThread "GC Thread#7" [stack: 0x000000ddb3900000,0x000000ddb3a00000] [id=11228]
  0x0000022a80760100 GCTaskThread "GC Thread#8" [stack: 0x000000ddb3a00000,0x000000ddb3b00000] [id=12176]
  0x0000022a8075fe40 GCTaskThread "GC Thread#9" [stack: 0x000000ddb3b00000,0x000000ddb3c00000] [id=12124]
  0x0000022aca369f00 ConcurrentGCThread "G1 Main Marker" [stack: 0x000000ddb1100000,0x000000ddb1200000] [id=9880]
  0x0000022aca36bfd0 ConcurrentGCThread "G1 Conc#0" [stack: 0x000000ddb1200000,0x000000ddb1300000] [id=2332]
  0x0000022a8075edc0 ConcurrentGCThread "G1 Conc#1" [stack: 0x000000ddb3c00000,0x000000ddb3d00000] [id=5088]
  0x0000022a8075e840 ConcurrentGCThread "G1 Conc#2" [stack: 0x000000ddb3d00000,0x000000ddb3e00000] [id=15664]
  0x0000022ae4f280f0 ConcurrentGCThread "G1 Refine#0" [stack: 0x000000ddb1300000,0x000000ddb1400000] [id=13188]
  0x0000022ae4f28a30 ConcurrentGCThread "G1 Service" [stack: 0x000000ddb1400000,0x000000ddb1500000] [id=14616]

Threads with active compile tasks:
C2 CompilerThread0     8873 5568       4       org.gradle.internal.service.DefaultServiceRegistry$OwnServices::getService (317 bytes)
C1 CompilerThread0     8873 5629       3       java.util.regex.ASCII::toLower (16 bytes)
C2 CompilerThread1     8873 5617       4       org.objectweb.asm.Frame::execute (2303 bytes)

VM state: not at safepoint (normal execution)

VM Mutex/Monitor currently owned by a thread: None

Heap address: 0x00000000e0000000, size: 512 MB, Compressed Oops mode: 32-bit

CDS archive(s) mapped at: [0x0000022ae6000000-0x0000022ae6bd0000-0x0000022ae6bd0000), size 12386304, SharedBaseAddress: 0x0000022ae6000000, ArchiveRelocationMode: 1.
Compressed class space mapped at: 0x0000022ae7000000-0x0000022afb000000, reserved size: 335544320
Narrow klass base: 0x0000022ae6000000, Narrow klass shift: 0, Narrow klass range: 0x100000000

GC Precious Log:
 CPUs: 12 total, 12 available
 Memory: 7865M
 Large Page Support: Disabled
 NUMA Support: Disabled
 Compressed Oops: Enabled (32-bit)
 Heap Region Size: 1M
 Heap Min Capacity: 256M
 Heap Initial Capacity: 256M
 Heap Max Capacity: 512M
 Pre-touch: Disabled
 Parallel Workers: 10
 Concurrent Workers: 3
 Concurrent Refinement Workers: 10
 Periodic GC: Disabled

Heap:
 garbage-first heap   total 262144K, used 153841K [0x00000000e0000000, 0x0000000100000000)
  region size 1024K, 134 young (137216K), 16 survivors (16384K)
 Metaspace       used 47312K, committed 47808K, reserved 393216K
  class space    used 6748K, committed 6976K, reserved 327680K

Heap Regions: E=young(eden), S=young(survivor), O=old, HS=humongous(starts), HC=humongous(continues), CS=collection set, F=free, OA=open archive, CA=closed archive, TAMS=top-at-mark-start (previous, next)
|   0|0x00000000e0000000, 0x00000000e0100000, 0x00000000e0100000|100%| O|  |TAMS 0x00000000e0100000, 0x00000000e0000000| Untracked 
|   1|0x00000000e0100000, 0x00000000e0200000, 0x00000000e0200000|100%|HS|  |TAMS 0x00000000e0200000, 0x00000000e0100000| Complete 
|   2|0x00000000e0200000, 0x00000000e0300000, 0x00000000e0300000|100%|HC|  |TAMS 0x00000000e0300000, 0x00000000e0200000| Complete 
|   3|0x00000000e0300000, 0x00000000e0400000, 0x00000000e0400000|100%|HC|  |TAMS 0x00000000e0400000, 0x00000000e0300000| Complete 
|   4|0x00000000e0400000, 0x00000000e0500000, 0x00000000e0500000|100%| O|  |TAMS 0x00000000e0500000, 0x00000000e0400000| Untracked 
|   5|0x00000000e0500000, 0x00000000e0600000, 0x00000000e0600000|100%| O|  |TAMS 0x00000000e0600000, 0x00000000e0500000| Untracked 
|   6|0x00000000e0600000, 0x00000000e0700000, 0x00000000e0700000|100%| O|  |TAMS 0x00000000e0700000, 0x00000000e0600000| Untracked 
|   7|0x00000000e0700000, 0x00000000e0800000, 0x00000000e0800000|100%|HS|  |TAMS 0x00000000e0800000, 0x00000000e0700000| Complete 
|   8|0x00000000e0800000, 0x00000000e0900000, 0x00000000e0900000|100%|HS|  |TAMS 0x00000000e0800000, 0x00000000e0800000| Complete 
|   9|0x00000000e0900000, 0x00000000e0a00000, 0x00000000e0a00000|100%| O|  |TAMS 0x00000000e0a00000, 0x00000000e0900000| Untracked 
|  10|0x00000000e0a00000, 0x00000000e0b00000, 0x00000000e0b00000|100%| O|  |TAMS 0x00000000e0b00000, 0x00000000e0a00000| Untracked 
|  11|0x00000000e0b00000, 0x00000000e0c00000, 0x00000000e0c00000|100%| O|  |TAMS 0x00000000e0c00000, 0x00000000e0b00000| Untracked 
|  12|0x00000000e0c00000, 0x00000000e0d00000, 0x00000000e0d00000|100%| O|  |TAMS 0x00000000e0d00000, 0x00000000e0c00000| Untracked 
|  13|0x00000000e0d00000, 0x00000000e0e00000, 0x00000000e0e00000|100%| O|  |TAMS 0x00000000e0d10c00, 0x00000000e0d00000| Untracked 
|  14|0x00000000e0e00000, 0x00000000e0f00000, 0x00000000e0f00000|100%|HS|  |TAMS 0x00000000e0e00000, 0x00000000e0e00000| Complete 
|  15|0x00000000e0f00000, 0x00000000e0f00000, 0x00000000e1000000|  0%| F|  |TAMS 0x00000000e0f00000, 0x00000000e0f00000| Untracked 
|  16|0x00000000e1000000, 0x00000000e1000000, 0x00000000e1100000|  0%| F|  |TAMS 0x00000000e1000000, 0x00000000e1000000| Untracked 
|  17|0x00000000e1100000, 0x00000000e1100000, 0x00000000e1200000|  0%| F|  |TAMS 0x00000000e1100000, 0x00000000e1100000| Untracked 
|  18|0x00000000e1200000, 0x00000000e1300000, 0x00000000e1300000|100%| O|  |TAMS 0x00000000e1200000, 0x00000000e1200000| Untracked 
|  19|0x00000000e1300000, 0x00000000e1400000, 0x00000000e1400000|100%| O|  |TAMS 0x00000000e1300000, 0x00000000e1300000| Untracked 
|  20|0x00000000e1400000, 0x00000000e1500000, 0x00000000e1500000|100%| O|  |TAMS 0x00000000e1400000, 0x00000000e1400000| Untracked 
|  21|0x00000000e1500000, 0x00000000e159fa00, 0x00000000e1600000| 62%| O|  |TAMS 0x00000000e1500000, 0x00000000e1500000| Untracked 
|  22|0x00000000e1600000, 0x00000000e1600000, 0x00000000e1700000|  0%| F|  |TAMS 0x00000000e1600000, 0x00000000e1600000| Untracked 
|  23|0x00000000e1700000, 0x00000000e1700000, 0x00000000e1800000|  0%| F|  |TAMS 0x00000000e1700000, 0x00000000e1700000| Untracked 
|  24|0x00000000e1800000, 0x00000000e1800000, 0x00000000e1900000|  0%| F|  |TAMS 0x00000000e1800000, 0x00000000e1800000| Untracked 
|  25|0x00000000e1900000, 0x00000000e1900000, 0x00000000e1a00000|  0%| F|  |TAMS 0x00000000e1900000, 0x00000000e1900000| Untracked 
|  26|0x00000000e1a00000, 0x00000000e1a00000, 0x00000000e1b00000|  0%| F|  |TAMS 0x00000000e1a00000, 0x00000000e1a00000| Untracked 
|  27|0x00000000e1b00000, 0x00000000e1b00000, 0x00000000e1c00000|  0%| F|  |TAMS 0x00000000e1b00000, 0x00000000e1b00000| Untracked 
|  28|0x00000000e1c00000, 0x00000000e1c00000, 0x00000000e1d00000|  0%| F|  |TAMS 0x00000000e1c00000, 0x00000000e1c00000| Untracked 
|  29|0x00000000e1d00000, 0x00000000e1d00000, 0x00000000e1e00000|  0%| F|  |TAMS 0x00000000e1d00000, 0x00000000e1d00000| Untracked 
|  30|0x00000000e1e00000, 0x00000000e1e00000, 0x00000000e1f00000|  0%| F|  |TAMS 0x00000000e1e00000, 0x00000000e1e00000| Untracked 
|  31|0x00000000e1f00000, 0x00000000e1f00000, 0x00000000e2000000|  0%| F|  |TAMS 0x00000000e1f00000, 0x00000000e1f00000| Untracked 
|  32|0x00000000e2000000, 0x00000000e2000000, 0x00000000e2100000|  0%| F|  |TAMS 0x00000000e2000000, 0x00000000e2000000| Untracked 
|  33|0x00000000e2100000, 0x00000000e2100000, 0x00000000e2200000|  0%| F|  |TAMS 0x00000000e2100000, 0x00000000e2100000| Untracked 
|  34|0x00000000e2200000, 0x00000000e2200000, 0x00000000e2300000|  0%| F|  |TAMS 0x00000000e2200000, 0x00000000e2200000| Untracked 
|  35|0x00000000e2300000, 0x00000000e2300000, 0x00000000e2400000|  0%| F|  |TAMS 0x00000000e2300000, 0x00000000e2300000| Untracked 
|  36|0x00000000e2400000, 0x00000000e2400000, 0x00000000e2500000|  0%| F|  |TAMS 0x00000000e2400000, 0x00000000e2400000| Untracked 
|  37|0x00000000e2500000, 0x00000000e2500000, 0x00000000e2600000|  0%| F|  |TAMS 0x00000000e2500000, 0x00000000e2500000| Untracked 
|  38|0x00000000e2600000, 0x00000000e2600000, 0x00000000e2700000|  0%| F|  |TAMS 0x00000000e2600000, 0x00000000e2600000| Untracked 
|  39|0x00000000e2700000, 0x00000000e2700000, 0x00000000e2800000|  0%| F|  |TAMS 0x00000000e2700000, 0x00000000e2700000| Untracked 
|  40|0x00000000e2800000, 0x00000000e2800000, 0x00000000e2900000|  0%| F|  |TAMS 0x00000000e2800000, 0x00000000e2800000| Untracked 
|  41|0x00000000e2900000, 0x00000000e2900000, 0x00000000e2a00000|  0%| F|  |TAMS 0x00000000e2900000, 0x00000000e2900000| Untracked 
|  42|0x00000000e2a00000, 0x00000000e2a00000, 0x00000000e2b00000|  0%| F|  |TAMS 0x00000000e2a00000, 0x00000000e2a00000| Untracked 
|  43|0x00000000e2b00000, 0x00000000e2b00000, 0x00000000e2c00000|  0%| F|  |TAMS 0x00000000e2b00000, 0x00000000e2b00000| Untracked 
|  44|0x00000000e2c00000, 0x00000000e2c00000, 0x00000000e2d00000|  0%| F|  |TAMS 0x00000000e2c00000, 0x00000000e2c00000| Untracked 
|  45|0x00000000e2d00000, 0x00000000e2d00000, 0x00000000e2e00000|  0%| F|  |TAMS 0x00000000e2d00000, 0x00000000e2d00000| Untracked 
|  46|0x00000000e2e00000, 0x00000000e2e00000, 0x00000000e2f00000|  0%| F|  |TAMS 0x00000000e2e00000, 0x00000000e2e00000| Untracked 
|  47|0x00000000e2f00000, 0x00000000e2f00000, 0x00000000e3000000|  0%| F|  |TAMS 0x00000000e2f00000, 0x00000000e2f00000| Untracked 
|  48|0x00000000e3000000, 0x00000000e3000000, 0x00000000e3100000|  0%| F|  |TAMS 0x00000000e3000000, 0x00000000e3000000| Untracked 
|  49|0x00000000e3100000, 0x00000000e3100000, 0x00000000e3200000|  0%| F|  |TAMS 0x00000000e3100000, 0x00000000e3100000| Untracked 
|  50|0x00000000e3200000, 0x00000000e3200000, 0x00000000e3300000|  0%| F|  |TAMS 0x00000000e3200000, 0x00000000e3200000| Untracked 
|  51|0x00000000e3300000, 0x00000000e3300000, 0x00000000e3400000|  0%| F|  |TAMS 0x00000000e3300000, 0x00000000e3300000| Untracked 
|  52|0x00000000e3400000, 0x00000000e3400000, 0x00000000e3500000|  0%| F|  |TAMS 0x00000000e3400000, 0x00000000e3400000| Untracked 
|  53|0x00000000e3500000, 0x00000000e3500000, 0x00000000e3600000|  0%| F|  |TAMS 0x00000000e3500000, 0x00000000e3500000| Untracked 
|  54|0x00000000e3600000, 0x00000000e3600000, 0x00000000e3700000|  0%| F|  |TAMS 0x00000000e3600000, 0x00000000e3600000| Untracked 
|  55|0x00000000e3700000, 0x00000000e3700000, 0x00000000e3800000|  0%| F|  |TAMS 0x00000000e3700000, 0x00000000e3700000| Untracked 
|  56|0x00000000e3800000, 0x00000000e3800000, 0x00000000e3900000|  0%| F|  |TAMS 0x00000000e3800000, 0x00000000e3800000| Untracked 
|  57|0x00000000e3900000, 0x00000000e3900000, 0x00000000e3a00000|  0%| F|  |TAMS 0x00000000e3900000, 0x00000000e3900000| Untracked 
|  58|0x00000000e3a00000, 0x00000000e3a00000, 0x00000000e3b00000|  0%| F|  |TAMS 0x00000000e3a00000, 0x00000000e3a00000| Untracked 
|  59|0x00000000e3b00000, 0x00000000e3b00000, 0x00000000e3c00000|  0%| F|  |TAMS 0x00000000e3b00000, 0x00000000e3b00000| Untracked 
|  60|0x00000000e3c00000, 0x00000000e3c00000, 0x00000000e3d00000|  0%| F|  |TAMS 0x00000000e3c00000, 0x00000000e3c00000| Untracked 
|  61|0x00000000e3d00000, 0x00000000e3d00000, 0x00000000e3e00000|  0%| F|  |TAMS 0x00000000e3d00000, 0x00000000e3d00000| Untracked 
|  62|0x00000000e3e00000, 0x00000000e3e00000, 0x00000000e3f00000|  0%| F|  |TAMS 0x00000000e3e00000, 0x00000000e3e00000| Untracked 
|  63|0x00000000e3f00000, 0x00000000e3f00000, 0x00000000e4000000|  0%| F|  |TAMS 0x00000000e3f00000, 0x00000000e3f00000| Untracked 
|  64|0x00000000e4000000, 0x00000000e4000000, 0x00000000e4100000|  0%| F|  |TAMS 0x00000000e4000000, 0x00000000e4000000| Untracked 
|  65|0x00000000e4100000, 0x00000000e4100000, 0x00000000e4200000|  0%| F|  |TAMS 0x00000000e4100000, 0x00000000e4100000| Untracked 
|  66|0x00000000e4200000, 0x00000000e4200000, 0x00000000e4300000|  0%| F|  |TAMS 0x00000000e4200000, 0x00000000e4200000| Untracked 
|  67|0x00000000e4300000, 0x00000000e4300000, 0x00000000e4400000|  0%| F|  |TAMS 0x00000000e4300000, 0x00000000e4300000| Untracked 
|  68|0x00000000e4400000, 0x00000000e4400000, 0x00000000e4500000|  0%| F|  |TAMS 0x00000000e4400000, 0x00000000e4400000| Untracked 
|  69|0x00000000e4500000, 0x00000000e4500000, 0x00000000e4600000|  0%| F|  |TAMS 0x00000000e4500000, 0x00000000e4500000| Untracked 
|  70|0x00000000e4600000, 0x00000000e4600000, 0x00000000e4700000|  0%| F|  |TAMS 0x00000000e4600000, 0x00000000e4600000| Untracked 
|  71|0x00000000e4700000, 0x00000000e4700000, 0x00000000e4800000|  0%| F|  |TAMS 0x00000000e4700000, 0x00000000e4700000| Untracked 
|  72|0x00000000e4800000, 0x00000000e4800000, 0x00000000e4900000|  0%| F|  |TAMS 0x00000000e4800000, 0x00000000e4800000| Untracked 
|  73|0x00000000e4900000, 0x00000000e4900000, 0x00000000e4a00000|  0%| F|  |TAMS 0x00000000e4900000, 0x00000000e4900000| Untracked 
|  74|0x00000000e4a00000, 0x00000000e4a00000, 0x00000000e4b00000|  0%| F|  |TAMS 0x00000000e4a00000, 0x00000000e4a00000| Untracked 
|  75|0x00000000e4b00000, 0x00000000e4b00000, 0x00000000e4c00000|  0%| F|  |TAMS 0x00000000e4b00000, 0x00000000e4b00000| Untracked 
|  76|0x00000000e4c00000, 0x00000000e4c00000, 0x00000000e4d00000|  0%| F|  |TAMS 0x00000000e4c00000, 0x00000000e4c00000| Untracked 
|  77|0x00000000e4d00000, 0x00000000e4d00000, 0x00000000e4e00000|  0%| F|  |TAMS 0x00000000e4d00000, 0x00000000e4d00000| Untracked 
|  78|0x00000000e4e00000, 0x00000000e4e00000, 0x00000000e4f00000|  0%| F|  |TAMS 0x00000000e4e00000, 0x00000000e4e00000| Untracked 
|  79|0x00000000e4f00000, 0x00000000e4f00000, 0x00000000e5000000|  0%| F|  |TAMS 0x00000000e4f00000, 0x00000000e4f00000| Untracked 
|  80|0x00000000e5000000, 0x00000000e5000000, 0x00000000e5100000|  0%| F|  |TAMS 0x00000000e5000000, 0x00000000e5000000| Untracked 
|  81|0x00000000e5100000, 0x00000000e5100000, 0x00000000e5200000|  0%| F|  |TAMS 0x00000000e5100000, 0x00000000e5100000| Untracked 
|  82|0x00000000e5200000, 0x00000000e5200000, 0x00000000e5300000|  0%| F|  |TAMS 0x00000000e5200000, 0x00000000e5200000| Untracked 
|  83|0x00000000e5300000, 0x00000000e5300000, 0x00000000e5400000|  0%| F|  |TAMS 0x00000000e5300000, 0x00000000e5300000| Untracked 
|  84|0x00000000e5400000, 0x00000000e5400000, 0x00000000e5500000|  0%| F|  |TAMS 0x00000000e5400000, 0x00000000e5400000| Untracked 
|  85|0x00000000e5500000, 0x00000000e5500000, 0x00000000e5600000|  0%| F|  |TAMS 0x00000000e5500000, 0x00000000e5500000| Untracked 
|  86|0x00000000e5600000, 0x00000000e5600000, 0x00000000e5700000|  0%| F|  |TAMS 0x00000000e5600000, 0x00000000e5600000| Untracked 
|  87|0x00000000e5700000, 0x00000000e5700000, 0x00000000e5800000|  0%| F|  |TAMS 0x00000000e5700000, 0x00000000e5700000| Untracked 
|  88|0x00000000e5800000, 0x00000000e5800000, 0x00000000e5900000|  0%| F|  |TAMS 0x00000000e5800000, 0x00000000e5800000| Untracked 
|  89|0x00000000e5900000, 0x00000000e5900000, 0x00000000e5a00000|  0%| F|  |TAMS 0x00000000e5900000, 0x00000000e5900000| Untracked 
|  90|0x00000000e5a00000, 0x00000000e5a00000, 0x00000000e5b00000|  0%| F|  |TAMS 0x00000000e5a00000, 0x00000000e5a00000| Untracked 
|  91|0x00000000e5b00000, 0x00000000e5b00000, 0x00000000e5c00000|  0%| F|  |TAMS 0x00000000e5b00000, 0x00000000e5b00000| Untracked 
|  92|0x00000000e5c00000, 0x00000000e5c00000, 0x00000000e5d00000|  0%| F|  |TAMS 0x00000000e5c00000, 0x00000000e5c00000| Untracked 
|  93|0x00000000e5d00000, 0x00000000e5d00000, 0x00000000e5e00000|  0%| F|  |TAMS 0x00000000e5d00000, 0x00000000e5d00000| Untracked 
|  94|0x00000000e5e00000, 0x00000000e5e00000, 0x00000000e5f00000|  0%| F|  |TAMS 0x00000000e5e00000, 0x00000000e5e00000| Untracked 
|  95|0x00000000e5f00000, 0x00000000e5f00000, 0x00000000e6000000|  0%| F|  |TAMS 0x00000000e5f00000, 0x00000000e5f00000| Untracked 
|  96|0x00000000e6000000, 0x00000000e6000000, 0x00000000e6100000|  0%| F|  |TAMS 0x00000000e6000000, 0x00000000e6000000| Untracked 
|  97|0x00000000e6100000, 0x00000000e6100000, 0x00000000e6200000|  0%| F|  |TAMS 0x00000000e6100000, 0x00000000e6100000| Untracked 
|  98|0x00000000e6200000, 0x00000000e6200000, 0x00000000e6300000|  0%| F|  |TAMS 0x00000000e6200000, 0x00000000e6200000| Untracked 
|  99|0x00000000e6300000, 0x00000000e6300000, 0x00000000e6400000|  0%| F|  |TAMS 0x00000000e6300000, 0x00000000e6300000| Untracked 
| 100|0x00000000e6400000, 0x00000000e6400000, 0x00000000e6500000|  0%| F|  |TAMS 0x00000000e6400000, 0x00000000e6400000| Untracked 
| 101|0x00000000e6500000, 0x00000000e6500000, 0x00000000e6600000|  0%| F|  |TAMS 0x00000000e6500000, 0x00000000e6500000| Untracked 
| 102|0x00000000e6600000, 0x00000000e6600000, 0x00000000e6700000|  0%| F|  |TAMS 0x00000000e6600000, 0x00000000e6600000| Untracked 
| 103|0x00000000e6700000, 0x00000000e6700000, 0x00000000e6800000|  0%| F|  |TAMS 0x00000000e6700000, 0x00000000e6700000| Untracked 
| 104|0x00000000e6800000, 0x00000000e6800000, 0x00000000e6900000|  0%| F|  |TAMS 0x00000000e6800000, 0x00000000e6800000| Untracked 
| 105|0x00000000e6900000, 0x00000000e6900000, 0x00000000e6a00000|  0%| F|  |TAMS 0x00000000e6900000, 0x00000000e6900000| Untracked 
| 106|0x00000000e6a00000, 0x00000000e6a00000, 0x00000000e6b00000|  0%| F|  |TAMS 0x00000000e6a00000, 0x00000000e6a00000| Untracked 
| 107|0x00000000e6b00000, 0x00000000e6b00000, 0x00000000e6c00000|  0%| F|  |TAMS 0x00000000e6b00000, 0x00000000e6b00000| Untracked 
| 108|0x00000000e6c00000, 0x00000000e6c00000, 0x00000000e6d00000|  0%| F|  |TAMS 0x00000000e6c00000, 0x00000000e6c00000| Untracked 
| 109|0x00000000e6d00000, 0x00000000e6d00000, 0x00000000e6e00000|  0%| F|  |TAMS 0x00000000e6d00000, 0x00000000e6d00000| Untracked 
| 110|0x00000000e6e00000, 0x00000000e6e9cc48, 0x00000000e6f00000| 61%| S|CS|TAMS 0x00000000e6e00000, 0x00000000e6e00000| Complete 
| 111|0x00000000e6f00000, 0x00000000e7000000, 0x00000000e7000000|100%| S|CS|TAMS 0x00000000e6f00000, 0x00000000e6f00000| Complete 
| 112|0x00000000e7000000, 0x00000000e7100000, 0x00000000e7100000|100%| S|CS|TAMS 0x00000000e7000000, 0x00000000e7000000| Complete 
| 113|0x00000000e7100000, 0x00000000e7200000, 0x00000000e7200000|100%| S|CS|TAMS 0x00000000e7100000, 0x00000000e7100000| Complete 
| 114|0x00000000e7200000, 0x00000000e7300000, 0x00000000e7300000|100%| S|CS|TAMS 0x00000000e7200000, 0x00000000e7200000| Complete 
| 115|0x00000000e7300000, 0x00000000e7400000, 0x00000000e7400000|100%| S|CS|TAMS 0x00000000e7300000, 0x00000000e7300000| Complete 
| 116|0x00000000e7400000, 0x00000000e7500000, 0x00000000e7500000|100%| S|CS|TAMS 0x00000000e7400000, 0x00000000e7400000| Complete 
| 117|0x00000000e7500000, 0x00000000e7600000, 0x00000000e7600000|100%| S|CS|TAMS 0x00000000e7500000, 0x00000000e7500000| Complete 
| 118|0x00000000e7600000, 0x00000000e7700000, 0x00000000e7700000|100%| S|CS|TAMS 0x00000000e7600000, 0x00000000e7600000| Complete 
| 119|0x00000000e7700000, 0x00000000e7800000, 0x00000000e7800000|100%| S|CS|TAMS 0x00000000e7700000, 0x00000000e7700000| Complete 
| 120|0x00000000e7800000, 0x00000000e7900000, 0x00000000e7900000|100%| S|CS|TAMS 0x00000000e7800000, 0x00000000e7800000| Complete 
| 121|0x00000000e7900000, 0x00000000e7a00000, 0x00000000e7a00000|100%| S|CS|TAMS 0x00000000e7900000, 0x00000000e7900000| Complete 
| 122|0x00000000e7a00000, 0x00000000e7b00000, 0x00000000e7b00000|100%| S|CS|TAMS 0x00000000e7a00000, 0x00000000e7a00000| Complete 
| 123|0x00000000e7b00000, 0x00000000e7c00000, 0x00000000e7c00000|100%| S|CS|TAMS 0x00000000e7b00000, 0x00000000e7b00000| Complete 
| 124|0x00000000e7c00000, 0x00000000e7d00000, 0x00000000e7d00000|100%| S|CS|TAMS 0x00000000e7c00000, 0x00000000e7c00000| Complete 
| 125|0x00000000e7d00000, 0x00000000e7e00000, 0x00000000e7e00000|100%| S|CS|TAMS 0x00000000e7d00000, 0x00000000e7d00000| Complete 
| 126|0x00000000e7e00000, 0x00000000e7e00000, 0x00000000e7f00000|  0%| F|  |TAMS 0x00000000e7e00000, 0x00000000e7e00000| Untracked 
| 127|0x00000000e7f00000, 0x00000000e7f00000, 0x00000000e8000000|  0%| F|  |TAMS 0x00000000e7f00000, 0x00000000e7f00000| Untracked 
| 128|0x00000000e8000000, 0x00000000e8000000, 0x00000000e8100000|  0%| F|  |TAMS 0x00000000e8000000, 0x00000000e8000000| Untracked 
| 129|0x00000000e8100000, 0x00000000e8100000, 0x00000000e8200000|  0%| F|  |TAMS 0x00000000e8100000, 0x00000000e8100000| Untracked 
| 130|0x00000000e8200000, 0x00000000e8200000, 0x00000000e8300000|  0%| F|  |TAMS 0x00000000e8200000, 0x00000000e8200000| Untracked 
| 131|0x00000000e8300000, 0x00000000e8300000, 0x00000000e8400000|  0%| F|  |TAMS 0x00000000e8300000, 0x00000000e8300000| Untracked 
| 132|0x00000000e8400000, 0x00000000e8400000, 0x00000000e8500000|  0%| F|  |TAMS 0x00000000e8400000, 0x00000000e8400000| Untracked 
| 133|0x00000000e8500000, 0x00000000e8500000, 0x00000000e8600000|  0%| F|  |TAMS 0x00000000e8500000, 0x00000000e8500000| Untracked 
| 134|0x00000000e8600000, 0x00000000e8600000, 0x00000000e8700000|  0%| F|  |TAMS 0x00000000e8600000, 0x00000000e8600000| Untracked 
| 135|0x00000000e8700000, 0x00000000e8700000, 0x00000000e8800000|  0%| F|  |TAMS 0x00000000e8700000, 0x00000000e8700000| Untracked 
| 136|0x00000000e8800000, 0x00000000e8800000, 0x00000000e8900000|  0%| F|  |TAMS 0x00000000e8800000, 0x00000000e8800000| Untracked 
| 137|0x00000000e8900000, 0x00000000e8900000, 0x00000000e8a00000|  0%| F|  |TAMS 0x00000000e8900000, 0x00000000e8900000| Untracked 
| 138|0x00000000e8a00000, 0x00000000e8a80800, 0x00000000e8b00000| 50%| E|  |TAMS 0x00000000e8a00000, 0x00000000e8a00000| Complete 
| 139|0x00000000e8b00000, 0x00000000e8c00000, 0x00000000e8c00000|100%| E|CS|TAMS 0x00000000e8b00000, 0x00000000e8b00000| Complete 
| 140|0x00000000e8c00000, 0x00000000e8d00000, 0x00000000e8d00000|100%| E|CS|TAMS 0x00000000e8c00000, 0x00000000e8c00000| Complete 
| 141|0x00000000e8d00000, 0x00000000e8e00000, 0x00000000e8e00000|100%| E|CS|TAMS 0x00000000e8d00000, 0x00000000e8d00000| Complete 
| 142|0x00000000e8e00000, 0x00000000e8f00000, 0x00000000e8f00000|100%| E|CS|TAMS 0x00000000e8e00000, 0x00000000e8e00000| Complete 
| 143|0x00000000e8f00000, 0x00000000e9000000, 0x00000000e9000000|100%| E|CS|TAMS 0x00000000e8f00000, 0x00000000e8f00000| Complete 
| 144|0x00000000e9000000, 0x00000000e9100000, 0x00000000e9100000|100%| E|CS|TAMS 0x00000000e9000000, 0x00000000e9000000| Complete 
| 145|0x00000000e9100000, 0x00000000e9200000, 0x00000000e9200000|100%| E|CS|TAMS 0x00000000e9100000, 0x00000000e9100000| Complete 
| 146|0x00000000e9200000, 0x00000000e9300000, 0x00000000e9300000|100%| E|CS|TAMS 0x00000000e9200000, 0x00000000e9200000| Complete 
| 147|0x00000000e9300000, 0x00000000e9400000, 0x00000000e9400000|100%| E|CS|TAMS 0x00000000e9300000, 0x00000000e9300000| Complete 
| 148|0x00000000e9400000, 0x00000000e9500000, 0x00000000e9500000|100%| E|CS|TAMS 0x00000000e9400000, 0x00000000e9400000| Complete 
| 149|0x00000000e9500000, 0x00000000e9600000, 0x00000000e9600000|100%| E|CS|TAMS 0x00000000e9500000, 0x00000000e9500000| Complete 
| 150|0x00000000e9600000, 0x00000000e9700000, 0x00000000e9700000|100%| E|CS|TAMS 0x00000000e9600000, 0x00000000e9600000| Complete 
| 151|0x00000000e9700000, 0x00000000e9800000, 0x00000000e9800000|100%| E|CS|TAMS 0x00000000e9700000, 0x00000000e9700000| Complete 
| 152|0x00000000e9800000, 0x00000000e9900000, 0x00000000e9900000|100%| E|CS|TAMS 0x00000000e9800000, 0x00000000e9800000| Complete 
| 153|0x00000000e9900000, 0x00000000e9a00000, 0x00000000e9a00000|100%| E|CS|TAMS 0x00000000e9900000, 0x00000000e9900000| Complete 
| 154|0x00000000e9a00000, 0x00000000e9b00000, 0x00000000e9b00000|100%| E|CS|TAMS 0x00000000e9a00000, 0x00000000e9a00000| Complete 
| 155|0x00000000e9b00000, 0x00000000e9c00000, 0x00000000e9c00000|100%| E|CS|TAMS 0x00000000e9b00000, 0x00000000e9b00000| Complete 
| 156|0x00000000e9c00000, 0x00000000e9d00000, 0x00000000e9d00000|100%| E|CS|TAMS 0x00000000e9c00000, 0x00000000e9c00000| Complete 
| 157|0x00000000e9d00000, 0x00000000e9e00000, 0x00000000e9e00000|100%| E|CS|TAMS 0x00000000e9d00000, 0x00000000e9d00000| Complete 
| 158|0x00000000e9e00000, 0x00000000e9f00000, 0x00000000e9f00000|100%| E|CS|TAMS 0x00000000e9e00000, 0x00000000e9e00000| Complete 
| 159|0x00000000e9f00000, 0x00000000ea000000, 0x00000000ea000000|100%| E|CS|TAMS 0x00000000e9f00000, 0x00000000e9f00000| Complete 
| 160|0x00000000ea000000, 0x00000000ea100000, 0x00000000ea100000|100%| E|CS|TAMS 0x00000000ea000000, 0x00000000ea000000| Complete 
| 161|0x00000000ea100000, 0x00000000ea200000, 0x00000000ea200000|100%| E|CS|TAMS 0x00000000ea100000, 0x00000000ea100000| Complete 
| 162|0x00000000ea200000, 0x00000000ea300000, 0x00000000ea300000|100%| E|CS|TAMS 0x00000000ea200000, 0x00000000ea200000| Complete 
| 163|0x00000000ea300000, 0x00000000ea400000, 0x00000000ea400000|100%| E|CS|TAMS 0x00000000ea300000, 0x00000000ea300000| Complete 
| 164|0x00000000ea400000, 0x00000000ea500000, 0x00000000ea500000|100%| E|CS|TAMS 0x00000000ea400000, 0x00000000ea400000| Complete 
| 165|0x00000000ea500000, 0x00000000ea600000, 0x00000000ea600000|100%| E|CS|TAMS 0x00000000ea500000, 0x00000000ea500000| Complete 
| 166|0x00000000ea600000, 0x00000000ea700000, 0x00000000ea700000|100%| E|CS|TAMS 0x00000000ea600000, 0x00000000ea600000| Complete 
| 167|0x00000000ea700000, 0x00000000ea800000, 0x00000000ea800000|100%| E|CS|TAMS 0x00000000ea700000, 0x00000000ea700000| Complete 
| 168|0x00000000ea800000, 0x00000000ea900000, 0x00000000ea900000|100%| E|CS|TAMS 0x00000000ea800000, 0x00000000ea800000| Complete 
| 169|0x00000000ea900000, 0x00000000eaa00000, 0x00000000eaa00000|100%| E|CS|TAMS 0x00000000ea900000, 0x00000000ea900000| Complete 
| 170|0x00000000eaa00000, 0x00000000eab00000, 0x00000000eab00000|100%| E|CS|TAMS 0x00000000eaa00000, 0x00000000eaa00000| Complete 
| 171|0x00000000eab00000, 0x00000000eac00000, 0x00000000eac00000|100%| E|CS|TAMS 0x00000000eab00000, 0x00000000eab00000| Complete 
| 172|0x00000000eac00000, 0x00000000ead00000, 0x00000000ead00000|100%| E|CS|TAMS 0x00000000eac00000, 0x00000000eac00000| Complete 
| 173|0x00000000ead00000, 0x00000000eae00000, 0x00000000eae00000|100%| E|CS|TAMS 0x00000000ead00000, 0x00000000ead00000| Complete 
| 174|0x00000000eae00000, 0x00000000eaf00000, 0x00000000eaf00000|100%| E|CS|TAMS 0x00000000eae00000, 0x00000000eae00000| Complete 
| 175|0x00000000eaf00000, 0x00000000eb000000, 0x00000000eb000000|100%| E|CS|TAMS 0x00000000eaf00000, 0x00000000eaf00000| Complete 
| 176|0x00000000eb000000, 0x00000000eb100000, 0x00000000eb100000|100%| E|CS|TAMS 0x00000000eb000000, 0x00000000eb000000| Complete 
| 177|0x00000000eb100000, 0x00000000eb200000, 0x00000000eb200000|100%| E|CS|TAMS 0x00000000eb100000, 0x00000000eb100000| Complete 
| 178|0x00000000eb200000, 0x00000000eb300000, 0x00000000eb300000|100%| E|CS|TAMS 0x00000000eb200000, 0x00000000eb200000| Complete 
| 179|0x00000000eb300000, 0x00000000eb400000, 0x00000000eb400000|100%| E|CS|TAMS 0x00000000eb300000, 0x00000000eb300000| Complete 
| 180|0x00000000eb400000, 0x00000000eb500000, 0x00000000eb500000|100%| E|CS|TAMS 0x00000000eb400000, 0x00000000eb400000| Complete 
| 181|0x00000000eb500000, 0x00000000eb600000, 0x00000000eb600000|100%| E|CS|TAMS 0x00000000eb500000, 0x00000000eb500000| Complete 
| 182|0x00000000eb600000, 0x00000000eb700000, 0x00000000eb700000|100%| E|CS|TAMS 0x00000000eb600000, 0x00000000eb600000| Complete 
| 183|0x00000000eb700000, 0x00000000eb800000, 0x00000000eb800000|100%| E|CS|TAMS 0x00000000eb700000, 0x00000000eb700000| Complete 
| 184|0x00000000eb800000, 0x00000000eb900000, 0x00000000eb900000|100%| E|CS|TAMS 0x00000000eb800000, 0x00000000eb800000| Complete 
| 185|0x00000000eb900000, 0x00000000eba00000, 0x00000000eba00000|100%| E|CS|TAMS 0x00000000eb900000, 0x00000000eb900000| Complete 
| 186|0x00000000eba00000, 0x00000000ebb00000, 0x00000000ebb00000|100%| E|CS|TAMS 0x00000000eba00000, 0x00000000eba00000| Complete 
| 187|0x00000000ebb00000, 0x00000000ebc00000, 0x00000000ebc00000|100%| E|CS|TAMS 0x00000000ebb00000, 0x00000000ebb00000| Complete 
| 188|0x00000000ebc00000, 0x00000000ebd00000, 0x00000000ebd00000|100%| E|CS|TAMS 0x00000000ebc00000, 0x00000000ebc00000| Complete 
| 189|0x00000000ebd00000, 0x00000000ebe00000, 0x00000000ebe00000|100%| E|CS|TAMS 0x00000000ebd00000, 0x00000000ebd00000| Complete 
| 190|0x00000000ebe00000, 0x00000000ebf00000, 0x00000000ebf00000|100%| E|CS|TAMS 0x00000000ebe00000, 0x00000000ebe00000| Complete 
| 191|0x00000000ebf00000, 0x00000000ec000000, 0x00000000ec000000|100%| E|CS|TAMS 0x00000000ebf00000, 0x00000000ebf00000| Complete 
| 192|0x00000000ec000000, 0x00000000ec100000, 0x00000000ec100000|100%| E|CS|TAMS 0x00000000ec000000, 0x00000000ec000000| Complete 
| 193|0x00000000ec100000, 0x00000000ec200000, 0x00000000ec200000|100%| E|CS|TAMS 0x00000000ec100000, 0x00000000ec100000| Complete 
| 194|0x00000000ec200000, 0x00000000ec300000, 0x00000000ec300000|100%| E|CS|TAMS 0x00000000ec200000, 0x00000000ec200000| Complete 
| 195|0x00000000ec300000, 0x00000000ec400000, 0x00000000ec400000|100%| E|CS|TAMS 0x00000000ec300000, 0x00000000ec300000| Complete 
| 196|0x00000000ec400000, 0x00000000ec500000, 0x00000000ec500000|100%| E|CS|TAMS 0x00000000ec400000, 0x00000000ec400000| Complete 
| 197|0x00000000ec500000, 0x00000000ec600000, 0x00000000ec600000|100%| E|CS|TAMS 0x00000000ec500000, 0x00000000ec500000| Complete 
| 198|0x00000000ec600000, 0x00000000ec700000, 0x00000000ec700000|100%| E|CS|TAMS 0x00000000ec600000, 0x00000000ec600000| Complete 
| 199|0x00000000ec700000, 0x00000000ec800000, 0x00000000ec800000|100%| E|CS|TAMS 0x00000000ec700000, 0x00000000ec700000| Complete 
| 200|0x00000000ec800000, 0x00000000ec900000, 0x00000000ec900000|100%| E|CS|TAMS 0x00000000ec800000, 0x00000000ec800000| Complete 
| 201|0x00000000ec900000, 0x00000000eca00000, 0x00000000eca00000|100%| E|CS|TAMS 0x00000000ec900000, 0x00000000ec900000| Complete 
| 202|0x00000000eca00000, 0x00000000ecb00000, 0x00000000ecb00000|100%| E|CS|TAMS 0x00000000eca00000, 0x00000000eca00000| Complete 
| 203|0x00000000ecb00000, 0x00000000ecc00000, 0x00000000ecc00000|100%| E|CS|TAMS 0x00000000ecb00000, 0x00000000ecb00000| Complete 
| 204|0x00000000ecc00000, 0x00000000ecd00000, 0x00000000ecd00000|100%| E|CS|TAMS 0x00000000ecc00000, 0x00000000ecc00000| Complete 
| 205|0x00000000ecd00000, 0x00000000ece00000, 0x00000000ece00000|100%| E|CS|TAMS 0x00000000ecd00000, 0x00000000ecd00000| Complete 
| 206|0x00000000ece00000, 0x00000000ecf00000, 0x00000000ecf00000|100%| E|CS|TAMS 0x00000000ece00000, 0x00000000ece00000| Complete 
| 207|0x00000000ecf00000, 0x00000000ed000000, 0x00000000ed000000|100%| E|CS|TAMS 0x00000000ecf00000, 0x00000000ecf00000| Complete 
| 208|0x00000000ed000000, 0x00000000ed100000, 0x00000000ed100000|100%| E|CS|TAMS 0x00000000ed000000, 0x00000000ed000000| Complete 
| 209|0x00000000ed100000, 0x00000000ed200000, 0x00000000ed200000|100%| E|CS|TAMS 0x00000000ed100000, 0x00000000ed100000| Complete 
| 210|0x00000000ed200000, 0x00000000ed300000, 0x00000000ed300000|100%| E|CS|TAMS 0x00000000ed200000, 0x00000000ed200000| Complete 
| 211|0x00000000ed300000, 0x00000000ed400000, 0x00000000ed400000|100%| E|CS|TAMS 0x00000000ed300000, 0x00000000ed300000| Complete 
| 212|0x00000000ed400000, 0x00000000ed500000, 0x00000000ed500000|100%| E|CS|TAMS 0x00000000ed400000, 0x00000000ed400000| Complete 
| 213|0x00000000ed500000, 0x00000000ed600000, 0x00000000ed600000|100%| E|CS|TAMS 0x00000000ed500000, 0x00000000ed500000| Complete 
| 214|0x00000000ed600000, 0x00000000ed700000, 0x00000000ed700000|100%| E|CS|TAMS 0x00000000ed600000, 0x00000000ed600000| Complete 
| 215|0x00000000ed700000, 0x00000000ed800000, 0x00000000ed800000|100%| E|CS|TAMS 0x00000000ed700000, 0x00000000ed700000| Complete 
| 216|0x00000000ed800000, 0x00000000ed900000, 0x00000000ed900000|100%| E|CS|TAMS 0x00000000ed800000, 0x00000000ed800000| Complete 
| 217|0x00000000ed900000, 0x00000000eda00000, 0x00000000eda00000|100%| E|CS|TAMS 0x00000000ed900000, 0x00000000ed900000| Complete 
| 218|0x00000000eda00000, 0x00000000edb00000, 0x00000000edb00000|100%| E|CS|TAMS 0x00000000eda00000, 0x00000000eda00000| Complete 
| 219|0x00000000edb00000, 0x00000000edc00000, 0x00000000edc00000|100%| E|CS|TAMS 0x00000000edb00000, 0x00000000edb00000| Complete 
| 220|0x00000000edc00000, 0x00000000edd00000, 0x00000000edd00000|100%| E|CS|TAMS 0x00000000edc00000, 0x00000000edc00000| Complete 
| 221|0x00000000edd00000, 0x00000000ede00000, 0x00000000ede00000|100%| E|CS|TAMS 0x00000000edd00000, 0x00000000edd00000| Complete 
| 222|0x00000000ede00000, 0x00000000edf00000, 0x00000000edf00000|100%| E|CS|TAMS 0x00000000ede00000, 0x00000000ede00000| Complete 
| 223|0x00000000edf00000, 0x00000000ee000000, 0x00000000ee000000|100%| E|CS|TAMS 0x00000000edf00000, 0x00000000edf00000| Complete 
| 224|0x00000000ee000000, 0x00000000ee100000, 0x00000000ee100000|100%| E|CS|TAMS 0x00000000ee000000, 0x00000000ee000000| Complete 
| 225|0x00000000ee100000, 0x00000000ee200000, 0x00000000ee200000|100%| E|CS|TAMS 0x00000000ee100000, 0x00000000ee100000| Complete 
| 226|0x00000000ee200000, 0x00000000ee300000, 0x00000000ee300000|100%| E|  |TAMS 0x00000000ee200000, 0x00000000ee200000| Complete 
| 227|0x00000000ee300000, 0x00000000ee400000, 0x00000000ee400000|100%| E|CS|TAMS 0x00000000ee300000, 0x00000000ee300000| Complete 
| 228|0x00000000ee400000, 0x00000000ee500000, 0x00000000ee500000|100%| E|CS|TAMS 0x00000000ee400000, 0x00000000ee400000| Complete 
| 229|0x00000000ee500000, 0x00000000ee600000, 0x00000000ee600000|100%| E|CS|TAMS 0x00000000ee500000, 0x00000000ee500000| Complete 
| 230|0x00000000ee600000, 0x00000000ee700000, 0x00000000ee700000|100%| E|CS|TAMS 0x00000000ee600000, 0x00000000ee600000| Complete 
| 231|0x00000000ee700000, 0x00000000ee800000, 0x00000000ee800000|100%| E|CS|TAMS 0x00000000ee700000, 0x00000000ee700000| Complete 
| 232|0x00000000ee800000, 0x00000000ee900000, 0x00000000ee900000|100%| E|CS|TAMS 0x00000000ee800000, 0x00000000ee800000| Complete 
| 233|0x00000000ee900000, 0x00000000eea00000, 0x00000000eea00000|100%| E|CS|TAMS 0x00000000ee900000, 0x00000000ee900000| Complete 
| 234|0x00000000eea00000, 0x00000000eeb00000, 0x00000000eeb00000|100%| E|CS|TAMS 0x00000000eea00000, 0x00000000eea00000| Complete 
| 235|0x00000000eeb00000, 0x00000000eec00000, 0x00000000eec00000|100%| E|CS|TAMS 0x00000000eeb00000, 0x00000000eeb00000| Complete 
| 236|0x00000000eec00000, 0x00000000eed00000, 0x00000000eed00000|100%| E|CS|TAMS 0x00000000eec00000, 0x00000000eec00000| Complete 
| 237|0x00000000eed00000, 0x00000000eee00000, 0x00000000eee00000|100%| E|CS|TAMS 0x00000000eed00000, 0x00000000eed00000| Complete 
| 238|0x00000000eee00000, 0x00000000eef00000, 0x00000000eef00000|100%| E|CS|TAMS 0x00000000eee00000, 0x00000000eee00000| Complete 
| 239|0x00000000eef00000, 0x00000000ef000000, 0x00000000ef000000|100%| E|CS|TAMS 0x00000000eef00000, 0x00000000eef00000| Complete 
| 240|0x00000000ef000000, 0x00000000ef100000, 0x00000000ef100000|100%| E|CS|TAMS 0x00000000ef000000, 0x00000000ef000000| Complete 
| 241|0x00000000ef100000, 0x00000000ef200000, 0x00000000ef200000|100%| E|CS|TAMS 0x00000000ef100000, 0x00000000ef100000| Complete 
| 242|0x00000000ef200000, 0x00000000ef300000, 0x00000000ef300000|100%| E|CS|TAMS 0x00000000ef200000, 0x00000000ef200000| Complete 
| 243|0x00000000ef300000, 0x00000000ef400000, 0x00000000ef400000|100%| E|CS|TAMS 0x00000000ef300000, 0x00000000ef300000| Complete 
| 244|0x00000000ef400000, 0x00000000ef500000, 0x00000000ef500000|100%| E|CS|TAMS 0x00000000ef400000, 0x00000000ef400000| Complete 
| 245|0x00000000ef500000, 0x00000000ef600000, 0x00000000ef600000|100%| E|CS|TAMS 0x00000000ef500000, 0x00000000ef500000| Complete 
| 246|0x00000000ef600000, 0x00000000ef700000, 0x00000000ef700000|100%| E|CS|TAMS 0x00000000ef600000, 0x00000000ef600000| Complete 
| 247|0x00000000ef700000, 0x00000000ef800000, 0x00000000ef800000|100%| E|CS|TAMS 0x00000000ef700000, 0x00000000ef700000| Complete 
| 248|0x00000000ef800000, 0x00000000ef900000, 0x00000000ef900000|100%| E|CS|TAMS 0x00000000ef800000, 0x00000000ef800000| Complete 
| 249|0x00000000ef900000, 0x00000000efa00000, 0x00000000efa00000|100%| E|CS|TAMS 0x00000000ef900000, 0x00000000ef900000| Complete 
| 250|0x00000000efa00000, 0x00000000efb00000, 0x00000000efb00000|100%| E|CS|TAMS 0x00000000efa00000, 0x00000000efa00000| Complete 
| 251|0x00000000efb00000, 0x00000000efc00000, 0x00000000efc00000|100%| E|CS|TAMS 0x00000000efb00000, 0x00000000efb00000| Complete 
| 252|0x00000000efc00000, 0x00000000efd00000, 0x00000000efd00000|100%| E|CS|TAMS 0x00000000efc00000, 0x00000000efc00000| Complete 
| 253|0x00000000efd00000, 0x00000000efe00000, 0x00000000efe00000|100%| E|CS|TAMS 0x00000000efd00000, 0x00000000efd00000| Complete 
| 254|0x00000000efe00000, 0x00000000eff00000, 0x00000000eff00000|100%| E|CS|TAMS 0x00000000efe00000, 0x00000000efe00000| Complete 
| 255|0x00000000eff00000, 0x00000000f0000000, 0x00000000f0000000|100%| E|CS|TAMS 0x00000000eff00000, 0x00000000eff00000| Complete 

Card table byte_map: [0x0000022ae1240000,0x0000022ae1340000] _byte_map_base: 0x0000022ae0b40000

Marking Bits (Prev, Next): (CMBitMap*) 0x0000022aca3655d0, (CMBitMap*) 0x0000022aca365610
 Prev Bits: [0x0000022ae1440000, 0x0000022ae1c40000)
 Next Bits: [0x0000022ae1c40000, 0x0000022ae2440000)

Polling page: 0x0000022ac9b10000

Metaspace:

Usage:
  Non-class:     39.63 MB used.
      Class:      6.59 MB used.
       Both:     46.23 MB used.

Virtual space:
  Non-class space:       64.00 MB reserved,      39.94 MB ( 62%) committed,  1 nodes.
      Class space:      320.00 MB reserved,       6.81 MB (  2%) committed,  1 nodes.
             Both:      384.00 MB reserved,      46.75 MB ( 12%) committed. 

Chunk freelists:
   Non-Class:  7.36 MB
       Class:  9.00 MB
        Both:  16.36 MB

MaxMetaspaceSize: 384.00 MB
CompressedClassSpaceSize: 320.00 MB
Initial GC threshold: 21.00 MB
Current GC threshold: 58.88 MB
CDS: on
MetaspaceReclaimPolicy: balanced
 - commit_granule_bytes: 65536.
 - commit_granule_words: 8192.
 - virtual_space_node_default_size: 8388608.
 - enlarge_chunks_in_place: 1.
 - new_chunks_are_fully_committed: 0.
 - uncommit_free_chunks: 1.
 - use_allocation_guard: 0.
 - handle_deallocations: 1.


Internal statistics:

num_allocs_failed_limit: 6.
num_arena_births: 562.
num_arena_deaths: 0.
num_vsnodes_births: 2.
num_vsnodes_deaths: 0.
num_space_committed: 748.
num_space_uncommitted: 0.
num_chunks_returned_to_freelist: 6.
num_chunks_taken_from_freelist: 2450.
num_chunk_merges: 6.
num_chunk_splits: 1610.
num_chunks_enlarged: 1100.
num_inconsistent_stats: 0.

CodeHeap 'non-profiled nmethods': size=120000Kb used=2693Kb max_used=3066Kb free=117306Kb
 bounds [0x0000022ad96c0000, 0x0000022ad99c0000, 0x0000022ae0bf0000]
CodeHeap 'profiled nmethods': size=120000Kb used=8907Kb max_used=9628Kb free=111092Kb
 bounds [0x0000022ad1bf0000, 0x0000022ad2560000, 0x0000022ad9120000]
CodeHeap 'non-nmethods': size=5760Kb used=2330Kb max_used=2365Kb free=3429Kb
 bounds [0x0000022ad9120000, 0x0000022ad9390000, 0x0000022ad96c0000]
 total_blobs=5643 nmethods=4798 adapters=757
 compilation: enabled
              stopped_count=0, restarted_count=0
 full_count=0

Compilation events (20 events):
Event: 8.813 Thread 0x0000022ae50ac070 5607       1       com.google.common.collect.ImmutableCollection::internalArray (2 bytes)
Event: 8.813 Thread 0x0000022ae50ac070 nmethod 5607 0x0000022ad9781990 code [0x0000022ad9781b20, 0x0000022ad9781bf8]
Event: 8.814 Thread 0x0000022a80344700 nmethod 5605 0x0000022ad9781590 code [0x0000022ad9781720, 0x0000022ad9781858]
Event: 8.814 Thread 0x0000022a80344700 5593       4       java.util.regex.Pattern::compile (500 bytes)
Event: 8.814 Thread 0x0000022ae50ac070 5608       3       org.objectweb.asm.SymbolTable::addMergedType (164 bytes)
Event: 8.815 Thread 0x0000022ae50ac070 nmethod 5608 0x0000022ad21bd990 code [0x0000022ad21bdba0, 0x0000022ad21be1b8]
Event: 8.815 Thread 0x0000022ae50ac070 5609       3       org.gradle.internal.service.DefaultServiceRegistry::get (44 bytes)
Event: 8.816 Thread 0x0000022ae50ac070 nmethod 5609 0x0000022ad21bbe90 code [0x0000022ad21bc1a0, 0x0000022ad21bd3a8]
Event: 8.823 Thread 0x0000022ae50ac070 5610       3       java.lang.invoke.LambdaFormBuffer::growNames (281 bytes)
Event: 8.824 Thread 0x0000022ae50ac070 nmethod 5610 0x0000022ad22e8c10 code [0x0000022ad22e8ec0, 0x0000022ad22e9fb8]
Event: 8.828 Thread 0x0000022ae50ac070 5612       3       jdk.internal.util.ArraysSupport::mismatch (73 bytes)
Event: 8.828 Thread 0x0000022ae50ac070 nmethod 5612 0x0000022ad21bb610 code [0x0000022ad21bb7e0, 0x0000022ad21bbbf8]
Event: 8.846 Thread 0x0000022ae50ac070 5613       3       org.gradle.internal.snapshot.impl.AbstractValueProcessor::processValue (402 bytes)
Event: 8.847 Thread 0x0000022ae50ac070 nmethod 5613 0x0000022ad1ce3790 code [0x0000022ad1ce3dc0, 0x0000022ad1ce80d8]
Event: 8.850 Thread 0x0000022ae50ac070 5614       3       sun.reflect.generics.tree.TypeVariableSignature::make (9 bytes)
Event: 8.850 Thread 0x0000022ae50ac070 nmethod 5614 0x0000022ad22e8710 code [0x0000022ad22e88c0, 0x0000022ad22e8b18]
Event: 8.850 Thread 0x0000022ae50ac070 5615       3       sun.reflect.generics.tree.TypeVariableSignature::<init> (10 bytes)
Event: 8.850 Thread 0x0000022ae50ac070 nmethod 5615 0x0000022ad22e8310 code [0x0000022ad22e84a0, 0x0000022ad22e8658]
Event: 8.851 Thread 0x0000022ae50ac070 5616       1       org.gradle.internal.instantiation.generator.AbstractClassGenerator::getRoleHandler (5 bytes)
Event: 8.851 Thread 0x0000022ae50ac070 nmethod 5616 0x0000022ad9781290 code [0x0000022ad9781420, 0x0000022ad97814f8]

GC Heap History (10 events):
Event: 0.398 GC heap before
{Heap before GC invocations=0 (full 0):
 garbage-first heap   total 262144K, used 23552K [0x00000000e0000000, 0x0000000100000000)
  region size 1024K, 23 young (23552K), 0 survivors (0K)
 Metaspace       used 1082K, committed 1216K, reserved 393216K
  class space    used 73K, committed 128K, reserved 327680K
}
Event: 0.401 GC heap after
{Heap after GC invocations=1 (full 0):
 garbage-first heap   total 262144K, used 3923K [0x00000000e0000000, 0x0000000100000000)
  region size 1024K, 3 young (3072K), 3 survivors (3072K)
 Metaspace       used 1082K, committed 1216K, reserved 393216K
  class space    used 73K, committed 128K, reserved 327680K
}
Event: 1.218 GC heap before
{Heap before GC invocations=1 (full 0):
 garbage-first heap   total 262144K, used 40787K [0x00000000e0000000, 0x0000000100000000)
  region size 1024K, 36 young (36864K), 3 survivors (3072K)
 Metaspace       used 4381K, committed 4544K, reserved 393216K
  class space    used 547K, committed 640K, reserved 327680K
}
Event: 1.222 GC heap after
{Heap after GC invocations=2 (full 0):
 garbage-first heap   total 262144K, used 11154K [0x00000000e0000000, 0x0000000100000000)
  region size 1024K, 5 young (5120K), 5 survivors (5120K)
 Metaspace       used 4381K, committed 4544K, reserved 393216K
  class space    used 547K, committed 640K, reserved 327680K
}
Event: 2.045 GC heap before
{Heap before GC invocations=2 (full 0):
 garbage-first heap   total 262144K, used 60306K [0x00000000e0000000, 0x0000000100000000)
  region size 1024K, 51 young (52224K), 5 survivors (5120K)
 Metaspace       used 5159K, committed 5312K, reserved 393216K
  class space    used 682K, committed 768K, reserved 327680K
}
Event: 2.049 GC heap after
{Heap after GC invocations=3 (full 0):
 garbage-first heap   total 262144K, used 17091K [0x00000000e0000000, 0x0000000100000000)
  region size 1024K, 5 young (5120K), 5 survivors (5120K)
 Metaspace       used 5159K, committed 5312K, reserved 393216K
  class space    used 682K, committed 768K, reserved 327680K
}
Event: 4.657 GC heap before
{Heap before GC invocations=3 (full 0):
 garbage-first heap   total 262144K, used 121539K [0x00000000e0000000, 0x0000000100000000)
  region size 1024K, 108 young (110592K), 5 survivors (5120K)
 Metaspace       used 21101K, committed 21504K, reserved 393216K
  class space    used 3099K, committed 3264K, reserved 327680K
}
Event: 4.666 GC heap after
{Heap after GC invocations=4 (full 0):
 garbage-first heap   total 262144K, used 24304K [0x00000000e0000000, 0x0000000100000000)
  region size 1024K, 12 young (12288K), 12 survivors (12288K)
 Metaspace       used 21101K, committed 21504K, reserved 393216K
  class space    used 3099K, committed 3264K, reserved 327680K
}
Event: 7.068 GC heap before
{Heap before GC invocations=5 (full 0):
 garbage-first heap   total 262144K, used 148208K [0x00000000e0000000, 0x0000000100000000)
  region size 1024K, 130 young (133120K), 12 survivors (12288K)
 Metaspace       used 35655K, committed 36096K, reserved 393216K
  class space    used 4972K, committed 5184K, reserved 327680K
}
Event: 7.078 GC heap after
{Heap after GC invocations=6 (full 0):
 garbage-first heap   total 262144K, used 33009K [0x00000000e0000000, 0x0000000100000000)
  region size 1024K, 16 young (16384K), 16 survivors (16384K)
 Metaspace       used 35655K, committed 36096K, reserved 393216K
  class space    used 4972K, committed 5184K, reserved 327680K
}

Deoptimization events (20 events):
Event: 8.630 Thread 0x0000022a83622030 Uncommon trap: trap_request=0xffffff45 fr.pc=0x0000022ad97f42e0 relative=0x0000000000000240
Event: 8.630 Thread 0x0000022a83622030 Uncommon trap: reason=unstable_if action=reinterpret pc=0x0000022ad97f42e0 method=java.util.concurrent.ConcurrentHashMap.get(Ljava/lang/Object;)Ljava/lang/Object; @ 86 c2
Event: 8.630 Thread 0x0000022a83622030 DEOPT PACKING pc=0x0000022ad97f42e0 sp=0x000000ddb62fe030
Event: 8.630 Thread 0x0000022a83622030 DEOPT UNPACKING pc=0x0000022ad91723a3 sp=0x000000ddb62fdfa8 mode 2
Event: 8.635 Thread 0x0000022a83623470 DEOPT PACKING pc=0x0000022ad1ff2adc sp=0x000000ddb69fcc60
Event: 8.635 Thread 0x0000022a83623470 DEOPT UNPACKING pc=0x0000022ad9172b43 sp=0x000000ddb69fc1e0 mode 0
Event: 8.657 Thread 0x0000022a83628f90 DEOPT PACKING pc=0x0000022ad1ff2adc sp=0x000000ddb63fc590
Event: 8.657 Thread 0x0000022a83628f90 DEOPT UNPACKING pc=0x0000022ad9172b43 sp=0x000000ddb63fbb10 mode 0
Event: 8.682 Thread 0x0000022a836248b0 DEOPT PACKING pc=0x0000022ad1ff2adc sp=0x000000ddb64fd3b0
Event: 8.682 Thread 0x0000022a83623470 DEOPT PACKING pc=0x0000022ad1ff2adc sp=0x000000ddb69fd450
Event: 8.682 Thread 0x0000022a83623470 DEOPT UNPACKING pc=0x0000022ad9172b43 sp=0x000000ddb69fc9d0 mode 0
Event: 8.682 Thread 0x0000022a836248b0 DEOPT UNPACKING pc=0x0000022ad9172b43 sp=0x000000ddb64fc930 mode 0
Event: 8.837 Thread 0x0000022a80406830 Uncommon trap: trap_request=0xffffff45 fr.pc=0x0000022ad992e618 relative=0x00000000000002d8
Event: 8.837 Thread 0x0000022a80406830 Uncommon trap: reason=unstable_if action=reinterpret pc=0x0000022ad992e618 method=java.io.WinNTFileSystem.prefixLength(Ljava/lang/String;)I @ 42 c2
Event: 8.837 Thread 0x0000022a80406830 DEOPT PACKING pc=0x0000022ad992e618 sp=0x000000ddb2df63a0
Event: 8.837 Thread 0x0000022a80406830 DEOPT UNPACKING pc=0x0000022ad91723a3 sp=0x000000ddb2df6318 mode 2
Event: 8.850 Thread 0x0000022a80406830 Uncommon trap: trap_request=0xffffff45 fr.pc=0x0000022ad970f43c relative=0x000000000000035c
Event: 8.850 Thread 0x0000022a80406830 Uncommon trap: reason=unstable_if action=reinterpret pc=0x0000022ad970f43c method=com.google.common.reflect.TypeResolver$TypeVariableKey.equalsTypeVariable(Ljava/lang/reflect/TypeVariable;)Z @ 39 c2
Event: 8.850 Thread 0x0000022a80406830 DEOPT PACKING pc=0x0000022ad970f43c sp=0x000000ddb2df5520
Event: 8.850 Thread 0x0000022a80406830 DEOPT UNPACKING pc=0x0000022ad91723a3 sp=0x000000ddb2df54d0 mode 2

Classes unloaded (0 events):
No events

Classes redefined (0 events):
No events

Internal exceptions (20 events):
Event: 7.989 Thread 0x0000022a80406830 Exception <a 'java/lang/NoSuchMethodError'{0x00000000ec793910}: 'java.lang.Object java.lang.invoke.DirectMethodHandle$Holder.invokeSpecial(java.lang.Object, java.lang.Object, java.lang.Object, java.lang.Object, int)'> (0x00000000ec793910) 
thrown [s\open\src\hotspot\share\interpreter\linkResolver.cpp, line 759]
Event: 7.989 Thread 0x0000022a80406830 Exception <a 'java/lang/NoSuchMethodError'{0x00000000ec798220}: 'java.lang.Object java.lang.invoke.Invokers$Holder.linkToTargetMethod(java.lang.Object, java.lang.Object, int, java.lang.Object)'> (0x00000000ec798220) 
thrown [s\open\src\hotspot\share\interpreter\linkResolver.cpp, line 759]
Event: 8.032 Thread 0x0000022a80406830 Exception <a 'java/lang/NoSuchMethodError'{0x00000000ec421428}: 'int java.lang.invoke.DirectMethodHandle$Holder.invokeSpecialIFC(java.lang.Object, java.lang.Object, java.lang.Object)'> (0x00000000ec421428) 
thrown [s\open\src\hotspot\share\interpreter\linkResolver.cpp, line 759]
Event: 8.097 Thread 0x0000022a80406830 Exception <a 'java/lang/NoSuchMethodError'{0x00000000ec066788}: 'java.lang.Object java.lang.invoke.DirectMethodHandle$Holder.newInvokeSpecial(java.lang.Object, java.lang.Object, java.lang.Object, java.lang.Object, int)'> (0x00000000ec066788) 
thrown [s\open\src\hotspot\share\interpreter\linkResolver.cpp, line 759]
Event: 8.097 Thread 0x0000022a80406830 Exception <a 'java/lang/NoSuchMethodError'{0x00000000ec06ba68}: 'java.lang.Object java.lang.invoke.DirectMethodHandle$Holder.invokeSpecial(java.lang.Object, java.lang.Object, java.lang.Object, java.lang.Object, java.lang.Object, int)'> (0x00000000ec06ba68) 
thrown [s\open\src\hotspot\share\interpreter\linkResolver.cpp, line 759]
Event: 8.098 Thread 0x0000022a80406830 Exception <a 'java/lang/NoSuchMethodError'{0x00000000ec0706f8}: 'java.lang.Object java.lang.invoke.Invokers$Holder.linkToTargetMethod(java.lang.Object, java.lang.Object, java.lang.Object, int, java.lang.Object)'> (0x00000000ec0706f8) 
thrown [s\open\src\hotspot\share\interpreter\linkResolver.cpp, line 759]
Event: 8.103 Thread 0x0000022a80406830 Exception <a 'java/lang/NoSuchMethodError'{0x00000000ec0accf8}: 'void java.lang.invoke.DirectMethodHandle$Holder.invokeSpecial(java.lang.Object, java.lang.Object, java.lang.Object, java.lang.Object, java.lang.Object, java.lang.Object)'> (0x00000000ec0accf8) 
thrown [s\open\src\hotspot\share\interpreter\linkResolver.cpp, line 759]
Event: 8.107 Thread 0x0000022a80406830 Exception <a 'java/lang/NoSuchMethodError'{0x00000000ec0ea4c0}: 'void java.lang.invoke.DirectMethodHandle$Holder.invokeStatic(java.lang.Object, java.lang.Object, java.lang.Object, int, java.lang.Object)'> (0x00000000ec0ea4c0) 
thrown [s\open\src\hotspot\share\interpreter\linkResolver.cpp, line 759]
Event: 8.123 Thread 0x0000022a80406830 Exception <a 'java/lang/NoSuchMethodError'{0x00000000ebec4e68}: 'int java.lang.invoke.DirectMethodHandle$Holder.invokeInterface(java.lang.Object, java.lang.Object, java.lang.Object, java.lang.Object, java.lang.Object)'> (0x00000000ebec4e68) 
thrown [s\open\src\hotspot\share\interpreter\linkResolver.cpp, line 759]
Event: 8.242 Thread 0x0000022a80406830 Exception <a 'java/lang/NoSuchMethodError'{0x00000000eb7b2e28}: 'int java.lang.invoke.DirectMethodHandle$Holder.invokeInterface(java.lang.Object, java.lang.Object, java.lang.Object, java.lang.Object)'> (0x00000000eb7b2e28) 
thrown [s\open\src\hotspot\share\interpreter\linkResolver.cpp, line 759]
Event: 8.270 Thread 0x0000022a80406830 Exception <a 'java/lang/NoSuchMethodError'{0x00000000eb58ed68}: 'java.lang.Object java.lang.invoke.DirectMethodHandle$Holder.invokeStatic(java.lang.Object, long, java.lang.Object)'> (0x00000000eb58ed68) 
thrown [s\open\src\hotspot\share\interpreter\linkResolver.cpp, line 759]
Event: 8.271 Thread 0x0000022a80406830 Exception <a 'java/lang/NoSuchMethodError'{0x00000000eb596aa0}: 'java.lang.Object java.lang.invoke.DirectMethodHandle$Holder.newInvokeSpecial(java.lang.Object, long)'> (0x00000000eb596aa0) 
thrown [s\open\src\hotspot\share\interpreter\linkResolver.cpp, line 759]
Event: 8.279 Thread 0x0000022a80406830 Exception <a 'java/lang/NoSuchMethodError'{0x00000000eb407d40}: 'java.lang.Object java.lang.invoke.Invokers$Holder.linkToTargetMethod(java.lang.Object, java.lang.Object, java.lang.Object, java.lang.Object, long, java.lang.Object, java.lang.Object)'> (0x00000000eb407d40) 
thrown [s\open\src\hotspot\share\interpreter\linkResolver.cpp, line 759]
Event: 8.284 Thread 0x0000022a80406830 Exception <a 'java/lang/NoSuchMethodError'{0x00000000eb44dfe0}: 'java.lang.Object java.lang.invoke.DirectMethodHandle$Holder.newInvokeSpecial(java.lang.Object, java.lang.Object, java.lang.Object, long, java.lang.Object)'> (0x00000000eb44dfe0) 
thrown [s\open\src\hotspot\share\interpreter\linkResolver.cpp, line 759]
Event: 8.284 Thread 0x0000022a80406830 Exception <a 'java/lang/NoSuchMethodError'{0x00000000eb453110}: 'java.lang.Object java.lang.invoke.DirectMethodHandle$Holder.invokeSpecial(java.lang.Object, java.lang.Object, java.lang.Object, java.lang.Object, long, java.lang.Object)'> (0x00000000eb453110) 
thrown [s\open\src\hotspot\share\interpreter\linkResolver.cpp, line 759]
Event: 8.284 Thread 0x0000022a80406830 Exception <a 'java/lang/NoSuchMethodError'{0x00000000eb457650}: 'java.lang.Object java.lang.invoke.Invokers$Holder.linkToTargetMethod(java.lang.Object, java.lang.Object, long, java.lang.Object, java.lang.Object)'> (0x00000000eb457650) 
thrown [s\open\src\hotspot\share\interpreter\linkResolver.cpp, line 759]
Event: 8.326 Thread 0x0000022a80406830 Exception <a 'java/lang/NoSuchMethodError'{0x00000000eb273c08}: 'java.lang.Object java.lang.invoke.DirectMethodHandle$Holder.invokeSpecial(java.lang.Object, java.lang.Object, long, java.lang.Object, java.lang.Object)'> (0x00000000eb273c08) 
thrown [s\open\src\hotspot\share\interpreter\linkResolver.cpp, line 759]
Event: 8.511 Thread 0x0000022a80406830 Exception <a 'java/lang/NoSuchMethodError'{0x00000000eaaad1f0}: 'java.lang.Object java.lang.invoke.DirectMethodHandle$Holder.newInvokeSpecial(java.lang.Object, java.lang.Object, java.lang.Object, java.lang.Object, int, java.lang.Object)'> (0x00000000eaaad1f0) 
thrown [s\open\src\hotspot\share\interpreter\linkResolver.cpp, line 759]
Event: 8.511 Thread 0x0000022a80406830 Exception <a 'java/lang/NoSuchMethodError'{0x00000000eaab5d48}: 'java.lang.Object java.lang.invoke.Invokers$Holder.linkToTargetMethod(java.lang.Object, java.lang.Object, java.lang.Object, int, java.lang.Object, java.lang.Object)'> (0x00000000eaab5d48) 
thrown [s\open\src\hotspot\share\interpreter\linkResolver.cpp, line 759]
Event: 8.627 Thread 0x0000022a80406830 Exception <a 'java/lang/NoSuchMethodError'{0x00000000ea190990}: 'java.lang.Object java.lang.invoke.DirectMethodHandle$Holder.invokeSpecialIFC(java.lang.Object, java.lang.Object, java.lang.Object)'> (0x00000000ea190990) 
thrown [s\open\src\hotspot\share\interpreter\linkResolver.cpp, line 759]

VM Operations (20 events):
Event: 7.421 Executing VM operation: HandshakeAllThreads
Event: 7.421 Executing VM operation: HandshakeAllThreads done
Event: 7.608 Executing VM operation: ICBufferFull
Event: 7.609 Executing VM operation: ICBufferFull done
Event: 8.161 Executing VM operation: ICBufferFull
Event: 8.161 Executing VM operation: ICBufferFull done
Event: 8.183 Executing VM operation: HandshakeAllThreads
Event: 8.183 Executing VM operation: HandshakeAllThreads done
Event: 8.200 Executing VM operation: HandshakeAllThreads
Event: 8.200 Executing VM operation: HandshakeAllThreads done
Event: 8.208 Executing VM operation: HandshakeAllThreads
Event: 8.208 Executing VM operation: HandshakeAllThreads done
Event: 8.241 Executing VM operation: HandshakeAllThreads
Event: 8.241 Executing VM operation: HandshakeAllThreads done
Event: 8.398 Executing VM operation: ICBufferFull
Event: 8.398 Executing VM operation: ICBufferFull done
Event: 8.507 Executing VM operation: HandshakeAllThreads
Event: 8.507 Executing VM operation: HandshakeAllThreads done
Event: 8.690 Executing VM operation: ICBufferFull
Event: 8.691 Executing VM operation: ICBufferFull done

Events (20 events):
Event: 8.830 loading class javax/xml/parsers/DocumentBuilderFactory
Event: 8.831 loading class javax/xml/parsers/DocumentBuilderFactory done
Event: 8.831 loading class javax/xml/parsers/FactoryFinder
Event: 8.831 loading class javax/xml/parsers/FactoryFinder done
Event: 8.832 loading class javax/xml/parsers/FactoryFinder$1
Event: 8.832 loading class javax/xml/parsers/FactoryFinder$1 done
Event: 8.833 loading class com/sun/org/apache/xerces/internal/jaxp/DocumentBuilderFactoryImpl
Event: 8.834 loading class com/sun/org/apache/xerces/internal/jaxp/DocumentBuilderFactoryImpl done
Event: 8.834 loading class com/sun/org/apache/xerces/internal/utils/XMLSecurityManager
Event: 8.834 loading class com/sun/org/apache/xerces/internal/utils/XMLSecurityManager done
Event: 8.834 loading class com/sun/org/apache/xerces/internal/utils/XMLSecurityManager$Limit
Event: 8.835 loading class com/sun/org/apache/xerces/internal/utils/XMLSecurityManager$Limit done
Event: 8.835 loading class com/sun/org/apache/xerces/internal/utils/XMLSecurityManager$NameMap
Event: 8.835 loading class com/sun/org/apache/xerces/internal/utils/XMLSecurityManager$NameMap done
Event: 8.835 loading class com/sun/org/apache/xerces/internal/utils/XMLSecurityPropertyManager
Event: 8.836 loading class com/sun/org/apache/xerces/internal/utils/XMLSecurityPropertyManager done
Event: 8.836 loading class com/sun/org/apache/xerces/internal/utils/XMLSecurityPropertyManager$State
Event: 8.836 loading class com/sun/org/apache/xerces/internal/utils/XMLSecurityPropertyManager$State done
Event: 8.837 loading class com/sun/org/apache/xerces/internal/utils/XMLSecurityPropertyManager$Property
Event: 8.837 loading class com/sun/org/apache/xerces/internal/utils/XMLSecurityPropertyManager$Property done


Dynamic libraries:
0x00007ff6f3bc0000 - 0x00007ff6f3bd0000 	C:\Program Files\Java\jdk-17\bin\java.exe
0x00007ffd59ec0000 - 0x00007ffd5a0c9000 	C:\windows\SYSTEM32\ntdll.dll
0x00007ffd58910000 - 0x00007ffd589cd000 	C:\windows\System32\KERNEL32.DLL
0x00007ffd574e0000 - 0x00007ffd57864000 	C:\windows\System32\KERNELBASE.dll
0x00007ffd57350000 - 0x00007ffd57461000 	C:\windows\System32\ucrtbase.dll
0x00007ffd05fd0000 - 0x00007ffd05feb000 	C:\Program Files\Java\jdk-17\bin\VCRUNTIME140.dll
0x00007ffcff510000 - 0x00007ffcff529000 	C:\Program Files\Java\jdk-17\bin\jli.dll
0x00007ffd57e40000 - 0x00007ffd57eee000 	C:\windows\System32\ADVAPI32.dll
0x00007ffd57d10000 - 0x00007ffd57db3000 	C:\windows\System32\msvcrt.dll
0x00007ffd586c0000 - 0x00007ffd5875e000 	C:\windows\System32\sechost.dll
0x00007ffd59a50000 - 0x00007ffd59b71000 	C:\windows\System32\RPCRT4.dll
0x00007ffd58760000 - 0x00007ffd5890d000 	C:\windows\System32\USER32.dll
0x00007ffd57bc0000 - 0x00007ffd57be6000 	C:\windows\System32\win32u.dll
0x00007ffd59df0000 - 0x00007ffd59e1a000 	C:\windows\System32\GDI32.dll
0x00007ffd35140000 - 0x00007ffd353e5000 	C:\windows\WinSxS\amd64_microsoft.windows.common-controls_6595b64144ccf1df_6.0.22000.120_none_9d947278b86cc467\COMCTL32.dll
0x00007ffd57bf0000 - 0x00007ffd57d0e000 	C:\windows\System32\gdi32full.dll
0x00007ffd57b20000 - 0x00007ffd57bbd000 	C:\windows\System32\msvcp_win.dll
0x00007ffd49a70000 - 0x00007ffd49a7a000 	C:\windows\SYSTEM32\VERSION.dll
0x00007ffd58aa0000 - 0x00007ffd58ad1000 	C:\windows\System32\IMM32.DLL
0x00007ffd4c7d0000 - 0x00007ffd4c7dc000 	C:\Program Files\Java\jdk-17\bin\vcruntime140_1.dll
0x00007ffcf5190000 - 0x00007ffcf521e000 	C:\Program Files\Java\jdk-17\bin\msvcp140.dll
0x00007ffcbaa30000 - 0x00007ffcbb60f000 	C:\Program Files\Java\jdk-17\bin\server\jvm.dll
0x00007ffd57fa0000 - 0x00007ffd57fa8000 	C:\windows\System32\PSAPI.DLL
0x00007ffd4c790000 - 0x00007ffd4c7c3000 	C:\windows\SYSTEM32\WINMM.dll
0x00007ffd22ff0000 - 0x00007ffd22ff9000 	C:\windows\SYSTEM32\WSOCK32.dll
0x00007ffd59d80000 - 0x00007ffd59def000 	C:\windows\System32\ws2_32.DLL
0x00007ffd563a0000 - 0x00007ffd563b8000 	C:\windows\SYSTEM32\kernel.appcore.dll
0x00007ffd39f60000 - 0x00007ffd39f6a000 	C:\Program Files\Java\jdk-17\bin\jimage.dll
0x00007ffd54a60000 - 0x00007ffd54c81000 	C:\windows\SYSTEM32\DBGHELP.DLL
0x00007ffd38cc0000 - 0x00007ffd38cf1000 	C:\windows\SYSTEM32\dbgcore.DLL
0x00007ffd57aa0000 - 0x00007ffd57b1f000 	C:\windows\System32\bcryptPrimitives.dll
0x00007ffd057c0000 - 0x00007ffd057ce000 	C:\Program Files\Java\jdk-17\bin\instrument.dll
0x00007ffcf4df0000 - 0x00007ffcf4e15000 	C:\Program Files\Java\jdk-17\bin\java.dll
0x00007ffcf4d10000 - 0x00007ffcf4de7000 	C:\Program Files\Java\jdk-17\bin\jsvml.dll
0x00007ffd59190000 - 0x00007ffd59955000 	C:\windows\System32\SHELL32.dll
0x00007ffd553e0000 - 0x00007ffd55c42000 	C:\windows\SYSTEM32\windows.storage.dll
0x00007ffd57fc0000 - 0x00007ffd58336000 	C:\windows\System32\combase.dll
0x00007ffd55270000 - 0x00007ffd553d7000 	C:\windows\SYSTEM32\wintypes.dll
0x00007ffd585c0000 - 0x00007ffd586aa000 	C:\windows\System32\SHCORE.dll
0x00007ffd59130000 - 0x00007ffd5918d000 	C:\windows\System32\shlwapi.dll
0x00007ffd57280000 - 0x00007ffd572a5000 	C:\windows\SYSTEM32\profapi.dll
0x00007ffcfed80000 - 0x00007ffcfed98000 	C:\Program Files\Java\jdk-17\bin\zip.dll
0x00007ffcf5c00000 - 0x00007ffcf5c19000 	C:\Program Files\Java\jdk-17\bin\net.dll
0x00007ffd52890000 - 0x00007ffd529a4000 	C:\windows\SYSTEM32\WINHTTP.dll
0x00007ffd56870000 - 0x00007ffd568d7000 	C:\windows\system32\mswsock.dll
0x00007ffcf5170000 - 0x00007ffcf5186000 	C:\Program Files\Java\jdk-17\bin\nio.dll
0x00007ffd02500000 - 0x00007ffd02510000 	C:\Program Files\Java\jdk-17\bin\verify.dll
0x00007ffd02ed0000 - 0x00007ffd02ef7000 	C:\Users\HP\.gradle\native\1def1411415f61bf3af743bc5b6707747c0891f09f0c88961ee8f79bc544acac\windows-amd64\native-platform.dll
0x00007ffd3c4b0000 - 0x00007ffd3c528000 	C:\Users\HP\.gradle\native\0.2.6\x86_64-windows-gnu\gradle-fileevents.dll
0x00007ffcfef60000 - 0x00007ffcfef6a000 	C:\Program Files\Java\jdk-17\bin\management.dll
0x00007ffcfef50000 - 0x00007ffcfef5b000 	C:\Program Files\Java\jdk-17\bin\management_ext.dll
0x00007ffd55eb0000 - 0x00007ffd55edd000 	C:\windows\SYSTEM32\IPHLPAPI.DLL
0x00007ffd586b0000 - 0x00007ffd586b9000 	C:\windows\System32\NSI.dll
0x00007ffd527f0000 - 0x00007ffd52809000 	C:\windows\SYSTEM32\dhcpcsvc6.DLL
0x00007ffd52ce0000 - 0x00007ffd52cfe000 	C:\windows\SYSTEM32\dhcpcsvc.DLL
0x00007ffd55ee0000 - 0x00007ffd55fc7000 	C:\windows\SYSTEM32\DNSAPI.dll
0x00007ffd56ab0000 - 0x00007ffd56ac8000 	C:\windows\SYSTEM32\CRYPTSP.dll
0x00007ffd56300000 - 0x00007ffd56335000 	C:\windows\system32\rsaenh.dll
0x00007ffd56960000 - 0x00007ffd5698c000 	C:\windows\SYSTEM32\USERENV.dll
0x00007ffd56ca0000 - 0x00007ffd56cc7000 	C:\windows\SYSTEM32\bcrypt.dll
0x00007ffd56ad0000 - 0x00007ffd56adc000 	C:\windows\SYSTEM32\CRYPTBASE.dll
0x00007ffcfed70000 - 0x00007ffcfed7e000 	C:\Program Files\Java\jdk-17\bin\sunmscapi.dll
0x00007ffd57930000 - 0x00007ffd57a92000 	C:\windows\System32\CRYPT32.dll
0x00007ffd56c70000 - 0x00007ffd56c98000 	C:\windows\SYSTEM32\ncrypt.dll
0x00007ffd56c30000 - 0x00007ffd56c67000 	C:\windows\SYSTEM32\NTASN1.dll
0x00007ffd161e0000 - 0x00007ffd161e8000 	C:\windows\system32\wshunix.dll

dbghelp: loaded successfully - version: 4.0.5 - missing functions: none
symbol engine: initialized successfully - sym options: 0x614 - pdb path: .;C:\Program Files\Java\jdk-17\bin;C:\windows\SYSTEM32;C:\windows\WinSxS\amd64_microsoft.windows.common-controls_6595b64144ccf1df_6.0.22000.120_none_9d947278b86cc467;C:\Program Files\Java\jdk-17\bin\server;C:\Users\HP\.gradle\native\1def1411415f61bf3af743bc5b6707747c0891f09f0c88961ee8f79bc544acac\windows-amd64;C:\Users\HP\.gradle\native\0.2.6\x86_64-windows-gnu

VM Arguments:
jvm_args: --add-opens=java.base/java.lang=ALL-UNNAMED --add-opens=java.base/java.lang.invoke=ALL-UNNAMED --add-opens=java.base/java.util=ALL-UNNAMED --add-opens=java.prefs/java.util.prefs=ALL-UNNAMED --add-exports=jdk.compiler/com.sun.tools.javac.api=ALL-UNNAMED --add-exports=jdk.compiler/com.sun.tools.javac.util=ALL-UNNAMED --add-opens=java.base/java.util=ALL-UNNAMED --add-opens=java.prefs/java.util.prefs=ALL-UNNAMED --add-opens=java.base/java.nio.charset=ALL-UNNAMED --add-opens=java.base/java.net=ALL-UNNAMED --add-opens=java.base/java.util.concurrent.atomic=ALL-UNNAMED --add-opens=java.xml/javax.xml.namespace=ALL-UNNAMED -XX:MaxMetaspaceSize=384m -XX:+HeapDumpOnOutOfMemoryError -Xms256m -Xmx512m -Dfile.encoding=UTF-8 -Duser.country=US -Duser.language=en -Duser.variant -javaagent:C:\Users\HP\.gradle\wrapper\dists\gradle-8.12.1-bin\eumc4uhoysa37zql93vfjkxy0\gradle-8.12.1\lib\agents\gradle-instrumentation-agent-8.12.1.jar 
java_command: org.gradle.launcher.daemon.bootstrap.GradleDaemon 8.12.1
java_class_path (initial): C:\Users\HP\.gradle\wrapper\dists\gradle-8.12.1-bin\eumc4uhoysa37zql93vfjkxy0\gradle-8.12.1\lib\gradle-daemon-main-8.12.1.jar
Launcher Type: SUN_STANDARD

[Global flags]
     intx CICompilerCount                          = 4                                         {product} {ergonomic}
   size_t CompressedClassSpaceSize                 = 335544320                                 {product} {ergonomic}
     uint ConcGCThreads                            = 3                                         {product} {ergonomic}
     uint G1ConcRefinementThreads                  = 10                                        {product} {ergonomic}
   size_t G1HeapRegionSize                         = 1048576                                   {product} {ergonomic}
    uintx GCDrainStackTargetSize                   = 64                                        {product} {ergonomic}
     bool HeapDumpOnOutOfMemoryError               = true                                   {manageable} {command line}
   size_t InitialHeapSize                          = 268435456                                 {product} {command line}
   size_t MarkStackSize                            = 4194304                                   {product} {ergonomic}
   size_t MaxHeapSize                              = 536870912                                 {product} {command line}
   size_t MaxMetaspaceSize                         = 402653184                                 {product} {command line}
   size_t MaxNewSize                               = 321912832                                 {product} {ergonomic}
   size_t MinHeapDeltaBytes                        = 1048576                                   {product} {ergonomic}
   size_t MinHeapSize                              = 268435456                                 {product} {command line}
    uintx NonNMethodCodeHeapSize                   = 5839372                                {pd product} {ergonomic}
    uintx NonProfiledCodeHeapSize                  = 122909434                              {pd product} {ergonomic}
    uintx ProfiledCodeHeapSize                     = 122909434                              {pd product} {ergonomic}
    uintx ReservedCodeCacheSize                    = 251658240                              {pd product} {ergonomic}
     bool SegmentedCodeCache                       = true                                      {product} {ergonomic}
   size_t SoftMaxHeapSize                          = 536870912                              {manageable} {ergonomic}
     bool UseCompressedClassPointers               = true                           {product lp64_product} {ergonomic}
     bool UseCompressedOops                        = true                           {product lp64_product} {ergonomic}
     bool UseG1GC                                  = true                                      {product} {ergonomic}
     bool UseLargePagesIndividualAllocation        = false                                  {pd product} {ergonomic}

Logging:
Log output configuration:
 #0: stdout all=warning uptime,level,tags
 #1: stderr all=off uptime,level,tags

Environment Variables:
PATH=c:\Users\HP\AppData\Local\Programs\cursor\resources\app\bin;E:\orcl_db_home\bin;E:\WINDOWS.X64_193000_db_home\bin;C:\Program Files\Common Files\Oracle\Java\javapath;C:\Program Files (x86)\Common Files\Oracle\Java\java8path;C:\Program Files (x86)\Common Files\Oracle\Java\javapath;C:\windows\system32;C:\windows;C:\windows\System32\Wbem;C:\windows\System32\WindowsPowerShell\v1.0\;C:\windows\System32\OpenSSH\;C:\Program Files (x86)\dotnet\;C:\Program Files\HP\HP One Agent;C:\Program Files\Microsoft SQL Server\Client SDK\ODBC\130\Tools\Binn\;C:\Program Files (x86)\Microsoft SQL Server\140\Tools\Binn\;C:\Program Files\Microsoft SQL Server\140\Tools\Binn\;C:\Program Files\Microsoft SQL Server\140\DTS\Binn\;C:\Program Files (x86)\Microsoft SQL Server\Client SDK\ODBC\130\Tools\Binn\;C:\Program Files (x86)\Microsoft SQL Server\140\DTS\Binn\;C:\Program Files (x86)\Microsoft SQL Server\140\Tools\Binn\ManagementStudio\;C:\Users\HP\AppData\Local\Microsoft\WindowsApps;C:\Program Files\JetBrains\IntelliJ IDEA 2024.2.1\bin;c;C:\Program Files\Git\cmd;C:\Program Files\MySQL\MySQL Shell 8.0\bin\;C:\Users\HP\AppData\Local\Microsoft\WindowsApps;C:\Users\HP\AppData\Local\Programs\Microsoft VS Code\bin;C:\Program Files\JetBrains\IntelliJ IDEA 2024.2.5\bin;
USERNAME=HP
OS=Windows_NT
PROCESSOR_IDENTIFIER=Intel64 Family 6 Model 154 Stepping 4, GenuineIntel



---------------  S Y S T E M  ---------------

OS:
 Windows 11 , 64 bit Build 22000 (10.0.22000.2538)
OS uptime: 0 days 1:02 hours
Hyper-V role detected

CPU: total 12 (initial active 12) (6 cores per cpu, 2 threads per core) family 6 model 154 stepping 4 microcode 0x41e, cx8, cmov, fxsr, ht, mmx, 3dnowpref, sse, sse2, sse3, ssse3, sse4.1, sse4.2, popcnt, lzcnt, tsc, tscinvbit, avx, avx2, aes, erms, clmul, bmi1, bmi2, adx, sha, fma, vzeroupper, clflush, clflushopt, clwb, hv

Memory: 4k page, system-wide physical 7865M (470M free)
TotalPageFile size 19652M (AvailPageFile size 4M)
current process WorkingSet (physical memory assigned to process): 351M, peak: 351M
current process commit charge ("private bytes"): 488M, peak: 489M

vm_info: Java HotSpot(TM) 64-Bit Server VM (17.0.10+11-LTS-240) for windows-amd64 JRE (17.0.10+11-LTS-240), built on Dec 19 2023 21:47:25 by "mach5one" with MS VC++ 17.1 (VS2022)

END.
